Initializing document watcher...
/home/bismarckx/.config/Code/User/profiles/-384ba5b7/settings.json: Using EditorConfig core...
/home/bismarckx/.config/Code/User/profiles/-384ba5b7/settings.json: Using EditorConfig core...
/home/bismarckx/.config/Code/User/profiles/-384ba5b7/settings.json: Using EditorConfig core...
/home/bismarckx/.config/Code/User/profiles/-384ba5b7/settings.json: Using EditorConfig core...
/home/bismarckx/.config/Code/User/profiles/-384ba5b7/settings.json: Using EditorConfig core...
/home/bismarckx/.config/Code/User/profiles/-384ba5b7/settings.json: Using EditorConfig core...
vue/src/components/PostItem.vue: {}
/home/bismarckx/.config/Code/User/profiles/-384ba5b7/settings.json: Using EditorConfig core...
vue/src/components/PostItem.vue: {}
/home/bismarckx/.config/Code/User/profiles/-384ba5b7/settings.json: Using EditorConfig core...
vue/src/components/PostItem.vue: {}
vue/src/components/PostItem.vue: {}
vue/src/App.vue: {}
vue/src/components/Navbar.vue: {}
vue/src/App.vue: {}
vue/src/components/PostList.vue: {}
vue/src/App.vue: {}
vue/src/pages/PostsPage.vue: {}
vue/src/components/UI/MyDialog.vue: {}
vue/src/components/UI/MyDialog.vue: {}
vue/src/App.vue: {}
vue/src/main.js: {}
vue/src/components/UI/MyDialog.vue: {}
vue/src/App.vue: {}
vue/src/components/PostItem.vue: {}
vue/src/App.vue: {}
vue/src/components/PostItem.vue: {}
vue/src/pages/PostsPage.vue: {}
vue/src/components/UI/MyDialog.vue: {}
vue/src/mixins/toggleMixin.js: {}
vue/src/pages/PostsPage.vue: {}
vue/src/mixins/toggleMixin.js: {}
vue/src/pages/PostsPage.vue: {}
vue/src/pages/PostsPage.vue: {}
vue/src/pages/PostsPage.vue: {}
vue/src/pages/PostsPage.vue: Using EditorConfig core...
vue/src/pages/PostsPage.vue: Using EditorConfig core...
vue/src/pages/PostsPage.vue: Using EditorConfig core...
vue/src/pages/PostsPage.vue: {}
vue/src/components/UI/MyDialog.vue: {}
vue/src/components/UI/MyDialog.vue: {}
vue/src/pages/PostsPage.vue: {}
vue/src/pages/PostsPage.vue: Using EditorConfig core...
vue/src/pages/PostsPage.vue: {}
vue/src/pages/PostsPage.vue: Using EditorConfig core...
vue/src/pages/PostsPage.vue: Using EditorConfig core...
vue/src/pages/PostsPage.vue: Using EditorConfig core...
vue/src/pages/PostsPage.vue: Using EditorConfig core...
vue/src/pages/PostsPage.vue: Using EditorConfig core...
vue/src/pages/PostsPage.vue: Using EditorConfig core...
vue/src/pages/PostsPage.vue: Using EditorConfig core...
vue/src/pages/PostsPage.vue: Using EditorConfig core...
vue/src/pages/PostsPage.vue: Using EditorConfig core...
vue/src/pages/PostsPage.vue: Using EditorConfig core...
vue/src/pages/PostsPage.vue: Using EditorConfig core...
vue/src/pages/PostsPage.vue: {}
vue/src/pages/PostsPage.vue: {}
vue/src/pages/PostsPage.vue: Using EditorConfig core...
vue/src/pages/PostsPage.vue: {}
vue/src/pages/PostsPage.vue: Using EditorConfig core...
vue/src/App.vue: {}
vue/src/App.vue: {}
vue/src/pages/PostsPage.vue: {}
vue/src/pages/PostsPage.vue: {}
vue/src/pages/PostsPage.vue: {}
vue/src/components/PostItem.vue: {}
vue/src/pages/PostsPage.vue: {}
vue/src/pages/PostsPage.vue: Using EditorConfig core...
vue/src/pages/PostsPage.vue: {}
vue/src/pages/PostsPage.vue: Using EditorConfig core...
vue/src/pages/PostsPage.vue: {}
vue/src/pages/PostsPage.vue: {}
vue/src/pages/PostsPage.vue: {}
vue/src/router/router.js: {}
/home/bismarckx/.config/Code/User/profiles/-384ba5b7/settings.json: Using EditorConfig core...
/home/bismarckx/.config/Code/User/profiles/-384ba5b7/settings.json: Using EditorConfig core...
vue/src/pages/PostsPage.vue: {}
vue/src/components/PostItem.vue: {}
vue/src/pages/About.vue: {}
vue/src/App.vue: {}
vue/src/components/Navbar.vue: {}
vue/src/Router.js: {}
vue/src/pages/PostsPage.vue: {}
vue/src/components/Navbar.vue: {}
vue/src/Router.js: {}
vue/src/router/router.js: {}
vue/src/pages/PostsPage.vue: {}
vue/src/Router.js: {}
vue/src/components/Navbar.vue: {}
vue/src/components/Navbar.vue: {}
vue/src/components/Navbar.vue: Using EditorConfig core...
vue/src/Router.js: Using EditorConfig core...
vue/src/router/router.js: Using EditorConfig core...
vue/src/components/Navbar.vue: {}
vue/src/components/Navbar.vue: {}
vue/src/components/Navbar.vue: Using EditorConfig core...
vue/src/Router.js: {}
vue/src/Router.js: {}
vue/src/components/Navbar.vue: {}
vue/src/components/Navbar.vue: {}
vue/src/components/Navbar.vue: Using EditorConfig core...
vue/src/components/Navbar.vue: {}
vue/src/components/Navbar.vue: Using EditorConfig core...
vue/src/components/Navbar.vue: Using EditorConfig core...
vue/src/components/Navbar.vue: Using EditorConfig core...
vue/src/Router.js: {}
vue/src/Router.js: {}
vue/src/Router.js: Using EditorConfig core...
vue/src/Router.js: Using EditorConfig core...
vue/src/Router.js: Using EditorConfig core...
vue/src/Router.js: {}
vue/src/components/Navbar.vue: {}
vue/src/components/Navbar.vue: Using EditorConfig core...
vue/src/Router.js: Using EditorConfig core...
vue/src/components/Navbar.vue: Using EditorConfig core...
vue/src/Router.js: {}
vue/src/Router.js: {}
vue/src/Router.js: {}
vue/src/Router.js: {}
vue/src/components/Navbar.vue: {}
vue/src/components/PostItem.vue: {}
vue/src/components/UI/MyButton.vue: {}
vue/src/App.vue: {}
vue/src/components/PostItem.vue: {}
vue/src/components/PostItem.vue: {}
vue/src/components/PostItem.vue: Using EditorConfig core...
vue/src/components/PostItem.vue: Using EditorConfig core...
vue/src/components/PostItem.vue: Using EditorConfig core...
vue/src/components/PostItem.vue: Using EditorConfig core...
vue/src/components/UI/MyButton.vue: {}
vue/src/App.vue: {}
vue/src/components/UI/MyButton.vue: {}
vue/src/components/Navbar.vue: {}
vue/src/Router.js: {}
vue/src/pages/PostsPage.vue: {}
vue/src/router/router.js: {}
vue/src/components/PostItem.vue: {}
vue/src/components/PostItem.vue: {}
vue/src/components/PostItem.vue: {}
vue/src/components/PostList.vue: {}
vue/src/components/PostItem.vue: {}
vue/src/components/PostItem.vue: Using EditorConfig core...
vue/src/components/PostItem.vue: {}
vue/src/components/PostItem.vue: {}
