2023-12-10 12:34:31.659 [info] Log level: Info
2023-12-10 12:34:31.659 [info] Validating found git in: "git"
2023-12-10 12:34:31.659 [info] Using git "2.43.0" from "git"
2023-12-10 12:34:31.659 [info] > git rev-parse --show-toplevel [3ms]
2023-12-10 12:34:31.659 [info] fatal: not a git repository (or any parent up to mount point /)
Stopping at filesystem boundary (GIT_DISCOVERY_ACROSS_FILESYSTEM not set).
2023-12-10 12:34:31.659 [info] > git rev-parse --show-toplevel [3ms]
2023-12-10 12:34:31.659 [info] fatal: not a git repository (or any parent up to mount point /)
Stopping at filesystem boundary (GIT_DISCOVERY_ACROSS_FILESYSTEM not set).
2023-12-10 12:34:31.661 [info] > git rev-parse --show-toplevel [5ms]
2023-12-10 12:34:31.661 [info] fatal: not a git repository (or any parent up to mount point /)
Stopping at filesystem boundary (GIT_DISCOVERY_ACROSS_FILESYSTEM not set).
2023-12-10 12:34:31.674 [info] > git rev-parse --show-toplevel [5ms]
2023-12-10 12:34:31.674 [info] fatal: not a git repository (or any parent up to mount point /)
Stopping at filesystem boundary (GIT_DISCOVERY_ACROSS_FILESYSTEM not set).
2023-12-10 12:34:31.685 [info] > git rev-parse --show-toplevel [3ms]
2023-12-10 12:34:31.685 [info] fatal: not a git repository (or any parent up to mount point /)
Stopping at filesystem boundary (GIT_DISCOVERY_ACROSS_FILESYSTEM not set).
2023-12-10 12:34:31.781 [info] > git rev-parse --show-toplevel [19ms]
2023-12-10 12:34:31.781 [info] fatal: not a git repository (or any parent up to mount point /)
Stopping at filesystem boundary (GIT_DISCOVERY_ACROSS_FILESYSTEM not set).
2023-12-10 12:34:31.792 [info] > git rev-parse --show-toplevel [3ms]
2023-12-10 12:34:31.792 [info] fatal: not a git repository (or any parent up to mount point /)
Stopping at filesystem boundary (GIT_DISCOVERY_ACROSS_FILESYSTEM not set).
2023-12-10 12:34:31.801 [info] > git rev-parse --show-toplevel [2ms]
2023-12-10 12:34:31.801 [info] fatal: not a git repository (or any parent up to mount point /)
Stopping at filesystem boundary (GIT_DISCOVERY_ACROSS_FILESYSTEM not set).
2023-12-10 12:34:31.808 [info] > git rev-parse --show-toplevel [1ms]
2023-12-10 12:34:31.808 [info] fatal: not a git repository (or any parent up to mount point /)
Stopping at filesystem boundary (GIT_DISCOVERY_ACROSS_FILESYSTEM not set).
2023-12-10 12:34:31.817 [info] > git rev-parse --show-toplevel [1ms]
2023-12-10 12:34:31.817 [info] fatal: not a git repository (or any parent up to mount point /)
Stopping at filesystem boundary (GIT_DISCOVERY_ACROSS_FILESYSTEM not set).
2023-12-10 12:34:31.824 [info] > git rev-parse --show-toplevel [1ms]
2023-12-10 12:34:31.824 [info] fatal: not a git repository (or any parent up to mount point /)
Stopping at filesystem boundary (GIT_DISCOVERY_ACROSS_FILESYSTEM not set).
2023-12-10 12:34:31.830 [info] > git rev-parse --show-toplevel [1ms]
2023-12-10 12:34:31.830 [info] fatal: not a git repository (or any parent up to mount point /)
Stopping at filesystem boundary (GIT_DISCOVERY_ACROSS_FILESYSTEM not set).
2023-12-10 12:34:31.837 [info] > git rev-parse --show-toplevel [1ms]
2023-12-10 12:34:31.837 [info] fatal: not a git repository (or any parent up to mount point /)
Stopping at filesystem boundary (GIT_DISCOVERY_ACROSS_FILESYSTEM not set).
2023-12-10 12:34:31.844 [info] > git rev-parse --show-toplevel [2ms]
2023-12-10 12:34:31.844 [info] fatal: not a git repository (or any parent up to mount point /)
Stopping at filesystem boundary (GIT_DISCOVERY_ACROSS_FILESYSTEM not set).
2023-12-10 12:34:31.852 [info] > git rev-parse --show-toplevel [1ms]
2023-12-10 12:34:31.853 [info] fatal: not a git repository (or any parent up to mount point /)
Stopping at filesystem boundary (GIT_DISCOVERY_ACROSS_FILESYSTEM not set).
2023-12-10 12:34:31.860 [info] > git rev-parse --show-toplevel [2ms]
2023-12-10 12:34:31.860 [info] fatal: not a git repository (or any parent up to mount point /)
Stopping at filesystem boundary (GIT_DISCOVERY_ACROSS_FILESYSTEM not set).
2023-12-10 12:34:31.868 [info] > git rev-parse --show-toplevel [2ms]
2023-12-10 12:34:31.868 [info] fatal: not a git repository (or any parent up to mount point /)
Stopping at filesystem boundary (GIT_DISCOVERY_ACROSS_FILESYSTEM not set).
2023-12-10 12:34:31.876 [info] > git rev-parse --show-toplevel [1ms]
2023-12-10 12:34:31.876 [info] fatal: not a git repository (or any parent up to mount point /)
Stopping at filesystem boundary (GIT_DISCOVERY_ACROSS_FILESYSTEM not set).
2023-12-10 12:34:31.883 [info] > git rev-parse --show-toplevel [1ms]
2023-12-10 12:34:31.883 [info] fatal: not a git repository (or any parent up to mount point /)
Stopping at filesystem boundary (GIT_DISCOVERY_ACROSS_FILESYSTEM not set).
2023-12-10 12:34:31.889 [info] > git rev-parse --show-toplevel [1ms]
2023-12-10 12:34:31.889 [info] fatal: not a git repository (or any parent up to mount point /)
Stopping at filesystem boundary (GIT_DISCOVERY_ACROSS_FILESYSTEM not set).
2023-12-10 12:34:31.896 [info] > git rev-parse --show-toplevel [0ms]
2023-12-10 12:34:31.896 [info] fatal: not a git repository (or any parent up to mount point /)
Stopping at filesystem boundary (GIT_DISCOVERY_ACROSS_FILESYSTEM not set).
2023-12-10 12:34:31.902 [info] > git rev-parse --show-toplevel [1ms]
2023-12-10 12:34:31.902 [info] fatal: not a git repository (or any parent up to mount point /)
Stopping at filesystem boundary (GIT_DISCOVERY_ACROSS_FILESYSTEM not set).
2023-12-10 12:34:31.909 [info] > git rev-parse --show-toplevel [1ms]
2023-12-10 12:34:31.909 [info] fatal: not a git repository (or any parent up to mount point /)
Stopping at filesystem boundary (GIT_DISCOVERY_ACROSS_FILESYSTEM not set).
2023-12-10 12:34:31.950 [info] > git rev-parse --show-toplevel [1ms]
2023-12-10 12:34:31.950 [info] fatal: not a git repository (or any parent up to mount point /)
Stopping at filesystem boundary (GIT_DISCOVERY_ACROSS_FILESYSTEM not set).
2023-12-10 12:34:37.367 [info] > git rev-parse --show-toplevel [2ms]
2023-12-10 12:34:37.367 [info] fatal: not a git repository (or any parent up to mount point /)
Stopping at filesystem boundary (GIT_DISCOVERY_ACROSS_FILESYSTEM not set).
2023-12-10 12:34:56.245 [info] > git rev-parse --show-toplevel [1ms]
2023-12-10 12:34:56.246 [info] fatal: not a git repository (or any parent up to mount point /)
Stopping at filesystem boundary (GIT_DISCOVERY_ACROSS_FILESYSTEM not set).
2023-12-10 12:35:01.022 [info] > git rev-parse --show-toplevel [3ms]
2023-12-10 12:35:01.022 [info] fatal: not a git repository (or any parent up to mount point /)
Stopping at filesystem boundary (GIT_DISCOVERY_ACROSS_FILESYSTEM not set).
2023-12-10 12:35:45.080 [info] > git rev-parse --show-toplevel [2ms]
2023-12-10 12:35:45.080 [info] fatal: not a git repository (or any parent up to mount point /)
Stopping at filesystem boundary (GIT_DISCOVERY_ACROSS_FILESYSTEM not set).
2023-12-10 12:37:29.692 [info] > git rev-parse --show-toplevel [1ms]
2023-12-10 12:37:29.692 [info] fatal: not a git repository (or any parent up to mount point /)
Stopping at filesystem boundary (GIT_DISCOVERY_ACROSS_FILESYSTEM not set).
2023-12-10 12:37:35.991 [info] > git rev-parse --show-toplevel [1ms]
2023-12-10 12:37:35.992 [info] fatal: not a git repository (or any parent up to mount point /)
Stopping at filesystem boundary (GIT_DISCOVERY_ACROSS_FILESYSTEM not set).
2023-12-10 12:37:48.418 [info] > git rev-parse --show-toplevel [21ms]
2023-12-10 12:37:48.418 [info] fatal: not a git repository (or any parent up to mount point /)
Stopping at filesystem boundary (GIT_DISCOVERY_ACROSS_FILESYSTEM not set).
2023-12-10 12:37:49.766 [info] > git rev-parse --show-toplevel [2ms]
2023-12-10 12:37:49.766 [info] fatal: not a git repository (or any parent up to mount point /)
Stopping at filesystem boundary (GIT_DISCOVERY_ACROSS_FILESYSTEM not set).
2023-12-10 12:37:52.094 [info] > git rev-parse --show-toplevel [1ms]
2023-12-10 12:37:52.095 [info] fatal: not a git repository (or any parent up to mount point /)
Stopping at filesystem boundary (GIT_DISCOVERY_ACROSS_FILESYSTEM not set).
2023-12-10 12:37:59.224 [info] > git rev-parse --show-toplevel [1ms]
2023-12-10 12:37:59.224 [info] fatal: not a git repository (or any parent up to mount point /)
Stopping at filesystem boundary (GIT_DISCOVERY_ACROSS_FILESYSTEM not set).
2023-12-10 12:43:10.622 [info] > git rev-parse --show-toplevel [1ms]
2023-12-10 12:43:10.622 [info] fatal: not a git repository (or any parent up to mount point /)
Stopping at filesystem boundary (GIT_DISCOVERY_ACROSS_FILESYSTEM not set).
2023-12-10 12:43:12.249 [info] > git rev-parse --show-toplevel [2ms]
2023-12-10 12:43:12.249 [info] fatal: not a git repository (or any parent up to mount point /)
Stopping at filesystem boundary (GIT_DISCOVERY_ACROSS_FILESYSTEM not set).
2023-12-10 12:45:18.064 [info] > git rev-parse --show-toplevel [1ms]
2023-12-10 12:45:18.064 [info] fatal: not a git repository (or any parent up to mount point /)
Stopping at filesystem boundary (GIT_DISCOVERY_ACROSS_FILESYSTEM not set).
2023-12-10 12:45:19.143 [info] > git rev-parse --show-toplevel [1ms]
2023-12-10 12:45:19.143 [info] fatal: not a git repository (or any parent up to mount point /)
Stopping at filesystem boundary (GIT_DISCOVERY_ACROSS_FILESYSTEM not set).
2023-12-10 12:45:21.216 [info] > git rev-parse --show-toplevel [2ms]
2023-12-10 12:45:21.216 [info] fatal: not a git repository (or any parent up to mount point /)
Stopping at filesystem boundary (GIT_DISCOVERY_ACROSS_FILESYSTEM not set).
2023-12-10 12:45:23.759 [info] > git rev-parse --show-toplevel [2ms]
2023-12-10 12:45:23.759 [info] fatal: not a git repository (or any parent up to mount point /)
Stopping at filesystem boundary (GIT_DISCOVERY_ACROSS_FILESYSTEM not set).
2023-12-10 12:45:56.519 [info] > git rev-parse --show-toplevel [2ms]
2023-12-10 12:45:56.519 [info] fatal: not a git repository (or any parent up to mount point /)
Stopping at filesystem boundary (GIT_DISCOVERY_ACROSS_FILESYSTEM not set).
2023-12-10 12:46:11.789 [info] > git rev-parse --show-toplevel [2ms]
2023-12-10 12:46:11.789 [info] fatal: not a git repository (or any parent up to mount point /)
Stopping at filesystem boundary (GIT_DISCOVERY_ACROSS_FILESYSTEM not set).
2023-12-10 13:03:59.493 [info] > git rev-parse --show-toplevel [2ms]
2023-12-10 13:03:59.493 [info] fatal: not a git repository (or any parent up to mount point /)
Stopping at filesystem boundary (GIT_DISCOVERY_ACROSS_FILESYSTEM not set).
2023-12-10 13:04:26.612 [info] > git rev-parse --show-toplevel [2ms]
2023-12-10 13:04:26.612 [info] fatal: not a git repository (or any parent up to mount point /)
Stopping at filesystem boundary (GIT_DISCOVERY_ACROSS_FILESYSTEM not set).
2023-12-10 13:07:01.313 [info] > git rev-parse --show-toplevel [1ms]
2023-12-10 13:07:01.313 [info] fatal: not a git repository (or any parent up to mount point /)
Stopping at filesystem boundary (GIT_DISCOVERY_ACROSS_FILESYSTEM not set).
2023-12-10 13:08:01.908 [info] > git rev-parse --show-toplevel [1ms]
2023-12-10 13:08:01.908 [info] fatal: not a git repository (or any parent up to mount point /)
Stopping at filesystem boundary (GIT_DISCOVERY_ACROSS_FILESYSTEM not set).
2023-12-10 13:09:10.700 [info] > git rev-parse --show-toplevel [1ms]
2023-12-10 13:09:10.700 [info] fatal: not a git repository (or any parent up to mount point /)
Stopping at filesystem boundary (GIT_DISCOVERY_ACROSS_FILESYSTEM not set).
2023-12-10 13:09:23.819 [info] > git rev-parse --show-toplevel [1ms]
2023-12-10 13:09:23.819 [info] fatal: not a git repository (or any parent up to mount point /)
Stopping at filesystem boundary (GIT_DISCOVERY_ACROSS_FILESYSTEM not set).
2023-12-10 13:13:13.106 [info] > git rev-parse --show-toplevel [0ms]
2023-12-10 13:13:13.107 [info] fatal: not a git repository (or any parent up to mount point /)
Stopping at filesystem boundary (GIT_DISCOVERY_ACROSS_FILESYSTEM not set).
2023-12-10 13:13:15.069 [info] > git rev-parse --show-toplevel [1ms]
2023-12-10 13:13:15.069 [info] fatal: not a git repository (or any parent up to mount point /)
Stopping at filesystem boundary (GIT_DISCOVERY_ACROSS_FILESYSTEM not set).
2023-12-10 13:13:17.298 [info] > git rev-parse --show-toplevel [1ms]
2023-12-10 13:13:17.299 [info] fatal: not a git repository (or any parent up to mount point /)
Stopping at filesystem boundary (GIT_DISCOVERY_ACROSS_FILESYSTEM not set).
2023-12-10 13:13:23.613 [info] > git rev-parse --show-toplevel [1ms]
2023-12-10 13:13:23.613 [info] fatal: not a git repository (or any parent up to mount point /)
Stopping at filesystem boundary (GIT_DISCOVERY_ACROSS_FILESYSTEM not set).
2023-12-10 13:13:26.200 [info] > git rev-parse --show-toplevel [1ms]
2023-12-10 13:13:26.201 [info] fatal: not a git repository (or any parent up to mount point /)
Stopping at filesystem boundary (GIT_DISCOVERY_ACROSS_FILESYSTEM not set).
2023-12-10 13:13:34.271 [info] > git rev-parse --show-toplevel [1ms]
2023-12-10 13:13:34.271 [info] fatal: not a git repository (or any parent up to mount point /)
Stopping at filesystem boundary (GIT_DISCOVERY_ACROSS_FILESYSTEM not set).
2023-12-10 13:13:59.741 [info] > git rev-parse --show-toplevel [2ms]
2023-12-10 13:13:59.741 [info] fatal: not a git repository (or any parent up to mount point /)
Stopping at filesystem boundary (GIT_DISCOVERY_ACROSS_FILESYSTEM not set).
2023-12-10 13:14:06.367 [info] > git rev-parse --show-toplevel [2ms]
2023-12-10 13:14:06.367 [info] fatal: not a git repository (or any parent up to mount point /)
Stopping at filesystem boundary (GIT_DISCOVERY_ACROSS_FILESYSTEM not set).
2023-12-10 13:14:23.630 [info] > git rev-parse --show-toplevel [3ms]
2023-12-10 13:14:23.631 [info] fatal: not a git repository (or any parent up to mount point /)
Stopping at filesystem boundary (GIT_DISCOVERY_ACROSS_FILESYSTEM not set).
2023-12-10 13:14:26.301 [info] > git rev-parse --show-toplevel [1ms]
2023-12-10 13:14:26.301 [info] fatal: not a git repository (or any parent up to mount point /)
Stopping at filesystem boundary (GIT_DISCOVERY_ACROSS_FILESYSTEM not set).
2023-12-10 13:14:27.404 [info] > git rev-parse --show-toplevel [1ms]
2023-12-10 13:14:27.404 [info] fatal: not a git repository (or any parent up to mount point /)
Stopping at filesystem boundary (GIT_DISCOVERY_ACROSS_FILESYSTEM not set).
2023-12-10 13:14:48.835 [info] > git rev-parse --show-toplevel [1ms]
2023-12-10 13:14:48.835 [info] fatal: not a git repository (or any parent up to mount point /)
Stopping at filesystem boundary (GIT_DISCOVERY_ACROSS_FILESYSTEM not set).
2023-12-10 13:15:24.408 [info] > git rev-parse --show-toplevel [1ms]
2023-12-10 13:15:24.408 [info] fatal: not a git repository (or any parent up to mount point /)
Stopping at filesystem boundary (GIT_DISCOVERY_ACROSS_FILESYSTEM not set).
2023-12-10 13:15:26.985 [info] > git rev-parse --show-toplevel [2ms]
2023-12-10 13:15:26.985 [info] fatal: not a git repository (or any parent up to mount point /)
Stopping at filesystem boundary (GIT_DISCOVERY_ACROSS_FILESYSTEM not set).
2023-12-10 13:15:32.052 [info] > git rev-parse --show-toplevel [1ms]
2023-12-10 13:15:32.052 [info] fatal: not a git repository (or any parent up to mount point /)
Stopping at filesystem boundary (GIT_DISCOVERY_ACROSS_FILESYSTEM not set).
2023-12-10 13:15:41.075 [info] > git rev-parse --show-toplevel [2ms]
2023-12-10 13:15:41.075 [info] fatal: not a git repository (or any parent up to mount point /)
Stopping at filesystem boundary (GIT_DISCOVERY_ACROSS_FILESYSTEM not set).
2023-12-10 13:15:50.025 [info] > git rev-parse --show-toplevel [1ms]
2023-12-10 13:15:50.025 [info] fatal: not a git repository (or any parent up to mount point /)
Stopping at filesystem boundary (GIT_DISCOVERY_ACROSS_FILESYSTEM not set).
2023-12-10 13:17:08.616 [info] > git rev-parse --show-toplevel [1ms]
2023-12-10 13:17:08.616 [info] fatal: not a git repository (or any parent up to mount point /)
Stopping at filesystem boundary (GIT_DISCOVERY_ACROSS_FILESYSTEM not set).
2023-12-10 13:17:09.964 [info] > git rev-parse --show-toplevel [3ms]
2023-12-10 13:17:09.964 [info] fatal: not a git repository (or any parent up to mount point /)
Stopping at filesystem boundary (GIT_DISCOVERY_ACROSS_FILESYSTEM not set).
2023-12-10 13:17:11.705 [info] > git rev-parse --show-toplevel [1ms]
2023-12-10 13:17:11.706 [info] fatal: not a git repository (or any parent up to mount point /)
Stopping at filesystem boundary (GIT_DISCOVERY_ACROSS_FILESYSTEM not set).
2023-12-10 13:17:17.856 [info] > git rev-parse --show-toplevel [1ms]
2023-12-10 13:17:17.856 [info] fatal: not a git repository (or any parent up to mount point /)
Stopping at filesystem boundary (GIT_DISCOVERY_ACROSS_FILESYSTEM not set).
2023-12-10 13:17:47.786 [info] > git rev-parse --show-toplevel [1ms]
2023-12-10 13:17:47.786 [info] fatal: not a git repository (or any parent up to mount point /)
Stopping at filesystem boundary (GIT_DISCOVERY_ACROSS_FILESYSTEM not set).
2023-12-10 13:17:49.519 [info] > git rev-parse --show-toplevel [1ms]
2023-12-10 13:17:49.519 [info] fatal: not a git repository (or any parent up to mount point /)
Stopping at filesystem boundary (GIT_DISCOVERY_ACROSS_FILESYSTEM not set).
2023-12-10 13:17:50.193 [info] > git rev-parse --show-toplevel [2ms]
2023-12-10 13:17:50.194 [info] fatal: not a git repository (or any parent up to mount point /)
Stopping at filesystem boundary (GIT_DISCOVERY_ACROSS_FILESYSTEM not set).
2023-12-10 13:18:24.097 [info] > git rev-parse --show-toplevel [1ms]
2023-12-10 13:18:24.097 [info] fatal: not a git repository (or any parent up to mount point /)
Stopping at filesystem boundary (GIT_DISCOVERY_ACROSS_FILESYSTEM not set).
2023-12-10 13:18:25.652 [info] > git rev-parse --show-toplevel [1ms]
2023-12-10 13:18:25.652 [info] fatal: not a git repository (or any parent up to mount point /)
Stopping at filesystem boundary (GIT_DISCOVERY_ACROSS_FILESYSTEM not set).
2023-12-10 13:18:25.659 [info] > git rev-parse --show-toplevel [1ms]
2023-12-10 13:18:25.659 [info] fatal: not a git repository (or any parent up to mount point /)
Stopping at filesystem boundary (GIT_DISCOVERY_ACROSS_FILESYSTEM not set).
2023-12-10 13:18:25.667 [info] > git rev-parse --show-toplevel [1ms]
2023-12-10 13:18:25.667 [info] fatal: not a git repository (or any parent up to mount point /)
Stopping at filesystem boundary (GIT_DISCOVERY_ACROSS_FILESYSTEM not set).
2023-12-10 13:20:31.991 [info] > git rev-parse --show-toplevel [1ms]
2023-12-10 13:20:31.991 [info] fatal: not a git repository (or any parent up to mount point /)
Stopping at filesystem boundary (GIT_DISCOVERY_ACROSS_FILESYSTEM not set).
2023-12-10 13:20:32.024 [info] > git rev-parse --show-toplevel [2ms]
2023-12-10 13:20:32.024 [info] fatal: not a git repository (or any parent up to mount point /)
Stopping at filesystem boundary (GIT_DISCOVERY_ACROSS_FILESYSTEM not set).
2023-12-10 13:20:32.031 [info] > git rev-parse --show-toplevel [1ms]
2023-12-10 13:20:32.031 [info] fatal: not a git repository (or any parent up to mount point /)
Stopping at filesystem boundary (GIT_DISCOVERY_ACROSS_FILESYSTEM not set).
2023-12-10 13:20:40.304 [info] > git rev-parse --show-toplevel [1ms]
2023-12-10 13:20:40.304 [info] fatal: not a git repository (or any parent up to mount point /)
Stopping at filesystem boundary (GIT_DISCOVERY_ACROSS_FILESYSTEM not set).
2023-12-10 13:20:40.319 [info] > git rev-parse --show-toplevel [2ms]
2023-12-10 13:20:40.319 [info] fatal: not a git repository (or any parent up to mount point /)
Stopping at filesystem boundary (GIT_DISCOVERY_ACROSS_FILESYSTEM not set).
2023-12-10 13:20:40.327 [info] > git rev-parse --show-toplevel [1ms]
2023-12-10 13:20:40.327 [info] fatal: not a git repository (or any parent up to mount point /)
Stopping at filesystem boundary (GIT_DISCOVERY_ACROSS_FILESYSTEM not set).
2023-12-10 13:21:19.889 [info] > git rev-parse --show-toplevel [3ms]
2023-12-10 13:21:19.889 [info] fatal: not a git repository (or any parent up to mount point /)
Stopping at filesystem boundary (GIT_DISCOVERY_ACROSS_FILESYSTEM not set).
2023-12-10 13:21:19.918 [info] > git rev-parse --show-toplevel [2ms]
2023-12-10 13:21:19.918 [info] fatal: not a git repository (or any parent up to mount point /)
Stopping at filesystem boundary (GIT_DISCOVERY_ACROSS_FILESYSTEM not set).
2023-12-10 13:21:19.927 [info] > git rev-parse --show-toplevel [1ms]
2023-12-10 13:21:19.927 [info] fatal: not a git repository (or any parent up to mount point /)
Stopping at filesystem boundary (GIT_DISCOVERY_ACROSS_FILESYSTEM not set).
2023-12-10 13:21:25.378 [info] > git rev-parse --show-toplevel [1ms]
2023-12-10 13:21:25.378 [info] fatal: not a git repository (or any parent up to mount point /)
Stopping at filesystem boundary (GIT_DISCOVERY_ACROSS_FILESYSTEM not set).
2023-12-10 13:21:25.407 [info] > git rev-parse --show-toplevel [2ms]
2023-12-10 13:21:25.407 [info] fatal: not a git repository (or any parent up to mount point /)
Stopping at filesystem boundary (GIT_DISCOVERY_ACROSS_FILESYSTEM not set).
2023-12-10 13:21:25.415 [info] > git rev-parse --show-toplevel [1ms]
2023-12-10 13:21:25.415 [info] fatal: not a git repository (or any parent up to mount point /)
Stopping at filesystem boundary (GIT_DISCOVERY_ACROSS_FILESYSTEM not set).
2023-12-10 13:21:28.148 [info] > git rev-parse --show-toplevel [3ms]
2023-12-10 13:21:28.148 [info] fatal: not a git repository (or any parent up to mount point /)
Stopping at filesystem boundary (GIT_DISCOVERY_ACROSS_FILESYSTEM not set).
2023-12-10 13:21:28.191 [info] > git rev-parse --show-toplevel [1ms]
2023-12-10 13:21:28.192 [info] fatal: not a git repository (or any parent up to mount point /)
Stopping at filesystem boundary (GIT_DISCOVERY_ACROSS_FILESYSTEM not set).
2023-12-10 13:21:28.198 [info] > git rev-parse --show-toplevel [1ms]
2023-12-10 13:21:28.198 [info] fatal: not a git repository (or any parent up to mount point /)
Stopping at filesystem boundary (GIT_DISCOVERY_ACROSS_FILESYSTEM not set).
2023-12-10 13:21:28.205 [info] > git rev-parse --show-toplevel [1ms]
2023-12-10 13:21:28.205 [info] fatal: not a git repository (or any parent up to mount point /)
Stopping at filesystem boundary (GIT_DISCOVERY_ACROSS_FILESYSTEM not set).
2023-12-10 13:21:51.567 [info] > git rev-parse --show-toplevel [1ms]
2023-12-10 13:21:51.567 [info] fatal: not a git repository (or any parent up to mount point /)
Stopping at filesystem boundary (GIT_DISCOVERY_ACROSS_FILESYSTEM not set).
2023-12-10 13:21:51.633 [info] > git rev-parse --show-toplevel [2ms]
2023-12-10 13:21:51.633 [info] fatal: not a git repository (or any parent up to mount point /)
Stopping at filesystem boundary (GIT_DISCOVERY_ACROSS_FILESYSTEM not set).
2023-12-10 13:21:51.641 [info] > git rev-parse --show-toplevel [1ms]
2023-12-10 13:21:51.641 [info] fatal: not a git repository (or any parent up to mount point /)
Stopping at filesystem boundary (GIT_DISCOVERY_ACROSS_FILESYSTEM not set).
2023-12-10 13:22:39.699 [info] > git rev-parse --show-toplevel [2ms]
2023-12-10 13:22:39.699 [info] fatal: not a git repository (or any parent up to mount point /)
Stopping at filesystem boundary (GIT_DISCOVERY_ACROSS_FILESYSTEM not set).
2023-12-10 13:22:47.162 [info] > git rev-parse --show-toplevel [1ms]
2023-12-10 13:22:47.162 [info] fatal: not a git repository (or any parent up to mount point /)
Stopping at filesystem boundary (GIT_DISCOVERY_ACROSS_FILESYSTEM not set).
2023-12-10 13:22:47.168 [info] > git rev-parse --show-toplevel [1ms]
2023-12-10 13:22:47.168 [info] fatal: not a git repository (or any parent up to mount point /)
Stopping at filesystem boundary (GIT_DISCOVERY_ACROSS_FILESYSTEM not set).
2023-12-10 13:23:09.920 [info] > git rev-parse --show-toplevel [2ms]
2023-12-10 13:23:09.920 [info] fatal: not a git repository (or any parent up to mount point /)
Stopping at filesystem boundary (GIT_DISCOVERY_ACROSS_FILESYSTEM not set).
2023-12-10 13:23:09.952 [info] > git rev-parse --show-toplevel [2ms]
2023-12-10 13:23:09.952 [info] fatal: not a git repository (or any parent up to mount point /)
Stopping at filesystem boundary (GIT_DISCOVERY_ACROSS_FILESYSTEM not set).
2023-12-10 13:23:09.960 [info] > git rev-parse --show-toplevel [1ms]
2023-12-10 13:23:09.960 [info] fatal: not a git repository (or any parent up to mount point /)
Stopping at filesystem boundary (GIT_DISCOVERY_ACROSS_FILESYSTEM not set).
2023-12-10 13:23:13.145 [info] > git rev-parse --show-toplevel [2ms]
2023-12-10 13:23:13.145 [info] fatal: not a git repository (or any parent up to mount point /)
Stopping at filesystem boundary (GIT_DISCOVERY_ACROSS_FILESYSTEM not set).
2023-12-10 13:23:13.162 [info] > git rev-parse --show-toplevel [2ms]
2023-12-10 13:23:13.162 [info] fatal: not a git repository (or any parent up to mount point /)
Stopping at filesystem boundary (GIT_DISCOVERY_ACROSS_FILESYSTEM not set).
2023-12-10 13:23:13.171 [info] > git rev-parse --show-toplevel [1ms]
2023-12-10 13:23:13.171 [info] fatal: not a git repository (or any parent up to mount point /)
Stopping at filesystem boundary (GIT_DISCOVERY_ACROSS_FILESYSTEM not set).
2023-12-10 13:23:15.894 [info] > git rev-parse --show-toplevel [1ms]
2023-12-10 13:23:15.894 [info] fatal: not a git repository (or any parent up to mount point /)
Stopping at filesystem boundary (GIT_DISCOVERY_ACROSS_FILESYSTEM not set).
2023-12-10 13:23:15.917 [info] > git rev-parse --show-toplevel [1ms]
2023-12-10 13:23:15.917 [info] fatal: not a git repository (or any parent up to mount point /)
Stopping at filesystem boundary (GIT_DISCOVERY_ACROSS_FILESYSTEM not set).
2023-12-10 13:23:15.923 [info] > git rev-parse --show-toplevel [1ms]
2023-12-10 13:23:15.923 [info] fatal: not a git repository (or any parent up to mount point /)
Stopping at filesystem boundary (GIT_DISCOVERY_ACROSS_FILESYSTEM not set).
2023-12-10 13:23:19.803 [info] > git rev-parse --show-toplevel [2ms]
2023-12-10 13:23:19.803 [info] fatal: not a git repository (or any parent up to mount point /)
Stopping at filesystem boundary (GIT_DISCOVERY_ACROSS_FILESYSTEM not set).
2023-12-10 13:23:19.863 [info] > git rev-parse --show-toplevel [1ms]
2023-12-10 13:23:19.863 [info] fatal: not a git repository (or any parent up to mount point /)
Stopping at filesystem boundary (GIT_DISCOVERY_ACROSS_FILESYSTEM not set).
2023-12-10 13:23:19.870 [info] > git rev-parse --show-toplevel [1ms]
2023-12-10 13:23:19.870 [info] fatal: not a git repository (or any parent up to mount point /)
Stopping at filesystem boundary (GIT_DISCOVERY_ACROSS_FILESYSTEM not set).
2023-12-10 13:24:57.526 [info] > git rev-parse --show-toplevel [2ms]
2023-12-10 13:24:57.526 [info] fatal: not a git repository (or any parent up to mount point /)
Stopping at filesystem boundary (GIT_DISCOVERY_ACROSS_FILESYSTEM not set).
2023-12-10 13:24:57.544 [info] > git rev-parse --show-toplevel [2ms]
2023-12-10 13:24:57.544 [info] fatal: not a git repository (or any parent up to mount point /)
Stopping at filesystem boundary (GIT_DISCOVERY_ACROSS_FILESYSTEM not set).
2023-12-10 13:24:57.554 [info] > git rev-parse --show-toplevel [1ms]
2023-12-10 13:24:57.554 [info] fatal: not a git repository (or any parent up to mount point /)
Stopping at filesystem boundary (GIT_DISCOVERY_ACROSS_FILESYSTEM not set).
2023-12-10 13:31:51.627 [info] > git rev-parse --show-toplevel [2ms]
2023-12-10 13:31:51.627 [info] fatal: not a git repository (or any parent up to mount point /)
Stopping at filesystem boundary (GIT_DISCOVERY_ACROSS_FILESYSTEM not set).
2023-12-10 13:31:51.684 [info] > git rev-parse --show-toplevel [1ms]
2023-12-10 13:31:51.684 [info] fatal: not a git repository (or any parent up to mount point /)
Stopping at filesystem boundary (GIT_DISCOVERY_ACROSS_FILESYSTEM not set).
2023-12-10 13:31:51.691 [info] > git rev-parse --show-toplevel [1ms]
2023-12-10 13:31:51.691 [info] fatal: not a git repository (or any parent up to mount point /)
Stopping at filesystem boundary (GIT_DISCOVERY_ACROSS_FILESYSTEM not set).
2023-12-10 13:33:10.339 [info] > git rev-parse --show-toplevel [2ms]
2023-12-10 13:33:10.339 [info] fatal: not a git repository (or any parent up to mount point /)
Stopping at filesystem boundary (GIT_DISCOVERY_ACROSS_FILESYSTEM not set).
2023-12-10 13:33:10.404 [info] > git rev-parse --show-toplevel [2ms]
2023-12-10 13:33:10.404 [info] fatal: not a git repository (or any parent up to mount point /)
Stopping at filesystem boundary (GIT_DISCOVERY_ACROSS_FILESYSTEM not set).
2023-12-10 13:33:10.414 [info] > git rev-parse --show-toplevel [1ms]
2023-12-10 13:33:10.414 [info] fatal: not a git repository (or any parent up to mount point /)
Stopping at filesystem boundary (GIT_DISCOVERY_ACROSS_FILESYSTEM not set).
2023-12-10 13:33:26.047 [info] > git rev-parse --show-toplevel [2ms]
2023-12-10 13:33:26.047 [info] fatal: not a git repository (or any parent up to mount point /)
Stopping at filesystem boundary (GIT_DISCOVERY_ACROSS_FILESYSTEM not set).
2023-12-10 13:33:26.083 [info] > git rev-parse --show-toplevel [1ms]
2023-12-10 13:33:26.083 [info] fatal: not a git repository (or any parent up to mount point /)
Stopping at filesystem boundary (GIT_DISCOVERY_ACROSS_FILESYSTEM not set).
2023-12-10 13:33:26.090 [info] > git rev-parse --show-toplevel [1ms]
2023-12-10 13:33:26.090 [info] fatal: not a git repository (or any parent up to mount point /)
Stopping at filesystem boundary (GIT_DISCOVERY_ACROSS_FILESYSTEM not set).
2023-12-10 14:41:25.484 [info] > git rev-parse --show-toplevel [1ms]
2023-12-10 14:41:25.484 [info] fatal: not a git repository (or any parent up to mount point /)
Stopping at filesystem boundary (GIT_DISCOVERY_ACROSS_FILESYSTEM not set).
2023-12-10 14:41:25.516 [info] > git rev-parse --show-toplevel [2ms]
2023-12-10 14:41:25.516 [info] fatal: not a git repository (or any parent up to mount point /)
Stopping at filesystem boundary (GIT_DISCOVERY_ACROSS_FILESYSTEM not set).
2023-12-10 14:41:25.524 [info] > git rev-parse --show-toplevel [1ms]
2023-12-10 14:41:25.525 [info] fatal: not a git repository (or any parent up to mount point /)
Stopping at filesystem boundary (GIT_DISCOVERY_ACROSS_FILESYSTEM not set).
2023-12-10 14:41:28.097 [info] > git rev-parse --show-toplevel [2ms]
2023-12-10 14:41:28.097 [info] fatal: not a git repository (or any parent up to mount point /)
Stopping at filesystem boundary (GIT_DISCOVERY_ACROSS_FILESYSTEM not set).
2023-12-10 14:41:28.125 [info] > git rev-parse --show-toplevel [1ms]
2023-12-10 14:41:28.125 [info] fatal: not a git repository (or any parent up to mount point /)
Stopping at filesystem boundary (GIT_DISCOVERY_ACROSS_FILESYSTEM not set).
2023-12-10 14:41:28.133 [info] > git rev-parse --show-toplevel [1ms]
2023-12-10 14:41:28.133 [info] fatal: not a git repository (or any parent up to mount point /)
Stopping at filesystem boundary (GIT_DISCOVERY_ACROSS_FILESYSTEM not set).
2023-12-10 14:41:29.709 [info] > git rev-parse --show-toplevel [2ms]
2023-12-10 14:41:29.709 [info] fatal: not a git repository (or any parent up to mount point /)
Stopping at filesystem boundary (GIT_DISCOVERY_ACROSS_FILESYSTEM not set).
2023-12-10 14:41:29.752 [info] > git rev-parse --show-toplevel [2ms]
2023-12-10 14:41:29.752 [info] fatal: not a git repository (or any parent up to mount point /)
Stopping at filesystem boundary (GIT_DISCOVERY_ACROSS_FILESYSTEM not set).
2023-12-10 14:41:29.759 [info] > git rev-parse --show-toplevel [1ms]
2023-12-10 14:41:29.759 [info] fatal: not a git repository (or any parent up to mount point /)
Stopping at filesystem boundary (GIT_DISCOVERY_ACROSS_FILESYSTEM not set).
2023-12-10 14:41:29.766 [info] > git rev-parse --show-toplevel [1ms]
2023-12-10 14:41:29.766 [info] fatal: not a git repository (or any parent up to mount point /)
Stopping at filesystem boundary (GIT_DISCOVERY_ACROSS_FILESYSTEM not set).
2023-12-10 14:41:46.213 [info] > git rev-parse --show-toplevel [1ms]
2023-12-10 14:41:46.213 [info] fatal: not a git repository (or any parent up to mount point /)
Stopping at filesystem boundary (GIT_DISCOVERY_ACROSS_FILESYSTEM not set).
2023-12-10 14:41:46.244 [info] > git rev-parse --show-toplevel [1ms]
2023-12-10 14:41:46.244 [info] fatal: not a git repository (or any parent up to mount point /)
Stopping at filesystem boundary (GIT_DISCOVERY_ACROSS_FILESYSTEM not set).
2023-12-10 14:41:46.250 [info] > git rev-parse --show-toplevel [1ms]
2023-12-10 14:41:46.250 [info] fatal: not a git repository (or any parent up to mount point /)
Stopping at filesystem boundary (GIT_DISCOVERY_ACROSS_FILESYSTEM not set).
2023-12-10 14:42:16.682 [info] > git rev-parse --show-toplevel [1ms]
2023-12-10 14:42:16.682 [info] fatal: not a git repository (or any parent up to mount point /)
Stopping at filesystem boundary (GIT_DISCOVERY_ACROSS_FILESYSTEM not set).
2023-12-10 14:42:32.316 [info] > git rev-parse --show-toplevel [1ms]
2023-12-10 14:42:32.316 [info] fatal: not a git repository (or any parent up to mount point /)
Stopping at filesystem boundary (GIT_DISCOVERY_ACROSS_FILESYSTEM not set).
2023-12-10 14:42:32.322 [info] > git rev-parse --show-toplevel [1ms]
2023-12-10 14:42:32.322 [info] fatal: not a git repository (or any parent up to mount point /)
Stopping at filesystem boundary (GIT_DISCOVERY_ACROSS_FILESYSTEM not set).
2023-12-10 14:43:15.634 [info] > git rev-parse --show-toplevel [1ms]
2023-12-10 14:43:15.634 [info] fatal: not a git repository (or any parent up to mount point /)
Stopping at filesystem boundary (GIT_DISCOVERY_ACROSS_FILESYSTEM not set).
2023-12-10 14:43:15.650 [info] > git rev-parse --show-toplevel [1ms]
2023-12-10 14:43:15.650 [info] fatal: not a git repository (or any parent up to mount point /)
Stopping at filesystem boundary (GIT_DISCOVERY_ACROSS_FILESYSTEM not set).
2023-12-10 14:43:15.656 [info] > git rev-parse --show-toplevel [1ms]
2023-12-10 14:43:15.656 [info] fatal: not a git repository (or any parent up to mount point /)
Stopping at filesystem boundary (GIT_DISCOVERY_ACROSS_FILESYSTEM not set).
2023-12-10 14:43:17.209 [info] > git rev-parse --show-toplevel [1ms]
2023-12-10 14:43:17.209 [info] fatal: not a git repository (or any parent up to mount point /)
Stopping at filesystem boundary (GIT_DISCOVERY_ACROSS_FILESYSTEM not set).
2023-12-10 15:22:06.805 [info] > git rev-parse --show-toplevel [1ms]
2023-12-10 15:22:06.805 [info] fatal: not a git repository (or any parent up to mount point /)
Stopping at filesystem boundary (GIT_DISCOVERY_ACROSS_FILESYSTEM not set).
2023-12-10 15:22:08.025 [info] > git rev-parse --show-toplevel [1ms]
2023-12-10 15:22:08.025 [info] fatal: not a git repository (or any parent up to mount point /)
Stopping at filesystem boundary (GIT_DISCOVERY_ACROSS_FILESYSTEM not set).
2023-12-10 15:22:35.830 [info] > git rev-parse --show-toplevel [2ms]
2023-12-10 15:22:35.831 [info] fatal: not a git repository (or any parent up to mount point /)
Stopping at filesystem boundary (GIT_DISCOVERY_ACROSS_FILESYSTEM not set).
2023-12-10 15:23:10.442 [info] > git rev-parse --show-toplevel [1ms]
2023-12-10 15:23:10.442 [info] fatal: not a git repository (or any parent up to mount point /)
Stopping at filesystem boundary (GIT_DISCOVERY_ACROSS_FILESYSTEM not set).
2023-12-10 15:23:15.126 [info] > git rev-parse --show-toplevel [3ms]
2023-12-10 15:23:15.126 [info] fatal: not a git repository (or any parent up to mount point /)
Stopping at filesystem boundary (GIT_DISCOVERY_ACROSS_FILESYSTEM not set).
2023-12-10 15:23:36.486 [info] > git rev-parse --show-toplevel [0ms]
2023-12-10 15:23:36.486 [info] fatal: not a git repository (or any parent up to mount point /)
Stopping at filesystem boundary (GIT_DISCOVERY_ACROSS_FILESYSTEM not set).
2023-12-10 15:23:38.100 [info] > git rev-parse --show-toplevel [1ms]
2023-12-10 15:23:38.100 [info] fatal: not a git repository (or any parent up to mount point /)
Stopping at filesystem boundary (GIT_DISCOVERY_ACROSS_FILESYSTEM not set).
2023-12-10 15:23:52.298 [info] > git rev-parse --show-toplevel [1ms]
2023-12-10 15:23:52.298 [info] fatal: not a git repository (or any parent up to mount point /)
Stopping at filesystem boundary (GIT_DISCOVERY_ACROSS_FILESYSTEM not set).
2023-12-10 15:23:53.958 [info] > git rev-parse --show-toplevel [1ms]
2023-12-10 15:23:53.958 [info] fatal: not a git repository (or any parent up to mount point /)
Stopping at filesystem boundary (GIT_DISCOVERY_ACROSS_FILESYSTEM not set).
2023-12-10 15:24:01.725 [info] > git rev-parse --show-toplevel [2ms]
2023-12-10 15:24:01.725 [info] fatal: not a git repository (or any parent up to mount point /)
Stopping at filesystem boundary (GIT_DISCOVERY_ACROSS_FILESYSTEM not set).
2023-12-10 15:24:22.621 [info] > git rev-parse --show-toplevel [1ms]
2023-12-10 15:24:22.621 [info] fatal: not a git repository (or any parent up to mount point /)
Stopping at filesystem boundary (GIT_DISCOVERY_ACROSS_FILESYSTEM not set).
2023-12-10 15:24:29.471 [info] > git rev-parse --show-toplevel [1ms]
2023-12-10 15:24:29.471 [info] fatal: not a git repository (or any parent up to mount point /)
Stopping at filesystem boundary (GIT_DISCOVERY_ACROSS_FILESYSTEM not set).
2023-12-10 15:26:37.425 [info] > git rev-parse --show-toplevel [1ms]
2023-12-10 15:26:37.425 [info] fatal: not a git repository (or any parent up to mount point /)
Stopping at filesystem boundary (GIT_DISCOVERY_ACROSS_FILESYSTEM not set).
2023-12-10 15:26:44.266 [info] > git rev-parse --show-toplevel [2ms]
2023-12-10 15:26:44.266 [info] fatal: not a git repository (or any parent up to mount point /)
Stopping at filesystem boundary (GIT_DISCOVERY_ACROSS_FILESYSTEM not set).
2023-12-10 15:26:57.697 [info] Log level: Info
2023-12-10 15:26:57.697 [info] Validating found git in: "git"
2023-12-10 15:26:57.697 [info] Using git "2.43.0" from "git"
2023-12-10 15:26:57.697 [info] > git rev-parse --show-toplevel [2ms]
2023-12-10 15:26:57.697 [info] fatal: not a git repository (or any parent up to mount point /)
Stopping at filesystem boundary (GIT_DISCOVERY_ACROSS_FILESYSTEM not set).
2023-12-10 15:26:57.698 [info] > git rev-parse --show-toplevel [2ms]
2023-12-10 15:26:57.698 [info] fatal: not a git repository (or any parent up to mount point /)
Stopping at filesystem boundary (GIT_DISCOVERY_ACROSS_FILESYSTEM not set).
2023-12-10 15:26:57.708 [info] > git rev-parse --show-toplevel [2ms]
2023-12-10 15:26:57.708 [info] fatal: not a git repository (or any parent up to mount point /)
Stopping at filesystem boundary (GIT_DISCOVERY_ACROSS_FILESYSTEM not set).
2023-12-10 15:26:57.720 [info] > git rev-parse --show-toplevel [3ms]
2023-12-10 15:26:57.720 [info] fatal: not a git repository (or any parent up to mount point /)
Stopping at filesystem boundary (GIT_DISCOVERY_ACROSS_FILESYSTEM not set).
2023-12-10 15:26:57.797 [info] > git rev-parse --show-toplevel [64ms]
2023-12-10 15:26:57.797 [info] fatal: not a git repository (or any parent up to mount point /)
Stopping at filesystem boundary (GIT_DISCOVERY_ACROSS_FILESYSTEM not set).
2023-12-10 15:26:57.848 [info] > git rev-parse --show-toplevel [16ms]
2023-12-10 15:26:57.848 [info] fatal: not a git repository (or any parent up to mount point /)
Stopping at filesystem boundary (GIT_DISCOVERY_ACROSS_FILESYSTEM not set).
2023-12-10 15:26:57.860 [info] > git rev-parse --show-toplevel [1ms]
2023-12-10 15:26:57.860 [info] fatal: not a git repository (or any parent up to mount point /)
Stopping at filesystem boundary (GIT_DISCOVERY_ACROSS_FILESYSTEM not set).
2023-12-10 15:26:57.867 [info] > git rev-parse --show-toplevel [1ms]
2023-12-10 15:26:57.867 [info] fatal: not a git repository (or any parent up to mount point /)
Stopping at filesystem boundary (GIT_DISCOVERY_ACROSS_FILESYSTEM not set).
2023-12-10 15:26:57.881 [info] > git rev-parse --show-toplevel [2ms]
2023-12-10 15:26:57.881 [info] fatal: not a git repository (or any parent up to mount point /)
Stopping at filesystem boundary (GIT_DISCOVERY_ACROSS_FILESYSTEM not set).
2023-12-10 15:26:57.899 [info] > git rev-parse --show-toplevel [1ms]
2023-12-10 15:26:57.899 [info] fatal: not a git repository (or any parent up to mount point /)
Stopping at filesystem boundary (GIT_DISCOVERY_ACROSS_FILESYSTEM not set).
2023-12-10 15:26:57.913 [info] > git rev-parse --show-toplevel [1ms]
2023-12-10 15:26:57.913 [info] fatal: not a git repository (or any parent up to mount point /)
Stopping at filesystem boundary (GIT_DISCOVERY_ACROSS_FILESYSTEM not set).
2023-12-10 15:26:57.925 [info] > git rev-parse --show-toplevel [2ms]
2023-12-10 15:26:57.926 [info] fatal: not a git repository (or any parent up to mount point /)
Stopping at filesystem boundary (GIT_DISCOVERY_ACROSS_FILESYSTEM not set).
2023-12-10 15:26:57.937 [info] > git rev-parse --show-toplevel [2ms]
2023-12-10 15:26:57.937 [info] fatal: not a git repository (or any parent up to mount point /)
Stopping at filesystem boundary (GIT_DISCOVERY_ACROSS_FILESYSTEM not set).
2023-12-10 15:26:57.948 [info] > git rev-parse --show-toplevel [1ms]
2023-12-10 15:26:57.948 [info] fatal: not a git repository (or any parent up to mount point /)
Stopping at filesystem boundary (GIT_DISCOVERY_ACROSS_FILESYSTEM not set).
2023-12-10 15:26:57.956 [info] > git rev-parse --show-toplevel [2ms]
2023-12-10 15:26:57.956 [info] fatal: not a git repository (or any parent up to mount point /)
Stopping at filesystem boundary (GIT_DISCOVERY_ACROSS_FILESYSTEM not set).
2023-12-10 15:26:57.964 [info] > git rev-parse --show-toplevel [1ms]
2023-12-10 15:26:57.964 [info] fatal: not a git repository (or any parent up to mount point /)
Stopping at filesystem boundary (GIT_DISCOVERY_ACROSS_FILESYSTEM not set).
2023-12-10 15:26:57.974 [info] > git rev-parse --show-toplevel [2ms]
2023-12-10 15:26:57.974 [info] fatal: not a git repository (or any parent up to mount point /)
Stopping at filesystem boundary (GIT_DISCOVERY_ACROSS_FILESYSTEM not set).
2023-12-10 15:26:57.982 [info] > git rev-parse --show-toplevel [1ms]
2023-12-10 15:26:57.982 [info] fatal: not a git repository (or any parent up to mount point /)
Stopping at filesystem boundary (GIT_DISCOVERY_ACROSS_FILESYSTEM not set).
2023-12-10 15:26:57.992 [info] > git rev-parse --show-toplevel [2ms]
2023-12-10 15:26:57.992 [info] fatal: not a git repository (or any parent up to mount point /)
Stopping at filesystem boundary (GIT_DISCOVERY_ACROSS_FILESYSTEM not set).
2023-12-10 15:26:57.999 [info] > git rev-parse --show-toplevel [1ms]
2023-12-10 15:26:57.999 [info] fatal: not a git repository (or any parent up to mount point /)
Stopping at filesystem boundary (GIT_DISCOVERY_ACROSS_FILESYSTEM not set).
2023-12-10 15:26:58.023 [info] > git rev-parse --show-toplevel [15ms]
2023-12-10 15:26:58.023 [info] fatal: not a git repository (or any parent up to mount point /)
Stopping at filesystem boundary (GIT_DISCOVERY_ACROSS_FILESYSTEM not set).
2023-12-10 15:26:58.032 [info] > git rev-parse --show-toplevel [2ms]
2023-12-10 15:26:58.032 [info] fatal: not a git repository (or any parent up to mount point /)
Stopping at filesystem boundary (GIT_DISCOVERY_ACROSS_FILESYSTEM not set).
2023-12-10 15:26:58.043 [info] > git rev-parse --show-toplevel [2ms]
2023-12-10 15:26:58.043 [info] fatal: not a git repository (or any parent up to mount point /)
Stopping at filesystem boundary (GIT_DISCOVERY_ACROSS_FILESYSTEM not set).
2023-12-10 15:26:58.052 [info] > git rev-parse --show-toplevel [1ms]
2023-12-10 15:26:58.052 [info] fatal: not a git repository (or any parent up to mount point /)
Stopping at filesystem boundary (GIT_DISCOVERY_ACROSS_FILESYSTEM not set).
2023-12-10 15:26:58.062 [info] > git rev-parse --show-toplevel [1ms]
2023-12-10 15:26:58.062 [info] fatal: not a git repository (or any parent up to mount point /)
Stopping at filesystem boundary (GIT_DISCOVERY_ACROSS_FILESYSTEM not set).
2023-12-10 15:27:06.210 [info] > git rev-parse --show-toplevel [3ms]
2023-12-10 15:27:06.210 [info] fatal: not a git repository (or any parent up to mount point /)
Stopping at filesystem boundary (GIT_DISCOVERY_ACROSS_FILESYSTEM not set).
2023-12-10 15:27:14.511 [info] > git rev-parse --show-toplevel [1ms]
2023-12-10 15:27:14.511 [info] fatal: not a git repository (or any parent up to mount point /)
Stopping at filesystem boundary (GIT_DISCOVERY_ACROSS_FILESYSTEM not set).
2023-12-10 15:27:33.205 [info] > git rev-parse --show-toplevel [6ms]
2023-12-10 15:27:33.205 [info] fatal: not a git repository (or any parent up to mount point /)
Stopping at filesystem boundary (GIT_DISCOVERY_ACROSS_FILESYSTEM not set).
2023-12-10 15:27:35.488 [info] > git rev-parse --show-toplevel [1ms]
2023-12-10 15:27:35.488 [info] fatal: not a git repository (or any parent up to mount point /)
Stopping at filesystem boundary (GIT_DISCOVERY_ACROSS_FILESYSTEM not set).
2023-12-10 15:27:38.718 [info] > git rev-parse --show-toplevel [2ms]
2023-12-10 15:27:38.718 [info] fatal: not a git repository (or any parent up to mount point /)
Stopping at filesystem boundary (GIT_DISCOVERY_ACROSS_FILESYSTEM not set).
2023-12-10 15:27:42.175 [info] > git rev-parse --show-toplevel [2ms]
2023-12-10 15:27:42.175 [info] fatal: not a git repository (or any parent up to mount point /)
Stopping at filesystem boundary (GIT_DISCOVERY_ACROSS_FILESYSTEM not set).
2023-12-10 15:28:21.421 [info] > git rev-parse --show-toplevel [2ms]
2023-12-10 15:28:21.421 [info] fatal: not a git repository (or any parent up to mount point /)
Stopping at filesystem boundary (GIT_DISCOVERY_ACROSS_FILESYSTEM not set).
2023-12-10 15:28:24.204 [info] > git rev-parse --show-toplevel [2ms]
2023-12-10 15:28:24.204 [info] fatal: not a git repository (or any parent up to mount point /)
Stopping at filesystem boundary (GIT_DISCOVERY_ACROSS_FILESYSTEM not set).
2023-12-10 15:29:01.149 [info] > git rev-parse --show-toplevel [1ms]
2023-12-10 15:29:01.149 [info] fatal: not a git repository (or any parent up to mount point /)
Stopping at filesystem boundary (GIT_DISCOVERY_ACROSS_FILESYSTEM not set).
2023-12-10 15:29:05.044 [info] > git rev-parse --show-toplevel [2ms]
2023-12-10 15:29:05.044 [info] fatal: not a git repository (or any parent up to mount point /)
Stopping at filesystem boundary (GIT_DISCOVERY_ACROSS_FILESYSTEM not set).
