2024-06-25 19:49:12.042 [info] Started local extension host with pid 10352.
2024-06-25 19:49:12.155 [warning] [well-ar.plantuml]: Cannot register 'plantuml.exportFormat'. This property is already registered.
2024-06-25 19:49:12.156 [warning] [well-ar.plantuml]: Cannot register 'plantuml.java'. This property is already registered.
2024-06-25 19:49:12.156 [warning] [well-ar.plantuml]: Cannot register 'plantuml.jar'. This property is already registered.
2024-06-25 19:49:12.156 [warning] [well-ar.plantuml]: Cannot register 'plantuml.diagramsRoot'. This property is already registered.
2024-06-25 19:49:12.156 [warning] [well-ar.plantuml]: Cannot register 'plantuml.fileExtensions'. This property is already registered.
2024-06-25 19:49:12.156 [warning] [well-ar.plantuml]: Cannot register 'plantuml.exportSubFolder'. This property is already registered.
2024-06-25 19:49:12.156 [warning] [well-ar.plantuml]: Cannot register 'plantuml.exportIncludeFolderHeirarchy'. This property is already registered.
2024-06-25 19:49:12.156 [warning] [well-ar.plantuml]: Cannot register 'plantuml.exportConcurrency'. This property is already registered.
2024-06-25 19:49:12.156 [warning] [well-ar.plantuml]: Cannot register 'plantuml.exportOutDir'. This property is already registered.
2024-06-25 19:49:12.157 [warning] [well-ar.plantuml]: Cannot register 'plantuml.exportMapFile'. This property is already registered.
2024-06-25 19:49:12.157 [warning] [well-ar.plantuml]: Cannot register 'plantuml.previewAutoUpdate'. This property is already registered.
2024-06-25 19:49:12.157 [warning] [well-ar.plantuml]: Cannot register 'plantuml.previewSnapIndicators'. This property is already registered.
2024-06-25 19:49:12.157 [warning] [well-ar.plantuml]: Cannot register 'plantuml.server'. This property is already registered.
2024-06-25 19:49:12.157 [warning] [well-ar.plantuml]: Cannot register 'plantuml.urlFormat'. This property is already registered.
2024-06-25 19:49:12.157 [warning] [well-ar.plantuml]: Cannot register 'plantuml.urlResult'. This property is already registered.
2024-06-25 19:49:12.157 [warning] [well-ar.plantuml]: Cannot register 'plantuml.render'. This property is already registered.
2024-06-25 19:49:12.157 [warning] [well-ar.plantuml]: Cannot register 'plantuml.includepaths'. This property is already registered.
2024-06-25 19:49:12.157 [warning] [well-ar.plantuml]: Cannot register 'plantuml.lintDiagramNoName'. This property is already registered.
2024-06-25 19:49:12.158 [warning] [well-ar.plantuml]: Cannot register 'plantuml.commandArgs'. This property is already registered.
2024-06-25 19:49:12.158 [warning] [well-ar.plantuml]: Cannot register 'plantuml.jarArgs'. This property is already registered.
2024-06-25 19:49:12.181 [info] [well-ar.plantuml]: Command `plantuml.exportCurrent` already registered by PlantUML (jebbs.plantuml)
2024-06-25 19:49:12.181 [info] [well-ar.plantuml]: Command `plantuml.exportDocument` already registered by PlantUML (jebbs.plantuml)
2024-06-25 19:49:12.182 [info] [well-ar.plantuml]: Command `plantuml.exportWorkspace` already registered by PlantUML (jebbs.plantuml)
2024-06-25 19:49:12.182 [info] [well-ar.plantuml]: Command `plantuml.preview` already registered by PlantUML (jebbs.plantuml)
2024-06-25 19:49:12.182 [info] [well-ar.plantuml]: Command `plantuml.URLCurrent` already registered by PlantUML (jebbs.plantuml)
2024-06-25 19:49:12.182 [info] [well-ar.plantuml]: Command `plantuml.URLDocument` already registered by PlantUML (jebbs.plantuml)
2024-06-25 19:49:12.182 [info] [well-ar.plantuml]: Command `plantuml.extractSource` already registered by PlantUML (jebbs.plantuml)
2024-06-25 19:49:12.465 [error] [hollowtree.vue-snippets]: Unknown language in `contributes.vue-snippets.language`. Provided value: vue-html
2024-06-25 19:49:14.795 [info] [perf] Render performance baseline is 23ms
2024-06-25 19:49:47.527 [error] Method not found: toJSON: CodeExpectedError: Method not found: toJSON
    at Object.call (/opt/visual-studio-code/resources/app/out/vs/code/electron-main/main.js:44:5381)
    at P.s (/opt/visual-studio-code/resources/app/out/vs/code/electron-main/main.js:42:5444)
    at P.q (/opt/visual-studio-code/resources/app/out/vs/code/electron-main/main.js:42:4899)
    at v.value (/opt/visual-studio-code/resources/app/out/vs/code/electron-main/main.js:42:4208)
    at s.y (/opt/visual-studio-code/resources/app/out/vs/code/electron-main/main.js:37:682)
    at s.z (/opt/visual-studio-code/resources/app/out/vs/code/electron-main/main.js:37:757)
    at s.fire (/opt/visual-studio-code/resources/app/out/vs/code/electron-main/main.js:37:976)
    at v.value (/opt/visual-studio-code/resources/app/out/vs/code/electron-main/main.js:33:29202)
    at s.y (/opt/visual-studio-code/resources/app/out/vs/code/electron-main/main.js:37:682)
    at s.fire (/opt/visual-studio-code/resources/app/out/vs/code/electron-main/main.js:37:905)
    at v.value (/opt/visual-studio-code/resources/app/out/vs/code/electron-main/main.js:33:29405)
    at s.y (/opt/visual-studio-code/resources/app/out/vs/code/electron-main/main.js:37:682)
    at s.fire (/opt/visual-studio-code/resources/app/out/vs/code/electron-main/main.js:37:905)
    at $e (/opt/visual-studio-code/resources/app/out/vs/code/electron-main/main.js:33:31818)
    at IpcMainImpl.c (/opt/visual-studio-code/resources/app/out/vs/code/electron-main/main.js:44:19580)
    at IpcMainImpl.emit (node:events:514:28)
    at WebContents.<anonymous> (node:electron/js2c/browser_init:2:78003)
    at WebContents.emit (node:events:514:28)
