2024-06-25 19:49:11.999 [info] Added views:workbench.panel.markers.view in workbench.panel.markers
2024-06-25 19:49:11.999 [info] Added views:workbench.panel.output in workbench.panel.output
2024-06-25 19:49:11.999 [info] Added views:terminal in terminal
2024-06-25 19:49:11.999 [info] Added views:workbench.scm in workbench.view.scm
2024-06-25 19:49:11.999 [info] Added views:workbench.view.search in workbench.view.search
2024-06-25 19:49:11.999 [info] Added views:outline in workbench.views.service.sidebar.7d5744e8-1de6-46fd-a1bc-0ed4aeb4d729
2024-06-25 19:49:11.999 [info] Added views:workbench.explorer.fileView in workbench.view.explorer
2024-06-25 19:49:12.235 [info] Added views:gitlens.views.home,gitlens.views.workspaces,gitlens.views.account in workbench.view.extension.gitlens
2024-06-25 19:49:12.236 [info] Added views:gitlens.views.commitDetails,gitlens.views.lineHistory,gitlens.views.fileHistory,gitlens.views.searchAndCompare in workbench.view.extension.gitlensInspect
2024-06-25 19:49:12.337 [info] Added views:workbench.debug.variablesView,workbench.debug.watchExpressionsView,workbench.debug.callStackView,workbench.debug.breakPointsView in workbench.view.debug
2024-06-25 19:49:12.364 [info] Added views:workbench.panel.repl.view in workbench.panel.repl
2024-06-25 19:49:12.365 [info] Removed views:workbench.debug.breakPointsView,workbench.debug.callStackView,workbench.debug.watchExpressionsView,workbench.debug.variablesView from workbench.view.debug
2024-06-25 19:49:12.366 [info] Added views:workbench.debug.welcome in workbench.view.debug
2024-06-25 19:49:12.487 [info] Added views:~remote.forwardedPorts in ~remote.forwardedPortsContainer
2024-06-25 19:49:12.512 [info] Added views:npm in workbench.views.service.sidebar.891ed81b-c9a5-4b31-a3c6-40abc19da414
2024-06-25 19:49:12.778 [info] Removed views:gitlens.views.searchAndCompare,gitlens.views.fileHistory,gitlens.views.lineHistory,gitlens.views.commitDetails from workbench.view.extension.gitlensInspect
2024-06-25 19:49:12.861 [info] Added views:gitlens.views.drafts in workbench.view.extension.gitlens
2024-06-25 19:49:12.998 [info] Added views:gitlens.views.commitDetails,gitlens.views.lineHistory,gitlens.views.fileHistory,gitlens.views.searchAndCompare in workbench.view.extension.gitlensInspect
2024-06-25 19:49:14.006 [info] Added views:gitlens.views.graph,gitlens.views.graphDetails in workbench.view.extension.gitlensPanel
2024-06-25 19:49:14.006 [info] Added views:gitlens.views.timeline in workbench.view.extension.gitlensInspect
