2023-12-10 11:39:51.313 [info] Log level: Info
2023-12-10 11:39:51.313 [info] Validating found git in: "git"
2023-12-10 11:39:51.313 [info] Using git "2.43.0" from "git"
2023-12-10 11:39:51.313 [info] > git rev-parse --show-toplevel [6ms]
2023-12-10 11:39:51.313 [info] fatal: not a git repository (or any parent up to mount point /)
Stopping at filesystem boundary (GIT_DISCOVERY_ACROSS_FILESYSTEM not set).
2023-12-10 11:39:51.313 [info] > git rev-parse --show-toplevel [4ms]
2023-12-10 11:39:51.313 [info] fatal: not a git repository (or any parent up to mount point /)
Stopping at filesystem boundary (GIT_DISCOVERY_ACROSS_FILESYSTEM not set).
2023-12-10 11:39:51.313 [info] > git rev-parse --show-toplevel [29ms]
2023-12-10 11:39:51.313 [info] fatal: not a git repository (or any parent up to mount point /)
Stopping at filesystem boundary (GIT_DISCOVERY_ACROSS_FILESYSTEM not set).
2023-12-10 11:39:51.316 [info] > git rev-parse --show-toplevel [3ms]
2023-12-10 11:39:51.316 [info] fatal: not a git repository (or any parent up to mount point /)
Stopping at filesystem boundary (GIT_DISCOVERY_ACROSS_FILESYSTEM not set).
2023-12-10 11:39:51.325 [info] > git rev-parse --show-toplevel [2ms]
2023-12-10 11:39:51.325 [info] fatal: not a git repository (or any parent up to mount point /)
Stopping at filesystem boundary (GIT_DISCOVERY_ACROSS_FILESYSTEM not set).
2023-12-10 11:39:51.335 [info] > git rev-parse --show-toplevel [2ms]
2023-12-10 11:39:51.335 [info] fatal: not a git repository (or any parent up to mount point /)
Stopping at filesystem boundary (GIT_DISCOVERY_ACROSS_FILESYSTEM not set).
2023-12-10 11:39:51.343 [info] > git rev-parse --show-toplevel [1ms]
2023-12-10 11:39:51.343 [info] fatal: not a git repository (or any parent up to mount point /)
Stopping at filesystem boundary (GIT_DISCOVERY_ACROSS_FILESYSTEM not set).
2023-12-10 11:39:51.350 [info] > git rev-parse --show-toplevel [1ms]
2023-12-10 11:39:51.350 [info] fatal: not a git repository (or any parent up to mount point /)
Stopping at filesystem boundary (GIT_DISCOVERY_ACROSS_FILESYSTEM not set).
2023-12-10 11:39:51.356 [info] > git rev-parse --show-toplevel [1ms]
2023-12-10 11:39:51.356 [info] fatal: not a git repository (or any parent up to mount point /)
Stopping at filesystem boundary (GIT_DISCOVERY_ACROSS_FILESYSTEM not set).
2023-12-10 11:39:51.363 [info] > git rev-parse --show-toplevel [1ms]
2023-12-10 11:39:51.363 [info] fatal: not a git repository (or any parent up to mount point /)
Stopping at filesystem boundary (GIT_DISCOVERY_ACROSS_FILESYSTEM not set).
2023-12-10 11:39:51.371 [info] > git rev-parse --show-toplevel [1ms]
2023-12-10 11:39:51.371 [info] fatal: not a git repository (or any parent up to mount point /)
Stopping at filesystem boundary (GIT_DISCOVERY_ACROSS_FILESYSTEM not set).
2023-12-10 11:39:51.378 [info] > git rev-parse --show-toplevel [1ms]
2023-12-10 11:39:51.378 [info] fatal: not a git repository (or any parent up to mount point /)
Stopping at filesystem boundary (GIT_DISCOVERY_ACROSS_FILESYSTEM not set).
2023-12-10 11:39:51.386 [info] > git rev-parse --show-toplevel [2ms]
2023-12-10 11:39:51.386 [info] fatal: not a git repository (or any parent up to mount point /)
Stopping at filesystem boundary (GIT_DISCOVERY_ACROSS_FILESYSTEM not set).
2023-12-10 11:39:51.392 [info] > git rev-parse --show-toplevel [1ms]
2023-12-10 11:39:51.392 [info] fatal: not a git repository (or any parent up to mount point /)
Stopping at filesystem boundary (GIT_DISCOVERY_ACROSS_FILESYSTEM not set).
2023-12-10 11:39:51.399 [info] > git rev-parse --show-toplevel [1ms]
2023-12-10 11:39:51.399 [info] fatal: not a git repository (or any parent up to mount point /)
Stopping at filesystem boundary (GIT_DISCOVERY_ACROSS_FILESYSTEM not set).
2023-12-10 11:39:51.406 [info] > git rev-parse --show-toplevel [1ms]
2023-12-10 11:39:51.406 [info] fatal: not a git repository (or any parent up to mount point /)
Stopping at filesystem boundary (GIT_DISCOVERY_ACROSS_FILESYSTEM not set).
2023-12-10 11:39:51.413 [info] > git rev-parse --show-toplevel [1ms]
2023-12-10 11:39:51.413 [info] fatal: not a git repository (or any parent up to mount point /)
Stopping at filesystem boundary (GIT_DISCOVERY_ACROSS_FILESYSTEM not set).
2023-12-10 11:39:51.421 [info] > git rev-parse --show-toplevel [1ms]
2023-12-10 11:39:51.421 [info] fatal: not a git repository (or any parent up to mount point /)
Stopping at filesystem boundary (GIT_DISCOVERY_ACROSS_FILESYSTEM not set).
2023-12-10 11:39:51.430 [info] > git rev-parse --show-toplevel [2ms]
2023-12-10 11:39:51.430 [info] fatal: not a git repository (or any parent up to mount point /)
Stopping at filesystem boundary (GIT_DISCOVERY_ACROSS_FILESYSTEM not set).
2023-12-10 11:39:51.438 [info] > git rev-parse --show-toplevel [2ms]
2023-12-10 11:39:51.438 [info] fatal: not a git repository (or any parent up to mount point /)
Stopping at filesystem boundary (GIT_DISCOVERY_ACROSS_FILESYSTEM not set).
2023-12-10 11:39:51.458 [info] > git rev-parse --show-toplevel [15ms]
2023-12-10 11:39:51.458 [info] fatal: not a git repository (or any parent up to mount point /)
Stopping at filesystem boundary (GIT_DISCOVERY_ACROSS_FILESYSTEM not set).
2023-12-10 11:39:51.466 [info] > git rev-parse --show-toplevel [2ms]
2023-12-10 11:39:51.466 [info] fatal: not a git repository (or any parent up to mount point /)
Stopping at filesystem boundary (GIT_DISCOVERY_ACROSS_FILESYSTEM not set).
2023-12-10 11:39:51.474 [info] > git rev-parse --show-toplevel [2ms]
2023-12-10 11:39:51.474 [info] fatal: not a git repository (or any parent up to mount point /)
Stopping at filesystem boundary (GIT_DISCOVERY_ACROSS_FILESYSTEM not set).
2023-12-10 11:39:51.482 [info] > git rev-parse --show-toplevel [2ms]
2023-12-10 11:39:51.482 [info] fatal: not a git repository (or any parent up to mount point /)
Stopping at filesystem boundary (GIT_DISCOVERY_ACROSS_FILESYSTEM not set).
2023-12-10 11:41:00.895 [info] > git rev-parse --show-toplevel [1ms]
2023-12-10 11:41:00.895 [info] fatal: not a git repository (or any parent up to mount point /)
Stopping at filesystem boundary (GIT_DISCOVERY_ACROSS_FILESYSTEM not set).
2023-12-10 11:41:11.049 [info] > git rev-parse --show-toplevel [1ms]
2023-12-10 11:41:11.049 [info] fatal: not a git repository (or any parent up to mount point /)
Stopping at filesystem boundary (GIT_DISCOVERY_ACROSS_FILESYSTEM not set).
