2024-06-23 21:31:15.978 [info] Log level: Info
2024-06-23 21:31:15.978 [info] Validating found git in: "git"
2024-06-23 21:31:15.978 [info] Using git "2.45.2" from "git"
2024-06-23 21:31:41.150 [info] Log level: Info
2024-06-23 21:31:41.150 [info] Validating found git in: "git"
2024-06-23 21:31:41.150 [info] Using git "2.45.2" from "git"
2024-06-23 21:31:41.154 [info] > git rev-parse --show-toplevel [7ms]
2024-06-23 21:31:41.154 [info] fatal: not a git repository (or any parent up to mount point /)
Stopping at filesystem boundary (GIT_DISCOVERY_ACROSS_FILESYSTEM not set).
2024-06-23 21:31:41.160 [info] > git rev-parse --show-toplevel [1ms]
2024-06-23 21:31:41.160 [info] fatal: not a git repository (or any parent up to mount point /)
Stopping at filesystem boundary (GIT_DISCOVERY_ACROSS_FILESYSTEM not set).
2024-06-23 21:31:42.016 [info] > git rev-parse --show-toplevel [1ms]
2024-06-23 21:31:42.016 [info] fatal: not a git repository (or any parent up to mount point /)
Stopping at filesystem boundary (GIT_DISCOVERY_ACROSS_FILESYSTEM not set).
2024-06-23 21:31:42.151 [info] > git rev-parse --show-toplevel [1ms]
2024-06-23 21:31:42.151 [info] fatal: not a git repository (or any parent up to mount point /)
Stopping at filesystem boundary (GIT_DISCOVERY_ACROSS_FILESYSTEM not set).
2024-06-23 21:31:43.504 [info] > git rev-parse --show-toplevel [2ms]
2024-06-23 21:31:43.504 [info] fatal: not a git repository (or any parent up to mount point /)
Stopping at filesystem boundary (GIT_DISCOVERY_ACROSS_FILESYSTEM not set).
2024-06-23 21:31:45.283 [info] > git rev-parse --show-toplevel [1ms]
2024-06-23 21:31:45.283 [info] fatal: not a git repository (or any parent up to mount point /)
Stopping at filesystem boundary (GIT_DISCOVERY_ACROSS_FILESYSTEM not set).
2024-06-23 21:31:45.646 [info] > git rev-parse --show-toplevel [1ms]
2024-06-23 21:31:45.646 [info] fatal: not a git repository (or any parent up to mount point /)
Stopping at filesystem boundary (GIT_DISCOVERY_ACROSS_FILESYSTEM not set).
2024-06-23 21:31:47.097 [info] > git rev-parse --show-toplevel [2ms]
2024-06-23 21:31:47.097 [info] fatal: not a git repository (or any parent up to mount point /)
Stopping at filesystem boundary (GIT_DISCOVERY_ACROSS_FILESYSTEM not set).
2024-06-23 21:37:07.699 [info] > git rev-parse --show-toplevel [2ms]
2024-06-23 21:37:07.699 [info] fatal: not a git repository (or any parent up to mount point /)
Stopping at filesystem boundary (GIT_DISCOVERY_ACROSS_FILESYSTEM not set).
2024-06-23 21:37:09.725 [info] > git rev-parse --show-toplevel [1ms]
2024-06-23 21:37:09.726 [info] fatal: not a git repository (or any parent up to mount point /)
Stopping at filesystem boundary (GIT_DISCOVERY_ACROSS_FILESYSTEM not set).
2024-06-23 21:38:18.207 [info] > git rev-parse --show-toplevel [1ms]
2024-06-23 21:38:18.207 [info] fatal: not a git repository (or any parent up to mount point /)
Stopping at filesystem boundary (GIT_DISCOVERY_ACROSS_FILESYSTEM not set).
2024-06-23 21:38:18.756 [info] > git rev-parse --show-toplevel [1ms]
2024-06-23 21:38:18.756 [info] fatal: not a git repository (or any parent up to mount point /)
Stopping at filesystem boundary (GIT_DISCOVERY_ACROSS_FILESYSTEM not set).
2024-06-23 21:38:19.593 [info] > git rev-parse --show-toplevel [2ms]
2024-06-23 21:38:19.593 [info] fatal: not a git repository (or any parent up to mount point /)
Stopping at filesystem boundary (GIT_DISCOVERY_ACROSS_FILESYSTEM not set).
2024-06-23 21:38:19.989 [info] > git rev-parse --show-toplevel [2ms]
2024-06-23 21:38:19.989 [info] fatal: not a git repository (or any parent up to mount point /)
Stopping at filesystem boundary (GIT_DISCOVERY_ACROSS_FILESYSTEM not set).
2024-06-23 21:38:20.422 [info] > git rev-parse --show-toplevel [3ms]
2024-06-23 21:38:20.422 [info] fatal: not a git repository (or any parent up to mount point /)
Stopping at filesystem boundary (GIT_DISCOVERY_ACROSS_FILESYSTEM not set).
2024-06-23 21:38:21.191 [info] > git rev-parse --show-toplevel [2ms]
2024-06-23 21:38:21.191 [info] fatal: not a git repository (or any parent up to mount point /)
Stopping at filesystem boundary (GIT_DISCOVERY_ACROSS_FILESYSTEM not set).
2024-06-23 21:39:07.013 [info] > git rev-parse --show-toplevel [1ms]
2024-06-23 21:39:07.410 [info] fatal: not a git repository (or any parent up to mount point /)
Stopping at filesystem boundary (GIT_DISCOVERY_ACROSS_FILESYSTEM not set).
2024-06-23 21:39:08.557 [info] > git rev-parse --show-toplevel [1ms]
2024-06-23 21:39:08.557 [info] fatal: not a git repository (or any parent up to mount point /)
Stopping at filesystem boundary (GIT_DISCOVERY_ACROSS_FILESYSTEM not set).
2024-06-23 21:39:08.954 [info] > git rev-parse --show-toplevel [1ms]
2024-06-23 21:39:08.954 [info] fatal: not a git repository (or any parent up to mount point /)
Stopping at filesystem boundary (GIT_DISCOVERY_ACROSS_FILESYSTEM not set).
2024-06-23 21:39:09.602 [info] > git rev-parse --show-toplevel [1ms]
2024-06-23 21:39:09.760 [info] fatal: not a git repository (or any parent up to mount point /)
Stopping at filesystem boundary (GIT_DISCOVERY_ACROSS_FILESYSTEM not set).
2024-06-23 21:39:12.035 [info] > git rev-parse --show-toplevel [1ms]
2024-06-23 21:39:12.035 [info] fatal: not a git repository (or any parent up to mount point /)
Stopping at filesystem boundary (GIT_DISCOVERY_ACROSS_FILESYSTEM not set).
