2023-12-10 11:25:20.434 [info] Log level: Info
2023-12-10 11:25:20.434 [info] Validating found git in: "git"
2023-12-10 11:25:20.434 [info] Using git "2.43.0" from "git"
2023-12-10 11:25:20.434 [info] > git rev-parse --show-toplevel [6ms]
2023-12-10 11:25:20.434 [info] fatal: not a git repository (or any parent up to mount point /)
Stopping at filesystem boundary (GIT_DISCOVERY_ACROSS_FILESYSTEM not set).
2023-12-10 11:25:20.434 [info] > git rev-parse --show-toplevel [8ms]
2023-12-10 11:25:20.434 [info] fatal: not a git repository (or any parent up to mount point /)
Stopping at filesystem boundary (GIT_DISCOVERY_ACROSS_FILESYSTEM not set).
2023-12-10 11:25:20.434 [info] > git rev-parse --show-toplevel [22ms]
2023-12-10 11:25:20.434 [info] fatal: not a git repository (or any parent up to mount point /)
Stopping at filesystem boundary (GIT_DISCOVERY_ACROSS_FILESYSTEM not set).
2023-12-10 11:25:20.445 [info] > git rev-parse --show-toplevel [3ms]
2023-12-10 11:25:20.445 [info] fatal: not a git repository (or any parent up to mount point /)
Stopping at filesystem boundary (GIT_DISCOVERY_ACROSS_FILESYSTEM not set).
2023-12-10 11:25:20.458 [info] > git rev-parse --show-toplevel [1ms]
2023-12-10 11:25:20.458 [info] fatal: not a git repository (or any parent up to mount point /)
Stopping at filesystem boundary (GIT_DISCOVERY_ACROSS_FILESYSTEM not set).
2023-12-10 11:25:20.467 [info] > git rev-parse --show-toplevel [1ms]
2023-12-10 11:25:20.467 [info] fatal: not a git repository (or any parent up to mount point /)
Stopping at filesystem boundary (GIT_DISCOVERY_ACROSS_FILESYSTEM not set).
2023-12-10 11:25:20.475 [info] > git rev-parse --show-toplevel [1ms]
2023-12-10 11:25:20.475 [info] fatal: not a git repository (or any parent up to mount point /)
Stopping at filesystem boundary (GIT_DISCOVERY_ACROSS_FILESYSTEM not set).
2023-12-10 11:25:20.483 [info] > git rev-parse --show-toplevel [1ms]
2023-12-10 11:25:20.483 [info] fatal: not a git repository (or any parent up to mount point /)
Stopping at filesystem boundary (GIT_DISCOVERY_ACROSS_FILESYSTEM not set).
2023-12-10 11:25:20.492 [info] > git rev-parse --show-toplevel [1ms]
2023-12-10 11:25:20.492 [info] fatal: not a git repository (or any parent up to mount point /)
Stopping at filesystem boundary (GIT_DISCOVERY_ACROSS_FILESYSTEM not set).
2023-12-10 11:25:20.501 [info] > git rev-parse --show-toplevel [2ms]
2023-12-10 11:25:20.501 [info] fatal: not a git repository (or any parent up to mount point /)
Stopping at filesystem boundary (GIT_DISCOVERY_ACROSS_FILESYSTEM not set).
2023-12-10 11:25:20.510 [info] > git rev-parse --show-toplevel [1ms]
2023-12-10 11:25:20.510 [info] fatal: not a git repository (or any parent up to mount point /)
Stopping at filesystem boundary (GIT_DISCOVERY_ACROSS_FILESYSTEM not set).
2023-12-10 11:25:20.517 [info] > git rev-parse --show-toplevel [1ms]
2023-12-10 11:25:20.517 [info] fatal: not a git repository (or any parent up to mount point /)
Stopping at filesystem boundary (GIT_DISCOVERY_ACROSS_FILESYSTEM not set).
2023-12-10 11:25:20.526 [info] > git rev-parse --show-toplevel [2ms]
2023-12-10 11:25:20.526 [info] fatal: not a git repository (or any parent up to mount point /)
Stopping at filesystem boundary (GIT_DISCOVERY_ACROSS_FILESYSTEM not set).
2023-12-10 11:25:20.532 [info] > git rev-parse --show-toplevel [1ms]
2023-12-10 11:25:20.532 [info] fatal: not a git repository (or any parent up to mount point /)
Stopping at filesystem boundary (GIT_DISCOVERY_ACROSS_FILESYSTEM not set).
2023-12-10 11:25:20.541 [info] > git rev-parse --show-toplevel [1ms]
2023-12-10 11:25:20.541 [info] fatal: not a git repository (or any parent up to mount point /)
Stopping at filesystem boundary (GIT_DISCOVERY_ACROSS_FILESYSTEM not set).
2023-12-10 11:25:20.547 [info] > git rev-parse --show-toplevel [1ms]
2023-12-10 11:25:20.547 [info] fatal: not a git repository (or any parent up to mount point /)
Stopping at filesystem boundary (GIT_DISCOVERY_ACROSS_FILESYSTEM not set).
2023-12-10 11:25:20.554 [info] > git rev-parse --show-toplevel [1ms]
2023-12-10 11:25:20.554 [info] fatal: not a git repository (or any parent up to mount point /)
Stopping at filesystem boundary (GIT_DISCOVERY_ACROSS_FILESYSTEM not set).
2023-12-10 11:25:20.560 [info] > git rev-parse --show-toplevel [1ms]
2023-12-10 11:25:20.560 [info] fatal: not a git repository (or any parent up to mount point /)
Stopping at filesystem boundary (GIT_DISCOVERY_ACROSS_FILESYSTEM not set).
2023-12-10 11:25:20.568 [info] > git rev-parse --show-toplevel [2ms]
2023-12-10 11:25:20.568 [info] fatal: not a git repository (or any parent up to mount point /)
Stopping at filesystem boundary (GIT_DISCOVERY_ACROSS_FILESYSTEM not set).
2023-12-10 11:25:20.578 [info] > git rev-parse --show-toplevel [2ms]
2023-12-10 11:25:20.578 [info] fatal: not a git repository (or any parent up to mount point /)
Stopping at filesystem boundary (GIT_DISCOVERY_ACROSS_FILESYSTEM not set).
2023-12-10 11:25:20.588 [info] > git rev-parse --show-toplevel [1ms]
2023-12-10 11:25:20.588 [info] fatal: not a git repository (or any parent up to mount point /)
Stopping at filesystem boundary (GIT_DISCOVERY_ACROSS_FILESYSTEM not set).
2023-12-10 11:25:20.598 [info] > git rev-parse --show-toplevel [2ms]
2023-12-10 11:25:20.598 [info] fatal: not a git repository (or any parent up to mount point /)
Stopping at filesystem boundary (GIT_DISCOVERY_ACROSS_FILESYSTEM not set).
2023-12-10 11:25:20.609 [info] > git rev-parse --show-toplevel [1ms]
2023-12-10 11:25:20.609 [info] fatal: not a git repository (or any parent up to mount point /)
Stopping at filesystem boundary (GIT_DISCOVERY_ACROSS_FILESYSTEM not set).
2023-12-10 11:25:20.644 [info] > git rev-parse --show-toplevel [2ms]
2023-12-10 11:25:20.644 [info] fatal: not a git repository (or any parent up to mount point /)
Stopping at filesystem boundary (GIT_DISCOVERY_ACROSS_FILESYSTEM not set).
2023-12-10 11:26:11.097 [info] > git rev-parse --show-toplevel [1ms]
2023-12-10 11:26:11.097 [info] fatal: not a git repository (or any parent up to mount point /)
Stopping at filesystem boundary (GIT_DISCOVERY_ACROSS_FILESYSTEM not set).
