2023-12-10 12:34:31.224 [info] Extension host with pid 2680 started
2023-12-10 12:34:31.224 [info] Skipping acquiring lock for /home/bismarckx/.config/Code - OSS/User/workspaceStorage/69b8ecdce509889e138d9937e972def2.
2023-12-10 12:34:31.332 [info] ExtensionService#_doActivateExtension vscode.emmet, startup: false, activationEvent: 'onLanguage'
2023-12-10 12:34:31.403 [info] ExtensionService#_doActivateExtension vscode.git-base, startup: true, activationEvent: '*', root cause: vscode.git
2023-12-10 12:34:31.414 [info] ExtensionService#_doActivateExtension vscode.git, startup: true, activationEvent: '*'
2023-12-10 12:34:31.530 [info] ExtensionService#_doActivateExtension vscode.github, startup: true, activationEvent: '*'
2023-12-10 12:34:31.620 [info] Eager extensions activated
2023-12-10 12:34:31.685 [info] ExtensionService#_doActivateExtension vscode.debug-auto-launch, startup: false, activationEvent: 'onStartupFinished'
2023-12-10 12:34:31.691 [info] ExtensionService#_doActivateExtension vscode.merge-conflict, startup: false, activationEvent: 'onStartupFinished'
2023-12-10 12:34:31.726 [info] ExtensionService#_doActivateExtension PKief.material-icon-theme, startup: false, activationEvent: 'onStartupFinished'
2023-12-10 12:34:56.299 [info] ExtensionService#_doActivateExtension timonwong.shellcheck, startup: false, activationEvent: 'onLanguage:shellscript'
2023-12-10 12:37:48.230 [info] ExtensionService#_doActivateExtension vscode.json-language-features, startup: false, activationEvent: 'onLanguage:jsonc'
2023-12-10 12:37:48.308 [info] ExtensionService#_doActivateExtension vscode.typescript-language-features, startup: false, activationEvent: 'onLanguage:jsonc'
2023-12-10 15:26:55.295 [info] Extension host terminating: renderer closed the MessagePort
2023-12-10 15:26:55.307 [info] Extension host with pid 2680 exiting with code 0
2023-12-10 15:26:57.313 [info] Extension host with pid 9578 started
2023-12-10 15:26:57.313 [info] Skipping acquiring lock for /home/bismarckx/.config/Code - OSS/User/workspaceStorage/69b8ecdce509889e138d9937e972def2.
2023-12-10 15:26:57.346 [info] ExtensionService#_doActivateExtension vscode.emmet, startup: false, activationEvent: 'onLanguage'
2023-12-10 15:26:57.403 [info] ExtensionService#_doActivateExtension vscode.git-base, startup: true, activationEvent: '*', root cause: vscode.git
2023-12-10 15:26:57.434 [info] ExtensionService#_doActivateExtension vscode.git, startup: true, activationEvent: '*'
2023-12-10 15:26:57.549 [info] ExtensionService#_doActivateExtension vscode.github, startup: true, activationEvent: '*'
2023-12-10 15:26:57.668 [info] Eager extensions activated
2023-12-10 15:26:57.733 [info] ExtensionService#_doActivateExtension vscode.debug-auto-launch, startup: false, activationEvent: 'onStartupFinished'
2023-12-10 15:26:57.736 [info] ExtensionService#_doActivateExtension vscode.merge-conflict, startup: false, activationEvent: 'onStartupFinished'
2023-12-10 15:26:57.769 [info] ExtensionService#_doActivateExtension PKief.material-icon-theme, startup: false, activationEvent: 'onStartupFinished'
2023-12-10 15:27:32.998 [info] ExtensionService#_doActivateExtension vscode.json-language-features, startup: false, activationEvent: 'onLanguage:jsonc'
2023-12-10 15:27:33.073 [info] ExtensionService#_doActivateExtension vscode.typescript-language-features, startup: false, activationEvent: 'onLanguage:jsonc'
