2024-06-24 23:12:39.037 [info] Added views:workbench.panel.markers.view in workbench.panel.markers
2024-06-24 23:12:39.037 [info] Added views:workbench.panel.output in workbench.panel.output
2024-06-24 23:12:39.037 [info] Added views:terminal in terminal
2024-06-24 23:12:39.037 [info] Added views:workbench.scm in workbench.view.scm
2024-06-24 23:12:39.037 [info] Added views:workbench.view.search in workbench.view.search
2024-06-24 23:12:39.037 [info] Added views:outline in workbench.views.service.sidebar.7d5744e8-1de6-46fd-a1bc-0ed4aeb4d729
2024-06-24 23:12:39.037 [info] Added views:workbench.explorer.fileView in workbench.view.explorer
2024-06-24 23:12:39.212 [info] Added views:workbench.debug.welcome in workbench.view.debug
2024-06-24 23:12:39.331 [info] Added views:gitlens.views.home,gitlens.views.workspaces,gitlens.views.account in workbench.view.extension.gitlens
2024-06-24 23:12:39.331 [info] Added views:gitlens.views.commitDetails,gitlens.views.lineHistory,gitlens.views.fileHistory,gitlens.views.searchAndCompare in workbench.view.extension.gitlensInspect
2024-06-24 23:12:39.503 [info] Added views:workbench.panel.repl.view in workbench.panel.repl
2024-06-24 23:12:40.221 [info] Added views:~remote.forwardedPorts in ~remote.forwardedPortsContainer
2024-06-24 23:12:40.488 [info] Added views:npm in workbench.views.service.sidebar.891ed81b-c9a5-4b31-a3c6-40abc19da414
2024-06-24 23:12:40.956 [info] Added views:gitlens.views.drafts in workbench.view.extension.gitlens
2024-06-24 23:12:41.700 [info] Added views:gitlens.views.graph,gitlens.views.graphDetails in workbench.view.extension.gitlensPanel
2024-06-24 23:12:41.700 [info] Added views:gitlens.views.timeline in workbench.view.extension.gitlensInspect
2024-06-24 23:25:57.734 [info] Added views:workbench.views.extensions.installed,workbench.views.extensions.popular,extensions.recommendedList in workbench.view.extensions
2024-06-24 23:25:57.737 [info] Removed views:workbench.views.extensions.popular from workbench.view.extensions
2024-06-24 23:26:12.620 [info] Removed views:extensions.recommendedList,workbench.views.extensions.installed from workbench.view.extensions
2024-06-24 23:26:12.629 [info] Added views:workbench.views.extensions.marketplace in workbench.view.extensions
