Initializing document watcher...
vue/src/App.vue: {}
vue/src/components/Navbar.vue: {}
vue/src/components/Navbar.vue: {}
vue/src/components/Navbar.vue: {}
vue/src/components/UI/MyButton.vue: {}
vue/src/components/UI/MyButton.vue: {}
vue/src/components/UI/MyButton.vue: {}
vue/src/components/Navbar.vue: {}
vue/src/components/Navbar.vue: {}
vue/src/components/Navbar.vue: {}
vue/src/components/UI/MyInput.vue: {}
vue/src/components/UI/MyInput.vue: {}
vue/src/components/UI/MyInput.vue: {}
vue/src/components/UI/MyInput.vue: {}
vue/src/components/UI/MyInput.vue: {}
vue/src/components/UI/MyInput.vue: {}
vue/src/components/Navbar.vue: {}
vue/src/App.vue: {}
vue/src/components/Navbar.vue: {}
vue/src/components/Navbar.vue: {}
vue/src/components/Navbar.vue: {}
vue/src/components/Navbar.vue: {}
vue/src/components/Navbar.vue: {}
vue/src/components/Navbar.vue: {}
vue/src/components/Navbar.vue: {}
vue/src/components/Navbar.vue: {}
vue/src/components/Navbar.vue: {}
vue/src/components/Navbar.vue: {}
vue/src/components/Navbar.vue: {}
vue/src/components/Navbar.vue: {}
vue/src/components/Navbar.vue: {}
vue/src/components/Navbar.vue: {}
vue/src/components/Navbar.vue: {}
vue/src/components/Navbar.vue: {}
vue/src/components/Navbar.vue: {}
vue/src/components/Navbar.vue: {}
vue/src/components/Navbar.vue: {}
vue/src/components/Navbar.vue: {}
vue/src/components/Navbar.vue: {}
vue/src/components/Navbar.vue: {}
vue/src/components/Navbar.vue: {}
vue/src/components/Navbar.vue: {}
vue/src/components/Navbar.vue: {}
vue/src/components/Navbar.vue: {}
vue/src/components/Navbar.vue: {}
vue/src/components/Navbar.vue: {}
vue/src/components/Navbar.vue: {}
vue/src/components/Navbar.vue: {}
vue/src/components/Navbar.vue: {}
vue/src/components/Navbar.vue: {}
