2024-06-24 16:17:04.079 [info] Added views:workbench.panel.markers.view in workbench.panel.markers
2024-06-24 16:17:04.079 [info] Added views:workbench.panel.output in workbench.panel.output
2024-06-24 16:17:04.079 [info] Added views:workbench.scm in workbench.view.scm
2024-06-24 16:17:04.079 [info] Added views:workbench.view.search in workbench.view.search
2024-06-24 16:17:04.079 [info] Added views:terminal in workbench.views.service.panel.ddd135af-1dda-42b9-a664-48662b3c6131
2024-06-24 16:17:04.079 [info] Added views:outline in workbench.views.service.sidebar.5a5df95e-4055-4b95-99a5-ca87392d2330
2024-06-24 16:17:04.079 [info] Added views:workbench.explorer.fileView in workbench.view.explorer
2024-06-24 16:17:04.407 [info] Added views:workbench.debug.welcome in workbench.view.debug
2024-06-24 16:17:04.425 [info] Added views:workbench.panel.repl.view in workbench.panel.repl
2024-06-24 16:17:04.594 [info] Added views:npm in workbench.views.service.sidebar.7dd0e745-2a6d-4694-b806-400f957946fd
2024-06-24 16:17:04.754 [info] Added views:~remote.forwardedPorts in ~remote.forwardedPortsContainer
2024-06-24 16:17:15.701 [info] Added views:workbench.panel.markers.view in workbench.panel.markers
2024-06-24 16:17:15.701 [info] Added views:workbench.panel.output in workbench.panel.output
2024-06-24 16:17:15.701 [info] Added views:terminal in terminal
2024-06-24 16:17:15.701 [info] Added views:workbench.scm in workbench.view.scm
2024-06-24 16:17:15.701 [info] Added views:workbench.view.search in workbench.view.search
2024-06-24 16:17:15.701 [info] Added views:outline in workbench.views.service.sidebar.7d5744e8-1de6-46fd-a1bc-0ed4aeb4d729
2024-06-24 16:17:15.701 [info] Added views:workbench.explorer.fileView in workbench.view.explorer
2024-06-24 16:17:15.776 [info] Added views:workbench.debug.welcome in workbench.view.debug
2024-06-24 16:17:16.071 [info] Added views:gitlens.views.home,gitlens.views.workspaces,gitlens.views.account in workbench.view.extension.gitlens
2024-06-24 16:17:16.071 [info] Added views:gitlens.views.commitDetails,gitlens.views.lineHistory,gitlens.views.fileHistory,gitlens.views.searchAndCompare in workbench.view.extension.gitlensInspect
2024-06-24 16:17:16.309 [info] Added views:workbench.panel.repl.view in workbench.panel.repl
2024-06-24 16:17:16.741 [info] Added views:~remote.forwardedPorts in ~remote.forwardedPortsContainer
2024-06-24 16:17:17.154 [info] Added views:npm in workbench.views.service.sidebar.891ed81b-c9a5-4b31-a3c6-40abc19da414
2024-06-24 16:17:17.447 [info] Added views:gitlens.views.drafts in workbench.view.extension.gitlens
2024-06-24 16:17:18.206 [info] Added views:gitlens.views.graph,gitlens.views.graphDetails in workbench.view.extension.gitlensPanel
2024-06-24 16:17:18.207 [info] Added views:gitlens.views.timeline in workbench.view.extension.gitlensInspect
