2023-12-10 11:06:50.980 [info] Added views:workbench.panel.markers.view in workbench.panel.markers
2023-12-10 11:06:50.980 [info] Added views:workbench.panel.output in workbench.panel.output
2023-12-10 11:06:50.980 [info] Added views:terminal in terminal
2023-12-10 11:06:50.980 [info] Added views:outline in workbench.view.explorer
2023-12-10 11:06:50.980 [info] Added views:workbench.scm in workbench.view.scm
2023-12-10 11:06:50.980 [info] Added views:workbench.view.search in workbench.view.search
2023-12-10 11:06:50.980 [info] Added views:timeline in workbench.view.explorer
2023-12-10 11:06:50.980 [info] Added views:workbench.explorer.fileView in workbench.view.explorer
2023-12-10 11:06:51.213 [info] Added views:workbench.debug.welcome in workbench.view.debug
2023-12-10 11:06:51.817 [info] Added views:workbench.panel.repl.view in workbench.panel.repl
2023-12-10 11:06:52.211 [info] Added views:~remote.forwardedPorts in ~remote.forwardedPortsContainer
2023-12-10 11:07:43.831 [info] Added views:workbench.views.extensions.installed,workbench.views.extensions.popular,extensions.recommendedList in workbench.view.extensions
2023-12-10 11:07:43.846 [info] Removed views:workbench.views.extensions.popular from workbench.view.extensions
2023-12-10 11:07:44.172 [info] Added views:workbench.views.extensions.popular in workbench.view.extensions
2023-12-10 11:10:43.046 [info] Removed views:extensions.recommendedList,workbench.views.extensions.popular,workbench.views.extensions.installed from workbench.view.extensions
2023-12-10 11:10:43.054 [info] Added views:workbench.views.extensions.marketplace in workbench.view.extensions
2023-12-10 11:10:44.709 [info] Removed views:workbench.views.extensions.marketplace from workbench.view.extensions
2023-12-10 11:10:44.733 [info] Added views:workbench.views.extensions.installed,workbench.views.extensions.popular,extensions.recommendedList in workbench.view.extensions
2023-12-10 11:10:45.271 [info] Removed views:extensions.recommendedList,workbench.views.extensions.popular,workbench.views.extensions.installed from workbench.view.extensions
2023-12-10 11:10:45.280 [info] Added views:workbench.views.extensions.marketplace in workbench.view.extensions
2023-12-10 11:11:25.208 [info] Removed views:workbench.views.extensions.marketplace from workbench.view.extensions
2023-12-10 11:11:25.226 [info] Added views:workbench.views.extensions.installed,workbench.views.extensions.popular,extensions.recommendedList in workbench.view.extensions
2023-12-10 11:11:26.438 [info] Removed views:extensions.recommendedList,workbench.views.extensions.popular,workbench.views.extensions.installed from workbench.view.extensions
2023-12-10 11:11:26.445 [info] Added views:workbench.views.extensions.marketplace in workbench.view.extensions
