2024-06-24 16:29:53.967 [info] Started local extension host with pid 1202.
2024-06-24 16:29:54.120 [warning] [well-ar.plantuml]: Cannot register 'plantuml.exportFormat'. This property is already registered.
2024-06-24 16:29:54.121 [warning] [well-ar.plantuml]: Cannot register 'plantuml.java'. This property is already registered.
2024-06-24 16:29:54.121 [warning] [well-ar.plantuml]: Cannot register 'plantuml.jar'. This property is already registered.
2024-06-24 16:29:54.121 [warning] [well-ar.plantuml]: Cannot register 'plantuml.diagramsRoot'. This property is already registered.
2024-06-24 16:29:54.121 [warning] [well-ar.plantuml]: Cannot register 'plantuml.fileExtensions'. This property is already registered.
2024-06-24 16:29:54.121 [warning] [well-ar.plantuml]: Cannot register 'plantuml.exportSubFolder'. This property is already registered.
2024-06-24 16:29:54.121 [warning] [well-ar.plantuml]: Cannot register 'plantuml.exportIncludeFolderHeirarchy'. This property is already registered.
2024-06-24 16:29:54.122 [warning] [well-ar.plantuml]: Cannot register 'plantuml.exportConcurrency'. This property is already registered.
2024-06-24 16:29:54.122 [warning] [well-ar.plantuml]: Cannot register 'plantuml.exportOutDir'. This property is already registered.
2024-06-24 16:29:54.122 [warning] [well-ar.plantuml]: Cannot register 'plantuml.exportMapFile'. This property is already registered.
2024-06-24 16:29:54.122 [warning] [well-ar.plantuml]: Cannot register 'plantuml.previewAutoUpdate'. This property is already registered.
2024-06-24 16:29:54.122 [warning] [well-ar.plantuml]: Cannot register 'plantuml.previewSnapIndicators'. This property is already registered.
2024-06-24 16:29:54.122 [warning] [well-ar.plantuml]: Cannot register 'plantuml.server'. This property is already registered.
2024-06-24 16:29:54.122 [warning] [well-ar.plantuml]: Cannot register 'plantuml.urlFormat'. This property is already registered.
2024-06-24 16:29:54.123 [warning] [well-ar.plantuml]: Cannot register 'plantuml.urlResult'. This property is already registered.
2024-06-24 16:29:54.123 [warning] [well-ar.plantuml]: Cannot register 'plantuml.render'. This property is already registered.
2024-06-24 16:29:54.123 [warning] [well-ar.plantuml]: Cannot register 'plantuml.includepaths'. This property is already registered.
2024-06-24 16:29:54.123 [warning] [well-ar.plantuml]: Cannot register 'plantuml.lintDiagramNoName'. This property is already registered.
2024-06-24 16:29:54.123 [warning] [well-ar.plantuml]: Cannot register 'plantuml.commandArgs'. This property is already registered.
2024-06-24 16:29:54.124 [warning] [well-ar.plantuml]: Cannot register 'plantuml.jarArgs'. This property is already registered.
2024-06-24 16:29:54.143 [info] [well-ar.plantuml]: Command `plantuml.exportCurrent` already registered by PlantUML (jebbs.plantuml)
2024-06-24 16:29:54.144 [info] [well-ar.plantuml]: Command `plantuml.exportDocument` already registered by PlantUML (jebbs.plantuml)
2024-06-24 16:29:54.144 [info] [well-ar.plantuml]: Command `plantuml.exportWorkspace` already registered by PlantUML (jebbs.plantuml)
2024-06-24 16:29:54.144 [info] [well-ar.plantuml]: Command `plantuml.preview` already registered by PlantUML (jebbs.plantuml)
2024-06-24 16:29:54.144 [info] [well-ar.plantuml]: Command `plantuml.URLCurrent` already registered by PlantUML (jebbs.plantuml)
2024-06-24 16:29:54.144 [info] [well-ar.plantuml]: Command `plantuml.URLDocument` already registered by PlantUML (jebbs.plantuml)
2024-06-24 16:29:54.144 [info] [well-ar.plantuml]: Command `plantuml.extractSource` already registered by PlantUML (jebbs.plantuml)
2024-06-24 16:29:56.848 [info] [perf] Render performance baseline is 24ms
