2024-06-23 21:31:15.386 [info] Added views:workbench.panel.markers.view in workbench.panel.markers
2024-06-23 21:31:15.386 [info] Added views:workbench.panel.output in workbench.panel.output
2024-06-23 21:31:15.386 [info] Added views:terminal in terminal
2024-06-23 21:31:15.386 [info] Added views:outline in workbench.view.explorer
2024-06-23 21:31:15.386 [info] Added views:workbench.scm in workbench.view.scm
2024-06-23 21:31:15.386 [info] Added views:workbench.view.search in workbench.view.search
2024-06-23 21:31:15.386 [info] Added views:timeline in workbench.view.explorer
2024-06-23 21:31:15.386 [info] Added views:workbench.explorer.emptyView in workbench.view.explorer
2024-06-23 21:31:15.583 [info] Added views:workbench.debug.variablesView,workbench.debug.watchExpressionsView,workbench.debug.callStackView,workbench.debug.breakPointsView in workbench.view.debug
2024-06-23 21:31:15.757 [info] Added views:~remote.forwardedPorts in ~remote.forwardedPortsContainer
2024-06-23 21:31:15.826 [info] Added views:workbench.panel.repl.view in workbench.panel.repl
2024-06-23 21:31:15.826 [info] Removed views:workbench.debug.breakPointsView,workbench.debug.callStackView,workbench.debug.watchExpressionsView,workbench.debug.variablesView from workbench.view.debug
2024-06-23 21:31:15.827 [info] Added views:workbench.debug.welcome in workbench.view.debug
2024-06-23 21:31:39.492 [info] Added views:workbench.panel.markers.view in workbench.panel.markers
2024-06-23 21:31:39.493 [info] Added views:workbench.panel.output in workbench.panel.output
2024-06-23 21:31:39.493 [info] Added views:terminal in terminal
2024-06-23 21:31:39.493 [info] Added views:outline in workbench.view.explorer
2024-06-23 21:31:39.493 [info] Added views:workbench.scm in workbench.view.scm
2024-06-23 21:31:39.493 [info] Added views:workbench.view.search in workbench.view.search
2024-06-23 21:31:39.493 [info] Added views:timeline in workbench.view.explorer
2024-06-23 21:31:39.493 [info] Added views:workbench.explorer.fileView in workbench.view.explorer
2024-06-23 21:31:39.701 [info] Added views:workbench.debug.variablesView,workbench.debug.watchExpressionsView,workbench.debug.callStackView,workbench.debug.breakPointsView in workbench.view.debug
2024-06-23 21:31:39.721 [info] Added views:~remote.forwardedPorts in ~remote.forwardedPortsContainer
2024-06-23 21:31:39.842 [info] Added views:workbench.panel.repl.view in workbench.panel.repl
2024-06-23 21:31:39.843 [info] Removed views:workbench.debug.breakPointsView,workbench.debug.callStackView,workbench.debug.watchExpressionsView,workbench.debug.variablesView from workbench.view.debug
2024-06-23 21:31:39.843 [info] Added views:workbench.debug.welcome in workbench.view.debug
2024-06-23 21:40:40.010 [info] Added views:workbench.views.extensions.installed,workbench.views.extensions.popular,extensions.recommendedList in workbench.view.extensions
2024-06-23 21:40:40.013 [info] Removed views:workbench.views.extensions.popular from workbench.view.extensions
2024-06-23 21:40:40.243 [info] Added views:workbench.views.extensions.popular in workbench.view.extensions
