2024-06-24 16:17:05.959 [info] Reading sessions from keychain...
2024-06-24 16:17:05.960 [info] Getting sessions for all scopes...
2024-06-24 16:17:05.960 [info] Getting sessions for all scopes...
2024-06-24 16:17:05.961 [info] Getting sessions for user:email...
2024-06-24 16:17:05.979 [info] Got stored sessions!
2024-06-24 16:17:05.979 [info] Got 1 verified sessions.
2024-06-24 16:17:05.979 [info] Got 1 sessions for ...
2024-06-24 16:17:05.979 [info] Got 1 sessions for ...
2024-06-24 16:17:05.979 [info] Got 1 sessions for user:email...
2024-06-24 16:17:17.121 [info] Reading sessions from keychain...
2024-06-24 16:17:17.122 [info] Getting sessions for all scopes...
2024-06-24 16:17:17.122 [info] Getting sessions for all scopes...
2024-06-24 16:17:17.122 [info] Getting sessions for user:email...
2024-06-24 16:17:17.122 [info] Got stored sessions!
2024-06-24 16:17:17.122 [info] Got 1 verified sessions.
2024-06-24 16:17:17.122 [info] Got 1 sessions for ...
2024-06-24 16:17:17.122 [info] Got 1 sessions for ...
2024-06-24 16:17:17.122 [info] Got 1 sessions for user:email...
2024-06-24 16:17:17.613 [info] Getting sessions for read:user,repo,user:email...
2024-06-24 16:17:17.613 [info] Got 0 sessions for read:user,repo,user:email...
