2023-12-10 12:34:30.578 [info] Added views:workbench.panel.markers.view in workbench.panel.markers
2023-12-10 12:34:30.578 [info] Added views:workbench.panel.output in workbench.panel.output
2023-12-10 12:34:30.578 [info] Added views:terminal in terminal
2023-12-10 12:34:30.578 [info] Added views:outline in workbench.view.explorer
2023-12-10 12:34:30.578 [info] Added views:workbench.scm in workbench.view.scm
2023-12-10 12:34:30.578 [info] Added views:workbench.view.search in workbench.view.search
2023-12-10 12:34:30.578 [info] Added views:timeline in workbench.view.explorer
2023-12-10 12:34:30.578 [info] Added views:workbench.explorer.fileView in workbench.view.explorer
2023-12-10 12:34:30.845 [info] Added views:workbench.debug.welcome in workbench.view.debug
2023-12-10 12:34:31.347 [info] Added views:workbench.panel.repl.view in workbench.panel.repl
2023-12-10 12:34:31.703 [info] Added views:~remote.forwardedPorts in ~remote.forwardedPortsContainer
2023-12-10 12:34:43.824 [info] Added views:workbench.views.extensions.installed,workbench.views.extensions.popular,extensions.recommendedList in workbench.view.extensions
2023-12-10 12:34:43.831 [info] Removed views:workbench.views.extensions.popular from workbench.view.extensions
2023-12-10 12:34:45.782 [info] Removed views:extensions.recommendedList,workbench.views.extensions.installed from workbench.view.extensions
2023-12-10 12:34:45.793 [info] Added views:workbench.views.extensions.marketplace in workbench.view.extensions
2023-12-10 15:25:28.551 [info] Removed views:workbench.views.extensions.marketplace from workbench.view.extensions
2023-12-10 15:25:28.571 [info] Added views:workbench.views.extensions.installed,extensions.recommendedList in workbench.view.extensions
2023-12-10 15:25:29.379 [info] Removed views:extensions.recommendedList,workbench.views.extensions.installed from workbench.view.extensions
2023-12-10 15:25:29.389 [info] Added views:workbench.views.extensions.marketplace in workbench.view.extensions
2023-12-10 15:26:56.578 [info] Added views:workbench.panel.markers.view in workbench.panel.markers
2023-12-10 15:26:56.578 [info] Added views:workbench.panel.output in workbench.panel.output
2023-12-10 15:26:56.578 [info] Added views:terminal in terminal
2023-12-10 15:26:56.578 [info] Added views:outline in workbench.view.explorer
2023-12-10 15:26:56.578 [info] Added views:workbench.scm in workbench.view.scm
2023-12-10 15:26:56.578 [info] Added views:workbench.view.search in workbench.view.search
2023-12-10 15:26:56.578 [info] Added views:timeline in workbench.view.explorer
2023-12-10 15:26:56.578 [info] Added views:workbench.explorer.fileView in workbench.view.explorer
2023-12-10 15:26:56.754 [info] Added views:workbench.debug.welcome in workbench.view.debug
2023-12-10 15:26:57.347 [info] Added views:workbench.panel.repl.view in workbench.panel.repl
2023-12-10 15:26:57.630 [info] Added views:~remote.forwardedPorts in ~remote.forwardedPortsContainer
2023-12-10 15:26:57.856 [info] Added views:workbench.views.extensions.installed,extensions.recommendedList in workbench.view.extensions
