2024-06-27 17:13:38.562 [info] Log level: Info
2024-06-27 17:13:38.562 [info] Validating found git in: "git"
2024-06-27 17:13:38.562 [info] Using git "2.45.2" from "git"
2024-06-27 17:13:38.562 [info] > git rev-parse --show-toplevel [6ms]
2024-06-27 17:13:38.562 [info] > git rev-parse --git-dir --git-common-dir [2ms]
2024-06-27 17:13:38.562 [info] Open repository: /home/bismarckx/Projects/vue
2024-06-27 17:13:38.583 [info] > git rev-parse --show-toplevel [4ms]
2024-06-27 17:13:38.584 [info] > git config --get commit.template [12ms]
2024-06-27 17:13:38.614 [info] > git rev-parse --show-toplevel [18ms]
2024-06-27 17:13:38.820 [info] > git for-each-ref --format=%(refname)%00%(upstream:short)%00%(objectname)%00%(upstream:track)%00%(upstream:remotename)%00%(upstream:remoteref) refs/heads/master refs/remotes/master [207ms]
2024-06-27 17:13:39.024 [warning] ENOENT: no such file or directory, open '/home/bismarckx/Projects/vue/.git/refs/remotes/origin/master'
2024-06-27 17:13:39.072 [info] > git rev-parse --show-toplevel [255ms]
2024-06-27 17:13:39.107 [info] > git rev-parse refs/remotes/origin/master [84ms]
2024-06-27 17:13:39.128 [info] > git status -z -uall [14ms]
2024-06-27 17:13:39.128 [info] > git check-ignore -v -z --stdin [4ms]
2024-06-27 17:13:39.143 [info] > git rev-parse --show-toplevel [37ms]
2024-06-27 17:13:39.163 [info] > git show --textconv :src/components/PostItem.vue [13ms]
2024-06-27 17:13:39.169 [info] > git merge-base refs/heads/master refs/remotes/origin/master [30ms]
2024-06-27 17:13:39.179 [info] > git rev-list --count --left-right refs/heads/master...refs/remotes/origin/master [4ms]
2024-06-27 17:13:39.186 [info] > git config --get commit.template [23ms]
2024-06-27 17:13:39.186 [info] > git ls-files --stage -- /home/bismarckx/Projects/vue/src/components/PostItem.vue [31ms]
2024-06-27 17:13:39.200 [info] > git diff --name-status -z --diff-filter=ADMR 34bf7a08c46c08822083aad67b90330ee7ac77db...refs/remotes/origin/master [15ms]
2024-06-27 17:13:39.209 [info] > git cat-file -s dc14537d7cbc70ae3cb3c69ccfd99827a869b061 [18ms]
2024-06-27 17:13:39.214 [info] > git for-each-ref --format=%(refname)%00%(upstream:short)%00%(objectname)%00%(upstream:track)%00%(upstream:remotename)%00%(upstream:remoteref) refs/heads/master refs/remotes/master [6ms]
2024-06-27 17:13:39.234 [warning] ENOENT: no such file or directory, open '/home/bismarckx/Projects/vue/.git/refs/remotes/origin/master'
2024-06-27 17:13:39.262 [info] > git rev-parse refs/remotes/origin/master [28ms]
2024-06-27 17:13:39.289 [info] > git status -z -uall [18ms]
2024-06-27 17:14:24.711 [info] > git show --textconv :src/components/PostItem.vue [6ms]
2024-06-27 17:14:24.711 [info] > git ls-files --stage -- /home/bismarckx/Projects/vue/src/components/PostItem.vue [1ms]
2024-06-27 17:14:24.717 [info] > git cat-file -s dc14537d7cbc70ae3cb3c69ccfd99827a869b061 [1ms]
2024-06-27 17:14:31.757 [info] > git show --textconv :src/components/PostItem.vue [8ms]
2024-06-27 17:14:31.774 [info] > git ls-files --stage -- /home/bismarckx/Projects/vue/src/components/PostItem.vue [18ms]
2024-06-27 17:14:31.781 [info] > git cat-file -s dc14537d7cbc70ae3cb3c69ccfd99827a869b061 [1ms]
2024-06-27 17:14:43.915 [info] > git show --textconv :src/components/PostItem.vue [6ms]
2024-06-27 17:14:43.916 [info] > git ls-files --stage -- /home/bismarckx/Projects/vue/src/components/PostItem.vue [1ms]
2024-06-27 17:14:43.923 [info] > git cat-file -s dc14537d7cbc70ae3cb3c69ccfd99827a869b061 [1ms]
2024-06-27 17:15:47.854 [info] > git show --textconv :src/App.vue [17ms]
2024-06-27 17:15:47.857 [info] > git ls-files --stage -- /home/bismarckx/Projects/vue/src/App.vue [5ms]
2024-06-27 17:15:47.865 [info] > git cat-file -s 93c1820bfdde7d16087800560f53cbf8bdb4d6c0 [1ms]
2024-06-27 17:15:52.103 [info] > git show --textconv :src/components/Navbar.vue [7ms]
2024-06-27 17:15:52.104 [info] > git ls-files --stage -- /home/bismarckx/Projects/vue/src/components/Navbar.vue [1ms]
2024-06-27 17:15:52.120 [info] > git cat-file -s b04e00db885d9a0071e3f0ba9311f81ce7961319 [9ms]
2024-06-27 17:15:53.783 [info] > git show --textconv :src/App.vue [8ms]
2024-06-27 17:15:53.784 [info] > git ls-files --stage -- /home/bismarckx/Projects/vue/src/App.vue [1ms]
2024-06-27 17:15:53.791 [info] > git cat-file -s 93c1820bfdde7d16087800560f53cbf8bdb4d6c0 [1ms]
2024-06-27 17:16:00.771 [info] > git show --textconv :src/components/PostList.vue [7ms]
2024-06-27 17:16:00.781 [info] > git ls-files --stage -- /home/bismarckx/Projects/vue/src/components/PostList.vue [10ms]
2024-06-27 17:16:00.811 [info] > git cat-file -s 253876f4eb6badecc66654ddd2f958aa9eadf7ea [25ms]
2024-06-27 17:16:06.093 [info] > git show --textconv :src/App.vue [10ms]
2024-06-27 17:16:06.094 [info] > git ls-files --stage -- /home/bismarckx/Projects/vue/src/App.vue [1ms]
2024-06-27 17:16:06.105 [info] > git cat-file -s 93c1820bfdde7d16087800560f53cbf8bdb4d6c0 [3ms]
2024-06-27 17:16:11.796 [info] > git check-ignore -v -z --stdin [1ms]
2024-06-27 17:16:13.291 [info] > git show --textconv :src/pages/PostsPage.vue [30ms]
2024-06-27 17:16:13.294 [info] > git ls-files --stage -- /home/bismarckx/Projects/vue/src/pages/PostsPage.vue [4ms]
2024-06-27 17:16:13.302 [info] > git cat-file -s 6d3eec9d09c4beb22042f34a11b61298de4969d3 [2ms]
2024-06-27 17:16:58.993 [info] > git check-ignore -v -z --stdin [2ms]
2024-06-27 17:16:59.546 [info] > git show --textconv :src/components/UI/MyDialog.vue [10ms]
2024-06-27 17:16:59.579 [info] > git ls-files --stage -- /home/bismarckx/Projects/vue/src/components/UI/MyDialog.vue [33ms]
2024-06-27 17:16:59.611 [info] > git cat-file -s db95ce691aefb26957faa46152a583efdf58b57d [24ms]
2024-06-27 17:17:07.395 [info] > git show --textconv :src/App.vue [10ms]
2024-06-27 17:17:07.416 [info] > git show --textconv :src/components/UI/MyDialog.vue [12ms]
2024-06-27 17:17:07.417 [info] > git ls-files --stage -- /home/bismarckx/Projects/vue/src/App.vue [23ms]
2024-06-27 17:17:07.430 [info] > git cat-file -s 93c1820bfdde7d16087800560f53cbf8bdb4d6c0 [4ms]
2024-06-27 17:17:07.430 [info] > git ls-files --stage -- /home/bismarckx/Projects/vue/src/components/UI/MyDialog.vue [15ms]
2024-06-27 17:17:07.440 [info] > git cat-file -s db95ce691aefb26957faa46152a583efdf58b57d [2ms]
2024-06-27 17:17:12.685 [info] > git show --textconv :src/main.js [12ms]
2024-06-27 17:17:12.685 [info] > git ls-files --stage -- /home/bismarckx/Projects/vue/src/main.js [1ms]
2024-06-27 17:17:12.695 [info] > git cat-file -s 618a1346abd04ae387bff77a110b794b57406370 [1ms]
2024-06-27 17:17:34.847 [info] > git show --textconv :src/components/UI/MyDialog.vue [11ms]
2024-06-27 17:17:34.848 [info] > git ls-files --stage -- /home/bismarckx/Projects/vue/src/components/UI/MyDialog.vue [1ms]
2024-06-27 17:17:34.857 [info] > git cat-file -s db95ce691aefb26957faa46152a583efdf58b57d [1ms]
2024-06-27 17:17:41.123 [info] > git show --textconv :src/components/PostItem.vue [9ms]
2024-06-27 17:17:41.124 [info] > git ls-files --stage -- /home/bismarckx/Projects/vue/src/components/PostItem.vue [2ms]
2024-06-27 17:17:41.134 [info] > git cat-file -s dc14537d7cbc70ae3cb3c69ccfd99827a869b061 [2ms]
2024-06-27 17:17:42.978 [info] > git show --textconv :src/App.vue [9ms]
2024-06-27 17:17:42.979 [info] > git ls-files --stage -- /home/bismarckx/Projects/vue/src/App.vue [2ms]
2024-06-27 17:17:42.988 [info] > git cat-file -s 93c1820bfdde7d16087800560f53cbf8bdb4d6c0 [1ms]
2024-06-27 17:17:45.163 [info] > git show --textconv :src/components/PostItem.vue [9ms]
2024-06-27 17:17:45.164 [info] > git ls-files --stage -- /home/bismarckx/Projects/vue/src/components/PostItem.vue [1ms]
2024-06-27 17:17:45.175 [info] > git cat-file -s dc14537d7cbc70ae3cb3c69ccfd99827a869b061 [2ms]
2024-06-27 17:17:47.232 [info] > git show --textconv :src/pages/PostsPage.vue [9ms]
2024-06-27 17:17:47.265 [info] > git ls-files --stage -- /home/bismarckx/Projects/vue/src/pages/PostsPage.vue [33ms]
2024-06-27 17:17:47.277 [info] > git cat-file -s 6d3eec9d09c4beb22042f34a11b61298de4969d3 [3ms]
2024-06-27 17:17:59.023 [info] > git show --textconv :src/mixins/toggleMixin.js [22ms]
2024-06-27 17:17:59.027 [info] > git ls-files --stage -- /home/bismarckx/Projects/vue/src/mixins/toggleMixin.js [3ms]
2024-06-27 17:17:59.037 [info] > git cat-file -s e69de29bb2d1d6434b8b29ae775ad8c2e48c5391 [3ms]
2024-06-27 17:17:59.230 [info] > git check-ignore -v -z --stdin [1ms]
2024-06-27 17:18:44.632 [info] > git show --textconv :src/components/UI/MyDialog.vue [15ms]
2024-06-27 17:18:44.633 [info] > git ls-files --stage -- /home/bismarckx/Projects/vue/src/components/UI/MyDialog.vue [2ms]
2024-06-27 17:18:44.649 [info] > git cat-file -s db95ce691aefb26957faa46152a583efdf58b57d [4ms]
2024-06-27 17:24:21.218 [info] > git config --get commit.template [11ms]
2024-06-27 17:24:21.219 [info] > git for-each-ref --format=%(refname)%00%(upstream:short)%00%(objectname)%00%(upstream:track)%00%(upstream:remotename)%00%(upstream:remoteref) refs/heads/master refs/remotes/master [2ms]
2024-06-27 17:24:21.229 [warning] ENOENT: no such file or directory, open '/home/bismarckx/Projects/vue/.git/refs/remotes/origin/master'
2024-06-27 17:24:21.230 [info] > git rev-parse refs/remotes/origin/master [1ms]
2024-06-27 17:24:21.242 [info] > git status -z -uall [3ms]
2024-06-27 17:24:58.973 [info] > git config --get commit.template [11ms]
2024-06-27 17:24:58.974 [info] > git for-each-ref --format=%(refname)%00%(upstream:short)%00%(objectname)%00%(upstream:track)%00%(upstream:remotename)%00%(upstream:remoteref) refs/heads/master refs/remotes/master [2ms]
2024-06-27 17:24:58.984 [warning] ENOENT: no such file or directory, open '/home/bismarckx/Projects/vue/.git/refs/remotes/origin/master'
2024-06-27 17:24:58.985 [info] > git rev-parse refs/remotes/origin/master [1ms]
2024-06-27 17:24:58.997 [info] > git status -z -uall [3ms]
2024-06-27 17:25:08.761 [info] > git config --get commit.template [11ms]
2024-06-27 17:25:08.761 [info] > git for-each-ref --format=%(refname)%00%(upstream:short)%00%(objectname)%00%(upstream:track)%00%(upstream:remotename)%00%(upstream:remoteref) refs/heads/master refs/remotes/master [1ms]
2024-06-27 17:25:08.773 [warning] ENOENT: no such file or directory, open '/home/bismarckx/Projects/vue/.git/refs/remotes/origin/master'
2024-06-27 17:25:08.774 [info] > git rev-parse refs/remotes/origin/master [1ms]
2024-06-27 17:25:08.789 [info] > git status -z -uall [2ms]
2024-06-27 17:26:54.165 [info] > git config --get commit.template [3ms]
2024-06-27 17:26:54.236 [info] > git for-each-ref --format=%(refname)%00%(upstream:short)%00%(objectname)%00%(upstream:track)%00%(upstream:remotename)%00%(upstream:remoteref) refs/heads/master refs/remotes/master [1ms]
2024-06-27 17:26:54.244 [warning] ENOENT: no such file or directory, open '/home/bismarckx/Projects/vue/.git/refs/remotes/origin/master'
2024-06-27 17:26:54.245 [info] > git rev-parse refs/remotes/origin/master [2ms]
2024-06-27 17:26:54.258 [info] > git status -z -uall [3ms]
2024-06-27 17:29:55.003 [info] > git config --get commit.template [10ms]
2024-06-27 17:29:55.003 [info] > git for-each-ref --format=%(refname)%00%(upstream:short)%00%(objectname)%00%(upstream:track)%00%(upstream:remotename)%00%(upstream:remoteref) refs/heads/master refs/remotes/master [1ms]
2024-06-27 17:29:55.014 [warning] ENOENT: no such file or directory, open '/home/bismarckx/Projects/vue/.git/refs/remotes/origin/master'
2024-06-27 17:29:55.015 [info] > git rev-parse refs/remotes/origin/master [1ms]
2024-06-27 17:29:55.027 [info] > git status -z -uall [3ms]
2024-06-27 17:30:00.056 [info] > git config --get commit.template [10ms]
2024-06-27 17:30:00.056 [info] > git for-each-ref --format=%(refname)%00%(upstream:short)%00%(objectname)%00%(upstream:track)%00%(upstream:remotename)%00%(upstream:remoteref) refs/heads/master refs/remotes/master [2ms]
2024-06-27 17:30:00.066 [warning] ENOENT: no such file or directory, open '/home/bismarckx/Projects/vue/.git/refs/remotes/origin/master'
2024-06-27 17:30:00.067 [info] > git rev-parse refs/remotes/origin/master [1ms]
2024-06-27 17:30:00.079 [info] > git status -z -uall [3ms]
2024-06-27 17:30:05.095 [info] > git config --get commit.template [1ms]
2024-06-27 17:30:05.110 [info] > git for-each-ref --format=%(refname)%00%(upstream:short)%00%(objectname)%00%(upstream:track)%00%(upstream:remotename)%00%(upstream:remoteref) refs/heads/master refs/remotes/master [1ms]
2024-06-27 17:30:05.122 [warning] ENOENT: no such file or directory, open '/home/bismarckx/Projects/vue/.git/refs/remotes/origin/master'
2024-06-27 17:30:05.123 [info] > git rev-parse refs/remotes/origin/master [1ms]
2024-06-27 17:30:05.137 [info] > git status -z -uall [3ms]
2024-06-27 17:30:13.559 [info] > git config --get commit.template [10ms]
2024-06-27 17:30:13.559 [info] > git for-each-ref --format=%(refname)%00%(upstream:short)%00%(objectname)%00%(upstream:track)%00%(upstream:remotename)%00%(upstream:remoteref) refs/heads/master refs/remotes/master [1ms]
2024-06-27 17:30:13.569 [warning] ENOENT: no such file or directory, open '/home/bismarckx/Projects/vue/.git/refs/remotes/origin/master'
2024-06-27 17:30:13.570 [info] > git rev-parse refs/remotes/origin/master [1ms]
2024-06-27 17:30:13.584 [info] > git status -z -uall [3ms]
2024-06-27 17:30:37.784 [info] > git config --get commit.template [12ms]
2024-06-27 17:30:37.785 [info] > git for-each-ref --format=%(refname)%00%(upstream:short)%00%(objectname)%00%(upstream:track)%00%(upstream:remotename)%00%(upstream:remoteref) refs/heads/master refs/remotes/master [1ms]
2024-06-27 17:30:37.795 [warning] ENOENT: no such file or directory, open '/home/bismarckx/Projects/vue/.git/refs/remotes/origin/master'
2024-06-27 17:30:37.796 [info] > git rev-parse refs/remotes/origin/master [1ms]
2024-06-27 17:30:37.809 [info] > git status -z -uall [3ms]
2024-06-27 17:31:04.115 [info] > git config --get commit.template [7ms]
2024-06-27 17:31:04.115 [info] > git for-each-ref --format=%(refname)%00%(upstream:short)%00%(objectname)%00%(upstream:track)%00%(upstream:remotename)%00%(upstream:remoteref) refs/heads/master refs/remotes/master [1ms]
2024-06-27 17:31:04.125 [warning] ENOENT: no such file or directory, open '/home/bismarckx/Projects/vue/.git/refs/remotes/origin/master'
2024-06-27 17:31:04.127 [info] > git rev-parse refs/remotes/origin/master [1ms]
2024-06-27 17:31:04.139 [info] > git status -z -uall [3ms]
2024-06-27 17:31:14.738 [info] > git config --get commit.template [14ms]
2024-06-27 17:31:14.738 [info] > git for-each-ref --format=%(refname)%00%(upstream:short)%00%(objectname)%00%(upstream:track)%00%(upstream:remotename)%00%(upstream:remoteref) refs/heads/master refs/remotes/master [1ms]
2024-06-27 17:31:14.751 [warning] ENOENT: no such file or directory, open '/home/bismarckx/Projects/vue/.git/refs/remotes/origin/master'
2024-06-27 17:31:14.752 [info] > git rev-parse refs/remotes/origin/master [1ms]
2024-06-27 17:31:14.767 [info] > git status -z -uall [3ms]
2024-06-27 17:32:53.189 [info] > git config --get commit.template [9ms]
2024-06-27 17:32:53.190 [info] > git for-each-ref --format=%(refname)%00%(upstream:short)%00%(objectname)%00%(upstream:track)%00%(upstream:remotename)%00%(upstream:remoteref) refs/heads/master refs/remotes/master [2ms]
2024-06-27 17:32:53.200 [warning] ENOENT: no such file or directory, open '/home/bismarckx/Projects/vue/.git/refs/remotes/origin/master'
2024-06-27 17:32:53.201 [info] > git rev-parse refs/remotes/origin/master [1ms]
2024-06-27 17:32:53.214 [info] > git status -z -uall [3ms]
2024-06-27 17:34:05.600 [info] > git config --get commit.template [11ms]
2024-06-27 17:34:05.601 [info] > git for-each-ref --format=%(refname)%00%(upstream:short)%00%(objectname)%00%(upstream:track)%00%(upstream:remotename)%00%(upstream:remoteref) refs/heads/master refs/remotes/master [1ms]
2024-06-27 17:34:05.611 [warning] ENOENT: no such file or directory, open '/home/bismarckx/Projects/vue/.git/refs/remotes/origin/master'
2024-06-27 17:34:05.612 [info] > git rev-parse refs/remotes/origin/master [1ms]
2024-06-27 17:34:05.624 [info] > git status -z -uall [3ms]
2024-06-27 17:34:14.356 [info] > git config --get commit.template [16ms]
2024-06-27 17:34:14.357 [info] > git for-each-ref --format=%(refname)%00%(upstream:short)%00%(objectname)%00%(upstream:track)%00%(upstream:remotename)%00%(upstream:remoteref) refs/heads/master refs/remotes/master [2ms]
2024-06-27 17:34:14.366 [warning] ENOENT: no such file or directory, open '/home/bismarckx/Projects/vue/.git/refs/remotes/origin/master'
2024-06-27 17:34:14.367 [info] > git rev-parse refs/remotes/origin/master [1ms]
2024-06-27 17:34:14.381 [info] > git status -z -uall [2ms]
2024-06-27 17:39:12.308 [info] > git config --get commit.template [14ms]
2024-06-27 17:39:12.309 [info] > git for-each-ref --format=%(refname)%00%(upstream:short)%00%(objectname)%00%(upstream:track)%00%(upstream:remotename)%00%(upstream:remoteref) refs/heads/master refs/remotes/master [2ms]
2024-06-27 17:39:12.318 [warning] ENOENT: no such file or directory, open '/home/bismarckx/Projects/vue/.git/refs/remotes/origin/master'
2024-06-27 17:39:12.319 [info] > git rev-parse refs/remotes/origin/master [1ms]
2024-06-27 17:39:12.333 [info] > git status -z -uall [3ms]
2024-06-27 17:42:39.395 [info] > git config --get commit.template [1ms]
2024-06-27 17:42:39.408 [info] > git for-each-ref --format=%(refname)%00%(upstream:short)%00%(objectname)%00%(upstream:track)%00%(upstream:remotename)%00%(upstream:remoteref) refs/heads/master refs/remotes/master [2ms]
2024-06-27 17:42:39.419 [warning] ENOENT: no such file or directory, open '/home/bismarckx/Projects/vue/.git/refs/remotes/origin/master'
2024-06-27 17:42:39.431 [info] > git rev-parse refs/remotes/origin/master [12ms]
2024-06-27 17:42:39.446 [info] > git status -z -uall [4ms]
2024-06-27 17:43:24.397 [info] > git config --get commit.template [11ms]
2024-06-27 17:43:24.397 [info] > git for-each-ref --format=%(refname)%00%(upstream:short)%00%(objectname)%00%(upstream:track)%00%(upstream:remotename)%00%(upstream:remoteref) refs/heads/master refs/remotes/master [1ms]
2024-06-27 17:43:24.408 [warning] ENOENT: no such file or directory, open '/home/bismarckx/Projects/vue/.git/refs/remotes/origin/master'
2024-06-27 17:43:24.409 [info] > git rev-parse refs/remotes/origin/master [1ms]
2024-06-27 17:43:24.422 [info] > git status -z -uall [3ms]
2024-06-27 17:43:37.087 [info] > git show --textconv :src/App.vue [12ms]
2024-06-27 17:43:37.088 [info] > git ls-files --stage -- /home/bismarckx/Projects/vue/src/App.vue [1ms]
2024-06-27 17:43:37.100 [info] > git cat-file -s 93c1820bfdde7d16087800560f53cbf8bdb4d6c0 [1ms]
2024-06-27 17:43:38.840 [info] > git show --textconv :src/pages/PostsPage.vue [11ms]
2024-06-27 17:43:38.840 [info] > git ls-files --stage -- /home/bismarckx/Projects/vue/src/pages/PostsPage.vue [1ms]
2024-06-27 17:43:38.852 [info] > git cat-file -s 6d3eec9d09c4beb22042f34a11b61298de4969d3 [1ms]
2024-06-27 17:44:13.497 [info] > git merge-base refs/heads/master refs/remotes/origin/master [2ms]
2024-06-27 17:44:13.510 [info] > git rev-list --count --left-right refs/heads/master...refs/remotes/origin/master [1ms]
2024-06-27 17:44:14.108 [info] > git check-ignore -v -z --stdin [1ms]
2024-06-27 17:44:16.777 [info] > git show --textconv HEAD:src/pages/UserPage.vue [40ms]
2024-06-27 17:44:16.777 [info] > git show --textconv :src/pages/PostsPage.vue [27ms]
2024-06-27 17:44:16.777 [info] > git ls-files --stage -- /home/bismarckx/Projects/vue/src/pages/PostsPage.vue [3ms]
2024-06-27 17:44:16.788 [info] > git ls-tree -l HEAD -- /home/bismarckx/Projects/vue/src/pages/UserPage.vue [26ms]
2024-06-27 17:44:16.789 [info] > git cat-file -s 6d3eec9d09c4beb22042f34a11b61298de4969d3 [2ms]
2024-06-27 17:44:17.126 [info] > git ls-files --stage -- /home/bismarckx/Projects/vue/src/pages/PostsPage.vue [13ms]
2024-06-27 17:44:17.138 [info] > git cat-file -s 6d3eec9d09c4beb22042f34a11b61298de4969d3 [2ms]
2024-06-27 17:44:17.288 [info] > git check-ignore -v -z --stdin [1ms]
2024-06-27 17:44:31.130 [info] > git show --textconv :src/components/PostItem.vue [11ms]
2024-06-27 17:44:31.138 [info] > git ls-files --stage -- /home/bismarckx/Projects/vue/src/components/PostItem.vue [9ms]
2024-06-27 17:44:31.157 [info] > git cat-file -s dc14537d7cbc70ae3cb3c69ccfd99827a869b061 [8ms]
2024-06-27 17:44:31.744 [info] > git show --textconv :src/pages/PostsPage.vue [12ms]
2024-06-27 17:44:31.745 [info] > git ls-files --stage -- /home/bismarckx/Projects/vue/src/pages/PostsPage.vue [1ms]
2024-06-27 17:44:31.755 [info] > git cat-file -s 6d3eec9d09c4beb22042f34a11b61298de4969d3 [1ms]
2024-06-27 17:44:41.248 [info] > git config --get commit.template [12ms]
2024-06-27 17:44:41.248 [info] > git for-each-ref --format=%(refname)%00%(upstream:short)%00%(objectname)%00%(upstream:track)%00%(upstream:remotename)%00%(upstream:remoteref) refs/heads/master refs/remotes/master [1ms]
2024-06-27 17:44:41.258 [warning] ENOENT: no such file or directory, open '/home/bismarckx/Projects/vue/.git/refs/remotes/origin/master'
2024-06-27 17:44:41.259 [info] > git rev-parse refs/remotes/origin/master [1ms]
2024-06-27 17:44:41.271 [info] > git status -z -uall [3ms]
2024-06-27 17:45:02.194 [info] > git config --get commit.template [11ms]
2024-06-27 17:45:02.194 [info] > git for-each-ref --format=%(refname)%00%(upstream:short)%00%(objectname)%00%(upstream:track)%00%(upstream:remotename)%00%(upstream:remoteref) refs/heads/master refs/remotes/master [1ms]
2024-06-27 17:45:02.204 [warning] ENOENT: no such file or directory, open '/home/bismarckx/Projects/vue/.git/refs/remotes/origin/master'
2024-06-27 17:45:02.205 [info] > git rev-parse refs/remotes/origin/master [1ms]
2024-06-27 17:45:02.216 [info] > git status -z -uall [3ms]
2024-06-27 17:50:14.786 [info] > git show --textconv :src/router/router.js [23ms]
2024-06-27 17:50:14.790 [info] > git ls-files --stage -- /home/bismarckx/Projects/vue/src/router/router.js [15ms]
2024-06-27 17:50:14.805 [info] > git cat-file -s 35cacfec5cbd7605ccfe985efa7433906e601366 [2ms]
2024-06-27 17:51:30.856 [info] > git show --textconv :src/pages/PostsPage.vue [14ms]
2024-06-27 17:51:30.859 [info] > git ls-files --stage -- /home/bismarckx/Projects/vue/src/pages/PostsPage.vue [4ms]
2024-06-27 17:51:30.872 [info] > git cat-file -s 6d3eec9d09c4beb22042f34a11b61298de4969d3 [2ms]
2024-06-27 17:51:34.042 [info] > git show --textconv :src/components/PostItem.vue [12ms]
2024-06-27 17:51:34.043 [info] > git ls-files --stage -- /home/bismarckx/Projects/vue/src/components/PostItem.vue [2ms]
2024-06-27 17:51:34.057 [info] > git cat-file -s dc14537d7cbc70ae3cb3c69ccfd99827a869b061 [2ms]
2024-06-27 17:51:35.513 [info] > git show --textconv :src/pages/About.vue [12ms]
2024-06-27 17:51:35.552 [info] > git ls-files --stage -- /home/bismarckx/Projects/vue/src/pages/About.vue [40ms]
2024-06-27 17:51:35.569 [info] > git cat-file -s c832f28f005d852b19bd83d730999e71bcb604d0 [5ms]
2024-06-27 17:51:37.762 [info] > git show --textconv :src/App.vue [10ms]
2024-06-27 17:51:37.763 [info] > git ls-files --stage -- /home/bismarckx/Projects/vue/src/App.vue [2ms]
2024-06-27 17:51:37.775 [info] > git cat-file -s 93c1820bfdde7d16087800560f53cbf8bdb4d6c0 [1ms]
2024-06-27 17:51:39.555 [info] > git show --textconv :src/components/Navbar.vue [13ms]
2024-06-27 17:51:39.556 [info] > git ls-files --stage -- /home/bismarckx/Projects/vue/src/components/Navbar.vue [1ms]
2024-06-27 17:51:39.582 [info] > git cat-file -s b04e00db885d9a0071e3f0ba9311f81ce7961319 [14ms]
2024-06-27 17:52:26.853 [info] > git show --textconv :src/Router.js [32ms]
2024-06-27 17:52:26.855 [info] > git ls-files --stage -- /home/bismarckx/Projects/vue/src/Router.js [17ms]
2024-06-27 17:52:27.025 [info] > git check-ignore -v -z --stdin [1ms]
2024-06-27 17:52:27.588 [info] > git config --get commit.template [14ms]
2024-06-27 17:52:27.588 [info] > git for-each-ref --format=%(refname)%00%(upstream:short)%00%(objectname)%00%(upstream:track)%00%(upstream:remotename)%00%(upstream:remoteref) refs/heads/master refs/remotes/master [1ms]
2024-06-27 17:52:27.600 [warning] ENOENT: no such file or directory, open '/home/bismarckx/Projects/vue/.git/refs/remotes/origin/master'
2024-06-27 17:52:27.601 [info] > git rev-parse refs/remotes/origin/master [2ms]
2024-06-27 17:52:27.617 [info] > git status -z -uall [4ms]
2024-06-27 17:53:36.309 [info] > git show --textconv :src/pages/PostsPage.vue [17ms]
2024-06-27 17:53:36.310 [info] > git ls-files --stage -- /home/bismarckx/Projects/vue/src/pages/PostsPage.vue [2ms]
2024-06-27 17:53:36.327 [info] > git cat-file -s 6d3eec9d09c4beb22042f34a11b61298de4969d3 [3ms]
2024-06-27 17:53:38.158 [info] > git show --textconv :src/components/Navbar.vue [10ms]
2024-06-27 17:53:38.159 [info] > git ls-files --stage -- /home/bismarckx/Projects/vue/src/components/Navbar.vue [1ms]
2024-06-27 17:53:38.173 [info] > git cat-file -s b04e00db885d9a0071e3f0ba9311f81ce7961319 [2ms]
2024-06-27 17:54:36.607 [info] > git show --textconv :src/Router.js [14ms]
2024-06-27 17:54:36.608 [info] > git ls-files --stage -- /home/bismarckx/Projects/vue/src/Router.js [2ms]
2024-06-27 17:55:15.740 [info] > git show --textconv :src/router/router.js [10ms]
2024-06-27 17:55:15.741 [info] > git ls-files --stage -- /home/bismarckx/Projects/vue/src/router/router.js [1ms]
2024-06-27 17:55:15.754 [info] > git cat-file -s 35cacfec5cbd7605ccfe985efa7433906e601366 [1ms]
2024-06-27 17:55:18.509 [info] > git show --textconv :src/pages/PostsPage.vue [16ms]
2024-06-27 17:55:18.509 [info] > git ls-files --stage -- /home/bismarckx/Projects/vue/src/pages/PostsPage.vue [3ms]
2024-06-27 17:55:18.524 [info] > git cat-file -s 6d3eec9d09c4beb22042f34a11b61298de4969d3 [4ms]
2024-06-27 17:55:20.034 [info] > git show --textconv :src/Router.js [12ms]
2024-06-27 17:55:20.034 [info] > git ls-files --stage -- /home/bismarckx/Projects/vue/src/Router.js [1ms]
2024-06-27 17:55:21.167 [info] > git show --textconv :src/components/Navbar.vue [11ms]
2024-06-27 17:55:21.168 [info] > git ls-files --stage -- /home/bismarckx/Projects/vue/src/components/Navbar.vue [1ms]
2024-06-27 17:55:21.179 [info] > git cat-file -s b04e00db885d9a0071e3f0ba9311f81ce7961319 [1ms]
2024-06-27 17:55:56.617 [info] > git config --get commit.template [1ms]
2024-06-27 17:55:56.631 [info] > git for-each-ref --format=%(refname)%00%(upstream:short)%00%(objectname)%00%(upstream:track)%00%(upstream:remotename)%00%(upstream:remoteref) refs/heads/master refs/remotes/master [1ms]
2024-06-27 17:55:56.641 [warning] ENOENT: no such file or directory, open '/home/bismarckx/Projects/vue/.git/refs/remotes/origin/master'
2024-06-27 17:55:56.641 [info] > git rev-parse refs/remotes/origin/master [1ms]
2024-06-27 17:55:56.655 [info] > git status -z -uall [3ms]
2024-06-27 17:56:58.813 [info] > git config --get commit.template [10ms]
2024-06-27 17:56:58.813 [info] > git for-each-ref --format=%(refname)%00%(upstream:short)%00%(objectname)%00%(upstream:track)%00%(upstream:remotename)%00%(upstream:remoteref) refs/heads/master refs/remotes/master [1ms]
2024-06-27 17:56:58.821 [warning] ENOENT: no such file or directory, open '/home/bismarckx/Projects/vue/.git/refs/remotes/origin/master'
2024-06-27 17:56:58.822 [info] > git rev-parse refs/remotes/origin/master [1ms]
2024-06-27 17:56:58.839 [info] > git status -z -uall [4ms]
2024-06-27 17:57:06.645 [info] > git show --textconv :src/Router.js [11ms]
2024-06-27 17:57:06.648 [info] > git ls-files --stage -- /home/bismarckx/Projects/vue/src/Router.js [3ms]
2024-06-27 17:57:11.108 [info] > git show --textconv :src/components/Navbar.vue [10ms]
2024-06-27 17:57:11.109 [info] > git ls-files --stage -- /home/bismarckx/Projects/vue/src/components/Navbar.vue [1ms]
2024-06-27 17:57:11.122 [info] > git cat-file -s b04e00db885d9a0071e3f0ba9311f81ce7961319 [2ms]
2024-06-27 17:57:51.292 [info] > git config --get commit.template [2ms]
2024-06-27 17:57:51.305 [info] > git for-each-ref --format=%(refname)%00%(upstream:short)%00%(objectname)%00%(upstream:track)%00%(upstream:remotename)%00%(upstream:remoteref) refs/heads/master refs/remotes/master [2ms]
2024-06-27 17:57:51.315 [warning] ENOENT: no such file or directory, open '/home/bismarckx/Projects/vue/.git/refs/remotes/origin/master'
2024-06-27 17:57:51.316 [info] > git rev-parse refs/remotes/origin/master [1ms]
2024-06-27 17:57:51.329 [info] > git status -z -uall [3ms]
2024-06-27 17:58:16.235 [info] > git config --get commit.template [11ms]
2024-06-27 17:58:16.236 [info] > git for-each-ref --format=%(refname)%00%(upstream:short)%00%(objectname)%00%(upstream:track)%00%(upstream:remotename)%00%(upstream:remoteref) refs/heads/master refs/remotes/master [2ms]
2024-06-27 17:58:16.246 [warning] ENOENT: no such file or directory, open '/home/bismarckx/Projects/vue/.git/refs/remotes/origin/master'
2024-06-27 17:58:16.247 [info] > git rev-parse refs/remotes/origin/master [1ms]
2024-06-27 17:58:16.259 [info] > git status -z -uall [3ms]
2024-06-27 17:58:29.666 [info] > git for-each-ref --format=%(refname)%00%(upstream:short)%00%(objectname)%00%(upstream:track)%00%(upstream:remotename)%00%(upstream:remoteref) refs/heads/master refs/remotes/master [2ms]
2024-06-27 17:58:29.666 [info] > git config --get commit.template [16ms]
2024-06-27 17:58:29.677 [warning] ENOENT: no such file or directory, open '/home/bismarckx/Projects/vue/.git/refs/remotes/origin/master'
2024-06-27 17:58:29.679 [info] > git rev-parse refs/remotes/origin/master [2ms]
2024-06-27 17:58:29.691 [info] > git status -z -uall [3ms]
2024-06-27 17:58:35.905 [info] > git config --get commit.template [18ms]
2024-06-27 17:58:35.906 [info] > git for-each-ref --format=%(refname)%00%(upstream:short)%00%(objectname)%00%(upstream:track)%00%(upstream:remotename)%00%(upstream:remoteref) refs/heads/master refs/remotes/master [1ms]
2024-06-27 17:58:35.918 [warning] ENOENT: no such file or directory, open '/home/bismarckx/Projects/vue/.git/refs/remotes/origin/master'
2024-06-27 17:58:35.929 [info] > git rev-parse refs/remotes/origin/master [11ms]
2024-06-27 17:58:35.950 [info] > git status -z -uall [8ms]
2024-06-27 17:58:36.088 [info] > git show --textconv :src/Router.js [14ms]
2024-06-27 17:58:36.088 [info] > git ls-files --stage -- /home/bismarckx/Projects/vue/src/Router.js [1ms]
2024-06-27 17:58:43.228 [info] > git config --get commit.template [12ms]
2024-06-27 17:58:43.228 [info] > git for-each-ref --format=%(refname)%00%(upstream:short)%00%(objectname)%00%(upstream:track)%00%(upstream:remotename)%00%(upstream:remoteref) refs/heads/master refs/remotes/master [1ms]
2024-06-27 17:58:43.241 [warning] ENOENT: no such file or directory, open '/home/bismarckx/Projects/vue/.git/refs/remotes/origin/master'
2024-06-27 17:58:43.242 [info] > git rev-parse refs/remotes/origin/master [1ms]
2024-06-27 17:58:43.257 [info] > git status -z -uall [2ms]
2024-06-27 17:58:50.598 [info] > git config --get commit.template [11ms]
2024-06-27 17:58:50.598 [info] > git for-each-ref --format=%(refname)%00%(upstream:short)%00%(objectname)%00%(upstream:track)%00%(upstream:remotename)%00%(upstream:remoteref) refs/heads/master refs/remotes/master [1ms]
2024-06-27 17:58:50.611 [warning] ENOENT: no such file or directory, open '/home/bismarckx/Projects/vue/.git/refs/remotes/origin/master'
2024-06-27 17:58:50.612 [info] > git rev-parse refs/remotes/origin/master [1ms]
2024-06-27 17:58:50.626 [info] > git status -z -uall [3ms]
2024-06-27 17:59:01.679 [info] > git config --get commit.template [13ms]
2024-06-27 17:59:01.680 [info] > git for-each-ref --format=%(refname)%00%(upstream:short)%00%(objectname)%00%(upstream:track)%00%(upstream:remotename)%00%(upstream:remoteref) refs/heads/master refs/remotes/master [1ms]
2024-06-27 17:59:01.691 [warning] ENOENT: no such file or directory, open '/home/bismarckx/Projects/vue/.git/refs/remotes/origin/master'
2024-06-27 17:59:01.692 [info] > git rev-parse refs/remotes/origin/master [1ms]
2024-06-27 17:59:01.707 [info] > git status -z -uall [3ms]
2024-06-27 17:59:23.598 [info] > git show --textconv :src/components/Navbar.vue [10ms]
2024-06-27 17:59:23.599 [info] > git ls-files --stage -- /home/bismarckx/Projects/vue/src/components/Navbar.vue [1ms]
2024-06-27 17:59:23.611 [info] > git cat-file -s b04e00db885d9a0071e3f0ba9311f81ce7961319 [1ms]
2024-06-27 17:59:27.658 [info] > git config --get commit.template [13ms]
2024-06-27 17:59:27.659 [info] > git for-each-ref --format=%(refname)%00%(upstream:short)%00%(objectname)%00%(upstream:track)%00%(upstream:remotename)%00%(upstream:remoteref) refs/heads/master refs/remotes/master [1ms]
2024-06-27 17:59:27.671 [warning] ENOENT: no such file or directory, open '/home/bismarckx/Projects/vue/.git/refs/remotes/origin/master'
2024-06-27 17:59:27.672 [info] > git rev-parse refs/remotes/origin/master [1ms]
2024-06-27 17:59:27.688 [info] > git status -z -uall [3ms]
2024-06-27 17:59:39.826 [info] > git config --get commit.template [13ms]
2024-06-27 17:59:39.827 [info] > git for-each-ref --format=%(refname)%00%(upstream:short)%00%(objectname)%00%(upstream:track)%00%(upstream:remotename)%00%(upstream:remoteref) refs/heads/master refs/remotes/master [2ms]
2024-06-27 17:59:39.837 [warning] ENOENT: no such file or directory, open '/home/bismarckx/Projects/vue/.git/refs/remotes/origin/master'
2024-06-27 17:59:39.838 [info] > git rev-parse refs/remotes/origin/master [1ms]
2024-06-27 17:59:39.852 [info] > git status -z -uall [3ms]
2024-06-27 18:00:03.148 [info] > git show --textconv :src/Router.js [22ms]
2024-06-27 18:00:03.149 [info] > git ls-files --stage -- /home/bismarckx/Projects/vue/src/Router.js [11ms]
2024-06-27 18:02:04.228 [info] > git show --textconv :src/components/Navbar.vue [13ms]
2024-06-27 18:02:04.231 [info] > git ls-files --stage -- /home/bismarckx/Projects/vue/src/components/Navbar.vue [3ms]
2024-06-27 18:02:04.245 [info] > git cat-file -s b04e00db885d9a0071e3f0ba9311f81ce7961319 [1ms]
2024-06-27 18:02:07.242 [info] > git show --textconv :src/components/PostItem.vue [13ms]
2024-06-27 18:02:07.243 [info] > git ls-files --stage -- /home/bismarckx/Projects/vue/src/components/PostItem.vue [2ms]
2024-06-27 18:02:07.255 [info] > git cat-file -s dc14537d7cbc70ae3cb3c69ccfd99827a869b061 [1ms]
2024-06-27 18:02:16.577 [info] > git show --textconv :src/components/UI/MyButton.vue [14ms]
2024-06-27 18:02:16.633 [info] > git ls-files --stage -- /home/bismarckx/Projects/vue/src/components/UI/MyButton.vue [57ms]
2024-06-27 18:02:16.650 [info] > git cat-file -s 3a6a106e39e39bf02a5e6776516b4b6d94dcd7ac [3ms]
2024-06-27 18:02:26.055 [info] > git show --textconv :src/App.vue [11ms]
2024-06-27 18:02:26.055 [info] > git ls-files --stage -- /home/bismarckx/Projects/vue/src/App.vue [1ms]
2024-06-27 18:02:26.071 [info] > git cat-file -s 93c1820bfdde7d16087800560f53cbf8bdb4d6c0 [3ms]
2024-06-27 18:02:27.125 [info] > git show --textconv :src/components/PostItem.vue [12ms]
2024-06-27 18:02:27.128 [info] > git ls-files --stage -- /home/bismarckx/Projects/vue/src/components/PostItem.vue [2ms]
2024-06-27 18:02:27.142 [info] > git cat-file -s dc14537d7cbc70ae3cb3c69ccfd99827a869b061 [2ms]
2024-06-27 18:03:35.794 [info] > git config --get commit.template [2ms]
2024-06-27 18:03:35.809 [info] > git for-each-ref --format=%(refname)%00%(upstream:short)%00%(objectname)%00%(upstream:track)%00%(upstream:remotename)%00%(upstream:remoteref) refs/heads/master refs/remotes/master [1ms]
2024-06-27 18:03:35.823 [warning] ENOENT: no such file or directory, open '/home/bismarckx/Projects/vue/.git/refs/remotes/origin/master'
2024-06-27 18:03:35.824 [info] > git rev-parse refs/remotes/origin/master [1ms]
2024-06-27 18:03:35.843 [info] > git status -z -uall [4ms]
2024-06-27 18:03:40.874 [info] > git config --get commit.template [13ms]
2024-06-27 18:03:40.875 [info] > git for-each-ref --format=%(refname)%00%(upstream:short)%00%(objectname)%00%(upstream:track)%00%(upstream:remotename)%00%(upstream:remoteref) refs/heads/master refs/remotes/master [2ms]
2024-06-27 18:03:40.886 [warning] ENOENT: no such file or directory, open '/home/bismarckx/Projects/vue/.git/refs/remotes/origin/master'
2024-06-27 18:03:40.888 [info] > git rev-parse refs/remotes/origin/master [1ms]
2024-06-27 18:03:40.903 [info] > git status -z -uall [3ms]
2024-06-27 18:05:50.522 [info] > git config --get commit.template [15ms]
2024-06-27 18:05:50.523 [info] > git for-each-ref --format=%(refname)%00%(upstream:short)%00%(objectname)%00%(upstream:track)%00%(upstream:remotename)%00%(upstream:remoteref) refs/heads/master refs/remotes/master [2ms]
2024-06-27 18:05:50.537 [warning] ENOENT: no such file or directory, open '/home/bismarckx/Projects/vue/.git/refs/remotes/origin/master'
2024-06-27 18:05:50.538 [info] > git rev-parse refs/remotes/origin/master [2ms]
2024-06-27 18:05:50.555 [info] > git status -z -uall [3ms]
2024-06-27 18:05:55.583 [info] > git config --get commit.template [11ms]
2024-06-27 18:05:55.585 [info] > git for-each-ref --format=%(refname)%00%(upstream:short)%00%(objectname)%00%(upstream:track)%00%(upstream:remotename)%00%(upstream:remoteref) refs/heads/master refs/remotes/master [1ms]
2024-06-27 18:05:55.596 [warning] ENOENT: no such file or directory, open '/home/bismarckx/Projects/vue/.git/refs/remotes/origin/master'
2024-06-27 18:05:55.597 [info] > git rev-parse refs/remotes/origin/master [1ms]
2024-06-27 18:05:55.611 [info] > git status -z -uall [4ms]
2024-06-27 18:07:12.680 [info] > git show --textconv :src/components/UI/MyButton.vue [13ms]
2024-06-27 18:07:12.682 [info] > git ls-files --stage -- /home/bismarckx/Projects/vue/src/components/UI/MyButton.vue [2ms]
2024-06-27 18:07:12.694 [info] > git cat-file -s 3a6a106e39e39bf02a5e6776516b4b6d94dcd7ac [1ms]
2024-06-27 18:07:13.266 [info] > git show --textconv :src/App.vue [10ms]
2024-06-27 18:07:13.267 [info] > git ls-files --stage -- /home/bismarckx/Projects/vue/src/App.vue [1ms]
2024-06-27 18:07:13.280 [info] > git cat-file -s 93c1820bfdde7d16087800560f53cbf8bdb4d6c0 [2ms]
2024-06-27 18:07:13.730 [info] > git show --textconv :src/components/UI/MyButton.vue [16ms]
2024-06-27 18:07:13.732 [info] > git ls-files --stage -- /home/bismarckx/Projects/vue/src/components/UI/MyButton.vue [1ms]
2024-06-27 18:07:13.751 [info] > git cat-file -s 3a6a106e39e39bf02a5e6776516b4b6d94dcd7ac [2ms]
2024-06-27 18:07:14.502 [info] > git show --textconv :src/components/Navbar.vue [14ms]
2024-06-27 18:07:14.503 [info] > git ls-files --stage -- /home/bismarckx/Projects/vue/src/components/Navbar.vue [3ms]
2024-06-27 18:07:14.516 [info] > git cat-file -s b04e00db885d9a0071e3f0ba9311f81ce7961319 [2ms]
2024-06-27 18:07:14.882 [info] > git show --textconv :src/Router.js [11ms]
2024-06-27 18:07:14.883 [info] > git ls-files --stage -- /home/bismarckx/Projects/vue/src/Router.js [1ms]
2024-06-27 18:07:15.394 [info] > git show --textconv :src/pages/PostsPage.vue [12ms]
2024-06-27 18:07:15.396 [info] > git ls-files --stage -- /home/bismarckx/Projects/vue/src/pages/PostsPage.vue [2ms]
2024-06-27 18:07:15.409 [info] > git cat-file -s 6d3eec9d09c4beb22042f34a11b61298de4969d3 [2ms]
2024-06-27 18:07:16.137 [info] > git show --textconv :src/router/router.js [10ms]
2024-06-27 18:07:16.138 [info] > git ls-files --stage -- /home/bismarckx/Projects/vue/src/router/router.js [1ms]
2024-06-27 18:07:16.149 [info] > git cat-file -s 35cacfec5cbd7605ccfe985efa7433906e601366 [1ms]
2024-06-27 18:07:22.585 [info] > git show --textconv :src/components/PostItem.vue [13ms]
2024-06-27 18:07:22.586 [info] > git ls-files --stage -- /home/bismarckx/Projects/vue/src/components/PostItem.vue [1ms]
2024-06-27 18:07:22.600 [info] > git cat-file -s dc14537d7cbc70ae3cb3c69ccfd99827a869b061 [3ms]
2024-06-27 18:09:54.771 [info] > git show --textconv :src/components/PostList.vue [14ms]
2024-06-27 18:09:54.820 [info] > git ls-files --stage -- /home/bismarckx/Projects/vue/src/components/PostList.vue [50ms]
2024-06-27 18:09:54.838 [info] > git cat-file -s 253876f4eb6badecc66654ddd2f958aa9eadf7ea [4ms]
2024-06-27 18:10:12.341 [info] > git show --textconv :src/components/PostItem.vue [17ms]
2024-06-27 18:10:12.349 [info] > git ls-files --stage -- /home/bismarckx/Projects/vue/src/components/PostItem.vue [9ms]
2024-06-27 18:10:12.364 [info] > git cat-file -s dc14537d7cbc70ae3cb3c69ccfd99827a869b061 [1ms]
2024-06-27 18:10:25.485 [info] > git config --get commit.template [10ms]
2024-06-27 18:10:25.485 [info] > git for-each-ref --format=%(refname)%00%(upstream:short)%00%(objectname)%00%(upstream:track)%00%(upstream:remotename)%00%(upstream:remoteref) refs/heads/master refs/remotes/master [1ms]
2024-06-27 18:10:25.493 [warning] ENOENT: no such file or directory, open '/home/bismarckx/Projects/vue/.git/refs/remotes/origin/master'
2024-06-27 18:10:25.494 [info] > git rev-parse refs/remotes/origin/master [1ms]
2024-06-27 18:10:25.504 [info] > git status -z -uall [2ms]
2024-06-27 18:11:49.268 [info] > git config --get commit.template [2ms]
2024-06-27 18:11:49.281 [info] > git for-each-ref --format=%(refname)%00%(upstream:short)%00%(objectname)%00%(upstream:track)%00%(upstream:remotename)%00%(upstream:remoteref) refs/heads/master refs/remotes/master [2ms]
2024-06-27 18:11:49.292 [warning] ENOENT: no such file or directory, open '/home/bismarckx/Projects/vue/.git/refs/remotes/origin/master'
2024-06-27 18:11:49.293 [info] > git rev-parse refs/remotes/origin/master [1ms]
2024-06-27 18:11:49.308 [info] > git status -z -uall [2ms]
2024-06-27 18:11:49.371 [info] > git ls-files --stage -- /home/bismarckx/Projects/vue/src/components/PostItem.vue [2ms]
2024-06-27 18:11:49.382 [info] > git cat-file -s 7af7f18d0e3226c59e12390da840b34c6352a781 [1ms]
2024-06-27 18:11:49.394 [info] > git show --textconv :src/components/PostItem.vue [2ms]
2024-06-27 18:11:49.973 [info] > git check-ignore -v -z --stdin [1ms]
2024-06-27 18:11:54.332 [info] > git config --get commit.template [11ms]
2024-06-27 18:11:54.333 [info] > git for-each-ref --format=%(refname)%00%(upstream:short)%00%(objectname)%00%(upstream:track)%00%(upstream:remotename)%00%(upstream:remoteref) refs/heads/master refs/remotes/master [1ms]
2024-06-27 18:11:54.343 [warning] ENOENT: no such file or directory, open '/home/bismarckx/Projects/vue/.git/refs/remotes/origin/master'
2024-06-27 18:11:54.344 [info] > git rev-parse refs/remotes/origin/master [1ms]
2024-06-27 18:11:54.354 [info] > git status -z -uall [2ms]
2024-06-27 18:12:10.095 [info] > git config --get commit.template [14ms]
2024-06-27 18:12:10.096 [info] > git for-each-ref --format=%(refname)%00%(upstream:short)%00%(objectname)%00%(upstream:track)%00%(upstream:remotename)%00%(upstream:remoteref) refs/heads/master refs/remotes/master [1ms]
2024-06-27 18:12:10.110 [warning] ENOENT: no such file or directory, open '/home/bismarckx/Projects/vue/.git/refs/remotes/origin/master'
2024-06-27 18:12:10.111 [info] > git rev-parse refs/remotes/origin/master [1ms]
2024-06-27 18:12:10.125 [info] > git status -z -uall [2ms]
2024-06-27 18:12:10.183 [info] > git ls-files --stage -- /home/bismarckx/Projects/vue/src/components/PostItem.vue [1ms]
2024-06-27 18:12:10.194 [info] > git cat-file -s 7af7f18d0e3226c59e12390da840b34c6352a781 [1ms]
2024-06-27 18:12:10.207 [info] > git show --textconv :src/components/PostItem.vue [2ms]
2024-06-27 18:12:15.162 [info] > git config --get commit.template [15ms]
2024-06-27 18:12:15.162 [info] > git for-each-ref --format=%(refname)%00%(upstream:short)%00%(objectname)%00%(upstream:track)%00%(upstream:remotename)%00%(upstream:remoteref) refs/heads/master refs/remotes/master [1ms]
2024-06-27 18:12:15.177 [warning] ENOENT: no such file or directory, open '/home/bismarckx/Projects/vue/.git/refs/remotes/origin/master'
2024-06-27 18:12:15.178 [info] > git rev-parse refs/remotes/origin/master [1ms]
2024-06-27 18:12:15.193 [info] > git status -z -uall [2ms]
2024-06-27 18:12:36.485 [info] > git config --get commit.template [16ms]
2024-06-27 18:12:36.485 [info] > git for-each-ref --format=%(refname)%00%(upstream:short)%00%(objectname)%00%(upstream:track)%00%(upstream:remotename)%00%(upstream:remoteref) refs/heads/master refs/remotes/master [1ms]
2024-06-27 18:12:36.499 [warning] ENOENT: no such file or directory, open '/home/bismarckx/Projects/vue/.git/refs/remotes/origin/master'
2024-06-27 18:12:36.500 [info] > git rev-parse refs/remotes/origin/master [1ms]
2024-06-27 18:12:36.514 [info] > git status -z -uall [2ms]
2024-06-27 18:12:36.565 [info] > git ls-files --stage -- /home/bismarckx/Projects/vue/src/components/PostItem.vue [1ms]
2024-06-27 18:12:36.576 [info] > git cat-file -s 7af7f18d0e3226c59e12390da840b34c6352a781 [1ms]
2024-06-27 18:12:36.588 [info] > git show --textconv :src/components/PostItem.vue [2ms]
2024-06-27 18:12:41.544 [info] > git config --get commit.template [13ms]
2024-06-27 18:12:41.544 [info] > git for-each-ref --format=%(refname)%00%(upstream:short)%00%(objectname)%00%(upstream:track)%00%(upstream:remotename)%00%(upstream:remoteref) refs/heads/master refs/remotes/master [1ms]
2024-06-27 18:12:41.552 [warning] ENOENT: no such file or directory, open '/home/bismarckx/Projects/vue/.git/refs/remotes/origin/master'
2024-06-27 18:12:41.553 [info] > git rev-parse refs/remotes/origin/master [1ms]
2024-06-27 18:12:41.562 [info] > git status -z -uall [2ms]
2024-06-27 18:13:23.569 [info] > git config --get commit.template [14ms]
2024-06-27 18:13:23.570 [info] > git for-each-ref --format=%(refname)%00%(upstream:short)%00%(objectname)%00%(upstream:track)%00%(upstream:remotename)%00%(upstream:remoteref) refs/heads/master refs/remotes/master [2ms]
2024-06-27 18:13:23.582 [warning] ENOENT: no such file or directory, open '/home/bismarckx/Projects/vue/.git/refs/remotes/origin/master'
2024-06-27 18:13:23.583 [info] > git rev-parse refs/remotes/origin/master [1ms]
2024-06-27 18:13:23.598 [info] > git status -z -uall [2ms]
2024-06-27 18:13:23.653 [info] > git ls-files --stage -- /home/bismarckx/Projects/vue/src/components/PostItem.vue [1ms]
2024-06-27 18:13:23.668 [info] > git cat-file -s 7af7f18d0e3226c59e12390da840b34c6352a781 [1ms]
2024-06-27 18:13:23.682 [info] > git show --textconv :src/components/PostItem.vue [1ms]
2024-06-27 18:13:28.630 [info] > git config --get commit.template [13ms]
2024-06-27 18:13:28.631 [info] > git for-each-ref --format=%(refname)%00%(upstream:short)%00%(objectname)%00%(upstream:track)%00%(upstream:remotename)%00%(upstream:remoteref) refs/heads/master refs/remotes/master [2ms]
2024-06-27 18:13:28.643 [warning] ENOENT: no such file or directory, open '/home/bismarckx/Projects/vue/.git/refs/remotes/origin/master'
2024-06-27 18:13:28.644 [info] > git rev-parse refs/remotes/origin/master [1ms]
2024-06-27 18:13:28.659 [info] > git status -z -uall [2ms]
2024-06-27 18:13:45.310 [info] > git config --get commit.template [12ms]
2024-06-27 18:13:45.311 [info] > git for-each-ref --format=%(refname)%00%(upstream:short)%00%(objectname)%00%(upstream:track)%00%(upstream:remotename)%00%(upstream:remoteref) refs/heads/master refs/remotes/master [1ms]
2024-06-27 18:13:45.323 [warning] ENOENT: no such file or directory, open '/home/bismarckx/Projects/vue/.git/refs/remotes/origin/master'
2024-06-27 18:13:45.324 [info] > git rev-parse refs/remotes/origin/master [1ms]
2024-06-27 18:13:45.339 [info] > git status -z -uall [2ms]
2024-06-27 18:13:45.397 [info] > git ls-files --stage -- /home/bismarckx/Projects/vue/src/components/PostItem.vue [1ms]
2024-06-27 18:13:45.407 [info] > git cat-file -s 7af7f18d0e3226c59e12390da840b34c6352a781 [1ms]
2024-06-27 18:13:45.419 [info] > git show --textconv :src/components/PostItem.vue [2ms]
2024-06-27 18:13:50.373 [info] > git config --get commit.template [14ms]
2024-06-27 18:13:50.374 [info] > git for-each-ref --format=%(refname)%00%(upstream:short)%00%(objectname)%00%(upstream:track)%00%(upstream:remotename)%00%(upstream:remoteref) refs/heads/master refs/remotes/master [1ms]
2024-06-27 18:13:50.387 [warning] ENOENT: no such file or directory, open '/home/bismarckx/Projects/vue/.git/refs/remotes/origin/master'
2024-06-27 18:13:50.388 [info] > git rev-parse refs/remotes/origin/master [1ms]
2024-06-27 18:13:50.406 [info] > git status -z -uall [3ms]
2024-06-27 18:14:28.392 [info] > git config --get commit.template [14ms]
2024-06-27 18:14:28.392 [info] > git for-each-ref --format=%(refname)%00%(upstream:short)%00%(objectname)%00%(upstream:track)%00%(upstream:remotename)%00%(upstream:remoteref) refs/heads/master refs/remotes/master [1ms]
2024-06-27 18:14:28.405 [warning] ENOENT: no such file or directory, open '/home/bismarckx/Projects/vue/.git/refs/remotes/origin/master'
2024-06-27 18:14:28.406 [info] > git rev-parse refs/remotes/origin/master [1ms]
2024-06-27 18:14:28.418 [info] > git status -z -uall [2ms]
2024-06-27 18:14:28.477 [info] > git ls-files --stage -- /home/bismarckx/Projects/vue/src/components/PostItem.vue [2ms]
2024-06-27 18:14:28.486 [info] > git cat-file -s 7af7f18d0e3226c59e12390da840b34c6352a781 [1ms]
2024-06-27 18:14:28.500 [info] > git show --textconv :src/components/PostItem.vue [2ms]
2024-06-27 18:14:33.451 [info] > git config --get commit.template [14ms]
2024-06-27 18:14:33.452 [info] > git for-each-ref --format=%(refname)%00%(upstream:short)%00%(objectname)%00%(upstream:track)%00%(upstream:remotename)%00%(upstream:remoteref) refs/heads/master refs/remotes/master [2ms]
2024-06-27 18:14:33.462 [warning] ENOENT: no such file or directory, open '/home/bismarckx/Projects/vue/.git/refs/remotes/origin/master'
2024-06-27 18:14:33.463 [info] > git rev-parse refs/remotes/origin/master [1ms]
2024-06-27 18:14:33.478 [info] > git status -z -uall [2ms]
