2023-12-10 10:43:12.916 [info] Extension host with pid 19552 started
2023-12-10 10:43:12.941 [info] ExtensionService#_doActivateExtension vscode.git-base, startup: true, activationEvent: '*', root cause: vscode.git
2023-12-10 10:43:12.975 [info] ExtensionService#_doActivateExtension vscode.git, startup: true, activationEvent: '*'
2023-12-10 10:43:13.088 [info] ExtensionService#_doActivateExtension vscode.github, startup: true, activationEvent: '*'
2023-12-10 10:43:13.192 [info] Eager extensions activated
2023-12-10 10:43:13.251 [info] ExtensionService#_doActivateExtension vscode.debug-auto-launch, startup: false, activationEvent: 'onStartupFinished'
2023-12-10 10:43:13.255 [info] ExtensionService#_doActivateExtension vscode.merge-conflict, startup: false, activationEvent: 'onStartupFinished'
2023-12-10 10:44:01.879 [info] ExtensionService#_doActivateExtension vscode.json-language-features, startup: false, activationEvent: 'onLanguage:jsonc'
2023-12-10 10:44:01.962 [info] ExtensionService#_doActivateExtension vscode.typescript-language-features, startup: false, activationEvent: 'onLanguage:jsonc'
2023-12-10 10:44:02.041 [info] ExtensionService#_doActivateExtension vscode.emmet, startup: false, activationEvent: 'onLanguage'
2023-12-10 10:44:45.737 [info] Extension host terminating: renderer closed the MessagePort
2023-12-10 10:44:45.754 [info] Extension host with pid 19552 exiting with code 0
2023-12-10 10:44:47.694 [info] Extension host with pid 19699 started
2023-12-10 10:44:47.694 [info] Skipping acquiring lock for /home/bismarckx/.config/Code - OSS/User/workspaceStorage/69b8ecdce509889e138d9937e972def2.
2023-12-10 10:44:47.717 [info] ExtensionService#_doActivateExtension vscode.git-base, startup: true, activationEvent: '*'
2023-12-10 10:44:47.777 [info] ExtensionService#_doActivateExtension vscode.github, startup: true, activationEvent: '*'
2023-12-10 10:44:47.820 [info] Eager extensions activated
2023-12-10 10:44:47.846 [info] ExtensionService#_doActivateExtension vscode.debug-auto-launch, startup: false, activationEvent: 'onStartupFinished'
2023-12-10 10:44:47.848 [info] ExtensionService#_doActivateExtension vscode.merge-conflict, startup: false, activationEvent: 'onStartupFinished'
2023-12-10 10:44:51.225 [info] ExtensionService#_doActivateExtension vscode.git, startup: false, activationEvent: 'api', root cause: vscode.github
2023-12-10 10:45:00.814 [info] ExtensionService#_doActivateExtension vscode.emmet, startup: false, activationEvent: 'onLanguage'
2023-12-10 10:45:40.742 [info] Extension host terminating: renderer closed the MessagePort
2023-12-10 10:45:40.755 [info] Extension host with pid 19699 exiting with code 0
