Initializing document watcher...
vue/src/components/PostList.vue: {}
vue/src/components/PostList.vue: {}
vue/src/components/PostList.vue: {}
vue/src/components/PostList.vue: Using EditorConfig core...
vue/src/components/PostList.vue: Using EditorConfig core...
vue/src/components/PostList.vue: {}
vue/src/components/PostList.vue: {}
vue/src/components/PostList.vue: {}
vue/src/components/PostList.vue: {}
vue/src/components/PostList.vue: {}
vue/src/components/PostList.vue: Using EditorConfig core...
vue/src/components/PostList.vue: {}
vue/src/components/PostList.vue: {}
vue/src/components/PostList.vue: {}
vue/src/components/PostList.vue: {}
vue/src/components/PostList.vue: Using EditorConfig core...
vue/src/components/PostList.vue: {}
vue/src/components/PostList.vue: Using EditorConfig core...
vue/src/components/PostList.vue: {}
vue/src/components/PostList.vue: {}
vue/src/components/UI/MyDialog.vue: {}
vue/src/components/UI/MyDialog.vue: {}
vue/src/components/UI/MyDialog.vue: {}
vue/src/components/UI/MyDialog.vue: {}
vue/src/components/UI/MyDialog.vue: Using EditorConfig core...
vue/src/components/UI/MyDialog.vue: {}
vue/src/components/UI/MyDialog.vue: Using EditorConfig core...
vue/src/components/UI/index.js: {}
vue/src/components/UI/index.js: {}
vue/src/components/UI/index.js: Using EditorConfig core...
vue/src/components/UI/MyDialog.vue: {}
vue/src/components/UI/MyDialog.vue: {}
vue/src/components/UI/MyDialog.vue: Using EditorConfig core...
vue/src/components/UI/MyDialog.vue: {}
vue/src/components/UI/MyDialog.vue: {}
vue/src/components/UI/MyDialog.vue: Using EditorConfig core...
vue/src/components/UI/MyDialog.vue: {}
vue/src/components/UI/MyDialog.vue: {}
vue/src/components/UI/MyDialog.vue: {}
vue/src/components/UI/MyDialog.vue: Using EditorConfig core...
vue/src/components/UI/MyDialog.vue: {}
vue/src/components/UI/MyDialog.vue: {}
vue/src/components/UI/MyDialog.vue: Using EditorConfig core...
vue/src/components/UI/MyDialog.vue: Using EditorConfig core...
vue/src/components/UI/MyDialog.vue: {}
vue/src/components/UI/MyDialog.vue: {}
vue/src/components/UI/MyDialog.vue: {}
vue/src/components/UI/MyDialog.vue: Using EditorConfig core...
vue/src/components/UI/MyDialog.vue: {}
vue/src/components/UI/MyDialog.vue: Using EditorConfig core...
vue/src/components/UI/MyDialog.vue: {}
vue/src/components/UI/MyDialog.vue: {}
vue/src/components/UI/MyDialog.vue: Using EditorConfig core...
vue/src/components/UI/MyDialog.vue: {}
vue/src/components/UI/MyDialog.vue: Using EditorConfig core...
vue/src/App.vue: {}
vue/src/App.vue: {}
vue/src/App.vue: {}
vue/src/App.vue: {}
vue/src/App.vue: Using EditorConfig core...
vue/src/App.vue: Using EditorConfig core...
vue/src/App.vue: {}
vue/src/App.vue: Using EditorConfig core...
vue/src/App.vue: {}
vue/src/App.vue: Using EditorConfig core...
vue/src/App.vue: {}
vue/src/components/UI/MyDialog.vue: {}
vue/src/components/UI/MyDialog.vue: Using EditorConfig core...
vue/src/components/UI/MyDialog.vue: Using EditorConfig core...
vue/src/components/UI/MyDialog.vue: {}
vue/src/components/UI/MyDialog.vue: Using EditorConfig core...
vue/src/components/UI/MyDialog.vue: {}
vue/src/components/UI/MyDialog.vue: Using EditorConfig core...
vue/src/components/UI/MyDialog.vue: Using EditorConfig core...
vue/src/components/UI/MyDialog.vue: {}
vue/src/components/UI/MyDialog.vue: {}
vue/src/components/UI/MyDialog.vue: Using EditorConfig core...
vue/src/components/UI/MyDialog.vue: {}
vue/src/components/UI/MyDialog.vue: {}
vue/src/components/UI/MyDialog.vue: {}
vue/src/components/UI/MyDialog.vue: {}
vue/src/components/UI/MyDialog.vue: {}
vue/src/components/UI/MyDialog.vue: Using EditorConfig core...
vue/src/components/UI/MyDialog.vue: {}
vue/src/components/UI/MyDialog.vue: {}
vue/src/components/UI/MyDialog.vue: {}
vue/src/components/UI/MyDialog.vue: {}
vue/src/components/UI/MyDialog.vue: {}
vue/src/components/UI/MyDialog.vue: {}
vue/src/components/UI/MyDialog.vue: {}
vue/src/components/UI/MyDialog.vue: {}
vue/src/components/UI/MyDialog.vue: {}
vue/src/App.vue: {}
vue/src/App.vue: {}
vue/src/App.vue: Using EditorConfig core...
vue/src/App.vue: Using EditorConfig core...
vue/src/components/UI/MyDialog.vue: {}
vue/src/App.vue: {}
vue/src/App.vue: {}
vue/src/App.vue: {}
vue/src/components/PostItem.vue: {}
vue/src/App.vue: {}
vue/src/App.vue: Using EditorConfig core...
vue/src/App.vue: {}
vue/src/App.vue: Using EditorConfig core...
vue/src/App.vue: {}
vue/src/App.vue: Using EditorConfig core...
vue/src/App.vue: Using EditorConfig core...
vue/src/App.vue: {}
vue/src/App.vue: {}
vue/src/App.vue: Using EditorConfig core...
vue/src/App.vue: Using EditorConfig core...
vue/src/App.vue: {}
vue/src/App.vue: {}
vue/src/App.vue: Using EditorConfig core...
vue/src/components/PostItem.vue: {}
vue/src/components/PostItem.vue: {}
vue/src/components/UI/MyInput.vue: {}
vue/src/components/UI/MyInput.vue: Using EditorConfig core...
vue/src/components/UI/MyInput.vue: Using EditorConfig core...
vue/src/components/UI/MyDialog.vue: {}
vue/src/components/UI/MyDialog.vue: {}
vue/src/components/UI/MyDialog.vue: Using EditorConfig core...
vue/src/components/UI/MyDialog.vue: {}
vue/src/components/UI/MyDialog.vue: Using EditorConfig core...
vue/src/components/UI/MyDialog.vue: {}
vue/src/App.vue: {}
vue/src/App.vue: Using EditorConfig core...
vue/src/App.vue: {}
vue/src/App.vue: Using EditorConfig core...
vue/src/App.vue: {}
vue/src/App.vue: Using EditorConfig core...
vue/src/App.vue: {}
vue/src/App.vue: {}
vue/src/App.vue: Using EditorConfig core...
vue/src/App.vue: {}
vue/src/App.vue: Using EditorConfig core...
vue/src/App.vue: {}
vue/src/App.vue: Using EditorConfig core...
vue/src/App.vue: {}
vue/src/App.vue: Using EditorConfig core...
vue/src/App.vue: {}
vue/src/App.vue: {}
vue/src/App.vue: {}
vue/src/App.vue: Using EditorConfig core...
vue/src/App.vue: {}
vue/src/App.vue: {}
vue/src/App.vue: {}
vue/src/App.vue: {}
vue/src/App.vue: {}
vue/src/App.vue: Using EditorConfig core...
vue/src/App.vue: {}
vue/src/App.vue: {}
vue/src/App.vue: {}
vue/src/App.vue: {}
vue/src/App.vue: {}
vue/src/App.vue: Using EditorConfig core...
vue/src/App.vue: {}
vue/src/App.vue: {}
vue/src/App.vue: Using EditorConfig core...
vue/src/App.vue: {}
vue/src/App.vue: Using EditorConfig core...
vue/src/App.vue: {}
/home/bismarckx/.config/Code/User/profiles/-384ba5b7/settings.json: Using EditorConfig core...
/home/bismarckx/.config/Code/User/profiles/-384ba5b7/settings.json: Using EditorConfig core...
vue/src/App.vue: {}
vue/src/App.vue: {}
vue/src/App.vue: {}
vue/src/App.vue: Using EditorConfig core...
vue/src/App.vue: {}
vue/src/App.vue: {}
vue/src/App.vue: Using EditorConfig core...
vue/src/App.vue: {}
vue/src/App.vue: {}
vue/src/App.vue: Using EditorConfig core...
vue/src/App.vue: {}
vue/src/App.vue: Using EditorConfig core...
vue/src/App.vue: {}
vue/src/App.vue: Using EditorConfig core...
vue/src/App.vue: {}
vue/src/App.vue: {}
vue/src/App.vue: {}
vue/src/App.vue: {}
vue/src/App.vue: Using EditorConfig core...
vue/src/App.vue: {}
vue/src/App.vue: {}
vue/src/App.vue: Using EditorConfig core...
vue/src/App.vue: {}
vue/src/App.vue: Using EditorConfig core...
vue/src/App.vue: Using EditorConfig core...
vue/src/App.vue: Using EditorConfig core...
vue/src/App.vue: {}
vue/src/App.vue: {}
vue/src/App.vue: Using EditorConfig core...
vue/src/App.vue: {}
vue/src/App.vue: Using EditorConfig core...
vue/src/App.vue: {}
vue/src/App.vue: Using EditorConfig core...
vue/src/App.vue: {}
vue/src/App.vue: Using EditorConfig core...
vue/src/App.vue: {}
vue/src/App.vue: Using EditorConfig core...
vue/src/App.vue: {}
vue/src/App.vue: Using EditorConfig core...
vue/src/App.vue: {}
vue/src/App.vue: Using EditorConfig core...
vue/src/App.vue: {}
vue/src/App.vue: Using EditorConfig core...
vue/src/App.vue: {}
vue/src/App.vue: Using EditorConfig core...
vue/src/App.vue: Using EditorConfig core...
vue/src/App.vue: {}
vue/src/App.vue: Using EditorConfig core...
vue/src/App.vue: Using EditorConfig core...
vue/src/App.vue: {}
vue/src/components/UI/MySelect.vue: {}
vue/src/components/UI/MySelect.vue: {}
vue/src/components/UI/MySelect.vue: {}
vue/src/components/UI/MySelect.vue: Using EditorConfig core...
vue/src/components/UI/MySelect.vue: {}
vue/src/components/UI/MySelect.vue: Using EditorConfig core...
vue/src/components/UI/MySelect.vue: {}
vue/src/App.vue: {}
vue/src/App.vue: {}
vue/src/App.vue: {}
vue/src/App.vue: {}
vue/src/App.vue: Using EditorConfig core...
vue/src/components/UI/MySelect.vue: Using EditorConfig core...
vue/src/App.vue: {}
vue/src/App.vue: {}
vue/src/App.vue: {}
vue/src/App.vue: Using EditorConfig core...
vue/src/App.vue: {}
vue/src/App.vue: Using EditorConfig core...
vue/src/App.vue: Using EditorConfig core...
vue/src/App.vue: {}
vue/src/components/UI/index.js: {}
vue/src/components/UI/index.js: Using EditorConfig core...
vue/src/App.vue: Using EditorConfig core...
vue/src/App.vue: {}
vue/src/App.vue: {}
vue/src/components/UI/MySelect.vue: {}
vue/src/components/UI/MySelect.vue: {}
vue/src/components/UI/MySelect.vue: {}
vue/src/components/UI/MySelect.vue: {}
vue/src/components/UI/MySelect.vue: {}
vue/src/components/UI/MySelect.vue: {}
vue/src/components/UI/MySelect.vue: Using EditorConfig core...
vue/src/components/UI/MySelect.vue: {}
vue/src/components/UI/MySelect.vue: Using EditorConfig core...
vue/src/components/UI/MySelect.vue: {}
vue/src/components/UI/MySelect.vue: {}
vue/src/components/UI/MySelect.vue: {}
vue/src/components/UI/MySelect.vue: Using EditorConfig core...
vue/src/components/UI/MySelect.vue: Using EditorConfig core...
vue/src/components/UI/MySelect.vue: Using EditorConfig core...
vue/src/components/UI/MySelect.vue: {}
vue/src/components/UI/MySelect.vue: Using EditorConfig core...
vue/src/components/UI/MySelect.vue: Using EditorConfig core...
vue/src/components/UI/MySelect.vue: {}
vue/src/components/UI/MySelect.vue: {}
vue/src/components/UI/MySelect.vue: Using EditorConfig core...
vue/src/components/UI/MySelect.vue: {}
vue/src/components/UI/MySelect.vue: Using EditorConfig core...
vue/src/components/UI/MySelect.vue: Using EditorConfig core...
vue/src/components/UI/MySelect.vue: {}
vue/src/components/UI/MySelect.vue: Using EditorConfig core...
vue/src/components/UI/MySelect.vue: {}
vue/src/components/UI/MySelect.vue: {}
vue/src/components/UI/MySelect.vue: {}
vue/src/components/UI/MySelect.vue: {}
vue/src/components/UI/MySelect.vue: {}
vue/src/components/UI/MySelect.vue: {}
vue/src/components/UI/MySelect.vue: Using EditorConfig core...
vue/src/App.vue: {}
vue/src/App.vue: {}
vue/src/App.vue: {}
vue/src/App.vue: Using EditorConfig core...
vue/src/App.vue: Using EditorConfig core...
vue/src/App.vue: {}
vue/src/App.vue: {}
vue/src/App.vue: {}
vue/src/App.vue: Using EditorConfig core...
vue/src/App.vue: Using EditorConfig core...
vue/src/App.vue: {}
vue/src/components/UI/MySelect.vue: {}
vue/src/components/UI/MySelect.vue: {}
vue/src/App.vue: {}
vue/src/App.vue: {}
vue/src/App.vue: {}
vue/src/main.js: {}
vue/src/components/UI/MySelect.vue: {}
vue/src/components/UI/MySelect.vue: Using EditorConfig core...
vue/src/components/UI/MySelect.vue: {}
vue/src/components/UI/MySelect.vue: {}
vue/src/components/UI/MySelect.vue: Using EditorConfig core...
vue/src/components/UI/MySelect.vue: Using EditorConfig core...
vue/src/components/UI/MySelect.vue: {}
vue/src/components/UI/MySelect.vue: Using EditorConfig core...
vue/src/components/UI/MySelect.vue: {}
vue/src/components/UI/MySelect.vue: Using EditorConfig core...
vue/src/App.vue: {}
vue/src/App.vue: {}
vue/src/components/UI/MySelect.vue: {}
vue/src/components/UI/MySelect.vue: {}
vue/src/components/UI/MySelect.vue: {}
vue/src/components/UI/MySelect.vue: {}
vue/src/components/UI/MySelect.vue: Using EditorConfig core...
