[Info  - 11:12:40 PM] ESLint server is starting.
[Info  - 11:12:41 PM] ESLint server running in node v20.9.0
[Info  - 11:12:41 PM] ESLint server is running.
[Warn  - 11:31:23 PM] Detected package manager() differs from the one in the deprecated packageManager setting(npm). We will honor this setting until it is removed.
[object Object]
[Info  - 11:31:23 PM] 
Failed to load the ESLint library for the document /home/bismarckx/Projects/vue/src/components/UI/index.js

To use ESLint please install eslint by running npm install eslint in the workspace folder vue
or globally using 'npm install -g eslint'. You need to reopen the workspace after installing eslint.

Alternatively you can disable ESLint for the workspace folder vue by executing the 'Disable ESLint' command.
[Warn  - 12:32:01 AM] Detected package manager() differs from the one in the deprecated packageManager setting(npm). We will honor this setting until it is removed.
[object Object]
[Info  - 12:32:01 AM] 
Failed to load the ESLint library for the document /home/bismarckx/Projects/vue/src/components/UI/index.js

To use ESLint please install eslint by running npm install eslint in the workspace folder vue
or globally using 'npm install -g eslint'. You need to reopen the workspace after installing eslint.

Alternatively you can disable ESLint for the workspace folder vue by executing the 'Disable ESLint' command.
[Warn  - 12:40:12 AM] Detected package manager() differs from the one in the deprecated packageManager setting(npm). We will honor this setting until it is removed.
[object Object]
[Info  - 12:40:12 AM] 
Failed to load the ESLint library for the document /home/bismarckx/Projects/vue/src/main.js

To use ESLint please install eslint by running npm install eslint in the workspace folder vue
or globally using 'npm install -g eslint'. You need to reopen the workspace after installing eslint.

Alternatively you can disable ESLint for the workspace folder vue by executing the 'Disable ESLint' command.
