2024-06-25 19:49:12.579 [info] Log level: Info
2024-06-25 19:49:12.579 [info] Validating found git in: "git"
2024-06-25 19:49:12.579 [info] Using git "2.45.2" from "git"
2024-06-25 19:49:12.579 [info] > git rev-parse --show-toplevel [26ms]
2024-06-25 19:49:12.580 [info] > git rev-parse --git-dir --git-common-dir [2ms]
2024-06-25 19:49:12.588 [info] Open repository: /home/bismarckx/Projects/vue
2024-06-25 19:49:12.611 [info] > git rev-parse --show-toplevel [13ms]
2024-06-25 19:49:12.611 [info] > git config --get commit.template [18ms]
2024-06-25 19:49:12.852 [info] > git rev-parse --show-toplevel [99ms]
2024-06-25 19:49:12.885 [info] > git for-each-ref --format=%(refname)%00%(upstream:short)%00%(objectname)%00%(upstream:track)%00%(upstream:remotename)%00%(upstream:remoteref) refs/heads/master refs/remotes/master [48ms]
2024-06-25 19:49:12.893 [warning] ENOENT: no such file or directory, open '/home/bismarckx/Projects/vue/.git/refs/remotes/origin/master'
2024-06-25 19:49:12.894 [info] > git rev-parse --show-toplevel [16ms]
2024-06-25 19:49:12.896 [info] > git rev-parse refs/remotes/origin/master [3ms]
2024-06-25 19:49:12.906 [info] > git status -z -uall [4ms]
2024-06-25 19:49:12.929 [info] > git merge-base refs/heads/master refs/remotes/origin/master [16ms]
2024-06-25 19:49:12.936 [info] > git config --get commit.template [7ms]
2024-06-25 19:49:12.937 [info] > git rev-list --count --left-right refs/heads/master...refs/remotes/origin/master [2ms]
2024-06-25 19:49:12.955 [info] > git diff --name-status -z --diff-filter=ADMR 34bf7a08c46c08822083aad67b90330ee7ac77db...refs/remotes/origin/master [13ms]
2024-06-25 19:49:12.957 [info] > git for-each-ref --format=%(refname)%00%(upstream:short)%00%(objectname)%00%(upstream:track)%00%(upstream:remotename)%00%(upstream:remoteref) refs/heads/master refs/remotes/master [10ms]
2024-06-25 19:49:12.963 [warning] ENOENT: no such file or directory, open '/home/bismarckx/Projects/vue/.git/refs/remotes/origin/master'
2024-06-25 19:49:12.965 [info] > git rev-parse refs/remotes/origin/master [1ms]
2024-06-25 19:49:12.973 [info] > git status -z -uall [3ms]
2024-06-25 19:49:13.266 [info] > git check-ignore -v -z --stdin [2ms]
2024-06-25 19:49:24.398 [info] > git check-ignore -v -z --stdin [13ms]
2024-06-25 19:49:24.456 [info] > git show --textconv :src/components/PostItem.vue [13ms]
2024-06-25 19:49:24.482 [info] > git ls-files --stage -- /home/bismarckx/Projects/vue/src/components/PostItem.vue [32ms]
2024-06-25 19:49:24.497 [info] > git cat-file -s dc14537d7cbc70ae3cb3c69ccfd99827a869b061 [9ms]
2024-06-25 19:49:24.898 [info] > git check-ignore -v -z --stdin [1ms]
2024-06-25 19:50:04.634 [info] > git show --textconv :src/components/PostItem.vue [9ms]
2024-06-25 19:50:04.634 [info] > git ls-files --stage -- /home/bismarckx/Projects/vue/src/components/PostItem.vue [2ms]
2024-06-25 19:50:04.642 [info] > git cat-file -s dc14537d7cbc70ae3cb3c69ccfd99827a869b061 [2ms]
2024-06-25 19:51:06.828 [info] > git config --get commit.template [13ms]
2024-06-25 19:51:06.829 [info] > git for-each-ref --format=%(refname)%00%(upstream:short)%00%(objectname)%00%(upstream:track)%00%(upstream:remotename)%00%(upstream:remoteref) refs/heads/master refs/remotes/master [2ms]
2024-06-25 19:51:06.840 [warning] ENOENT: no such file or directory, open '/home/bismarckx/Projects/vue/.git/refs/remotes/origin/master'
2024-06-25 19:51:06.841 [info] > git rev-parse refs/remotes/origin/master [1ms]
2024-06-25 19:51:06.855 [info] > git status -z -uall [3ms]
2024-06-25 19:51:23.956 [info] > git config --get commit.template [11ms]
2024-06-25 19:51:23.956 [info] > git for-each-ref --format=%(refname)%00%(upstream:short)%00%(objectname)%00%(upstream:track)%00%(upstream:remotename)%00%(upstream:remoteref) refs/heads/master refs/remotes/master [1ms]
2024-06-25 19:51:23.966 [warning] ENOENT: no such file or directory, open '/home/bismarckx/Projects/vue/.git/refs/remotes/origin/master'
2024-06-25 19:51:23.968 [info] > git rev-parse refs/remotes/origin/master [2ms]
2024-06-25 19:51:23.979 [info] > git status -z -uall [4ms]
