Initializing document watcher...
vue/src/App.vue: Using EditorConfig core...
vue/src/App.vue: Using EditorConfig core...
vue/src/main.js: {}
vue/src/App.vue: {}
vue/src/App.vue: {}
vue/src/App.vue: {}
vue/src/App.vue: Using EditorConfig core...
vue/src/App.vue: {}
vue/src/App.vue: {}
vue/src/App.vue: {}
vue/src/App.vue: Using EditorConfig core...
vue/src/App.vue: {}
vue/src/App.vue: Using EditorConfig core...
vue/src/App.vue: {}
vue/src/App.vue: {}
vue/src/main.js: {}
vue/src/App.vue: {}
vue/src/App.vue: Using EditorConfig core...
vue/src/App.vue: Using EditorConfig core...
vue/src/App.vue: {}
vue/src/App.vue: {}
vue/src/App.vue: {}
vue/src/App.vue: {}
vue/src/App.vue: Using EditorConfig core...
vue/src/App.vue: {}
vue/src/App.vue: Using EditorConfig core...
vue/src/App.vue: {}
vue/src/App.vue: {}
vue/src/App.vue: Using EditorConfig core...
vue/src/App.vue: {}
vue/src/App.vue: {}
vue/src/App.vue: Using EditorConfig core...
vue/src/App.vue: {}
vue/src/App.vue: Using EditorConfig core...
vue/src/App.vue: {}
vue/src/App.vue: Using EditorConfig core...
vue/src/App.vue: Using EditorConfig core...
vue/src/App.vue: {}
vue/src/App.vue: Using EditorConfig core...
vue/src/App.vue: {}
vue/src/App.vue: Using EditorConfig core...
vue/src/App.vue: {}
vue/src/App.vue: Using EditorConfig core...
vue/src/App.vue: {}
vue/src/App.vue: Using EditorConfig core...
vue/src/App.vue: Using EditorConfig core...
vue/src/App.vue: Using EditorConfig core...
vue/src/App.vue: {}
vue/src/App.vue: Using EditorConfig core...
vue/src/App.vue: Using EditorConfig core...
vue/src/App.vue: {}
vue/src/App.vue: Using EditorConfig core...
vue/src/App.vue: Using EditorConfig core...
vue/src/App.vue: {}
vue/src/App.vue: {}
vue/src/App.vue: Using EditorConfig core...
vue/src/App.vue: Using EditorConfig core...
vue/src/App.vue: Using EditorConfig core...
vue/src/App.vue: Using EditorConfig core...
vue/src/App.vue: {}
vue/src/App.vue: {}
vue/src/App.vue: {}
vue/src/App.vue: Using EditorConfig core...
vue/src/App.vue: {}
vue/src/App.vue: Using EditorConfig core...
vue/src/App.vue: Using EditorConfig core...
vue/src/App.vue: Using EditorConfig core...
vue/src/App.vue: {}
vue/src/App.vue: Using EditorConfig core...
vue/src/App.vue: Using EditorConfig core...
vue/src/App.vue: {}
vue/src/App.vue: Using EditorConfig core...
vue/src/App.vue: {}
vue/src/App.vue: Using EditorConfig core...
vue/src/App.vue: {}
vue/src/App.vue: {}
vue/src/App.vue: Using EditorConfig core...
vue/src/App.vue: Using EditorConfig core...
vue/src/App.vue: {}
vue/src/App.vue: {}
vue/src/App.vue: Using EditorConfig core...
vue/src/App.vue: {}
vue/src/App.vue: {}
vue/src/App.vue: {}
vue/src/App.vue: Using EditorConfig core...
vue/src/App.vue: {}
vue/src/App.vue: {}
vue/src/App.vue: {}
vue/src/App.vue: Using EditorConfig core...
vue/src/App.vue: {}
vue/src/App.vue: {}
vue/src/App.vue: Using EditorConfig core...
/home/bismarckx/.config/Code/User/profiles/-384ba5b7/settings.json: {}
vue/src/App.vue: {}
undefined: {}
vue/src/App.vue: {}
vue/src/App.vue: Using EditorConfig core...
undefined: {}
vue/src/App.vue: {}
vue/src/App.vue: {}
vue/src/App.vue: Using EditorConfig core...
vue/src/App.vue: {}
vue/src/App.vue: {}
vue/src/App.vue: Using EditorConfig core...
vue/src/App.vue: {}
vue/src/App.vue: Using EditorConfig core...
vue/src/App.vue: {}
vue/src/App.vue: Using EditorConfig core...
vue/src/App.vue: {}
vue/src/App.vue: {}
vue/src/App.vue: Using EditorConfig core...
vue/src/App.vue: {}
vue/src/App.vue: {}
vue/src/App.vue: {}
vue/src/App.vue: {}
vue/src/components/PostList.vue: {}
vue/src/components/PostList.vue: {}
vue/src/components/PostForm.vue: {}
vue/src/components/PostForm.vue: {}
vue/src/components/PostForm.vue: Using EditorConfig core...
vue/src/components/PostForm.vue: {}
vue/src/components/PostList.vue: {}
vue/src/App.vue: {}
vue/src/App.vue: {}
vue/src/components/PostList.vue: {}
vue/src/App.vue: {}
vue/src/components/PostList.vue: {}
vue/src/components/PostList.vue: {}
vue/src/components/PostList.vue: Using EditorConfig core...
vue/src/components/PostList.vue: {}
vue/src/App.vue: {}
vue/src/components/PostForm.vue: {}
vue/src/components/PostForm.vue: {}
vue/src/components/PostForm.vue: Using EditorConfig core...
vue/src/App.vue: Using EditorConfig core...
vue/src/components/PostForm.vue: Using EditorConfig core...
vue/src/components/PostForm.vue: Using EditorConfig core...
vue/src/App.vue: {}
vue/src/App.vue: {}
vue/src/components/PostList.vue: {}
vue/src/components/PostList.vue: {}
vue/src/App.vue: {}
vue/src/App.vue: {}
vue/src/components/PostForm.vue: {}
vue/src/components/PostForm.vue: Using EditorConfig core...
vue/src/App.vue: Using EditorConfig core...
vue/src/components/PostForm.vue: {}
vue/src/components/PostForm.vue: Using EditorConfig core...
vue/src/App.vue: {}
vue/src/App.vue: {}
vue/src/App.vue: {}
vue/src/App.vue: Using EditorConfig core...
vue/src/App.vue: {}
vue/src/App.vue: Using EditorConfig core...
vue/src/App.vue: {}
vue/src/App.vue: Using EditorConfig core...
vue/src/App.vue: {}
vue/src/App.vue: {}
vue/src/App.vue: Using EditorConfig core...
vue/src/App.vue: Using EditorConfig core...
vue/src/App.vue: Using EditorConfig core...
vue/src/App.vue: Using EditorConfig core...
vue/src/App.vue: {}
vue/src/App.vue: Using EditorConfig core...
vue/src/App.vue: Using EditorConfig core...
vue/src/components/PostList.vue: {}
vue/src/components/PostList.vue: Using EditorConfig core...
vue/src/components/PostList.vue: Using EditorConfig core...
vue/src/App.vue: {}
vue/src/App.vue: {}
vue/src/App.vue: Using EditorConfig core...
vue/src/App.vue: {}
vue/src/App.vue: Using EditorConfig core...
vue/src/components/PostForm.vue: {}
vue/src/components/PostForm.vue: {}
vue/src/components/PostForm.vue: {}
vue/src/components/PostForm.vue: {}
vue/src/components/PostForm.vue: {}
vue/src/components/PostForm.vue: Using EditorConfig core...
vue/src/components/PostForm.vue: {}
vue/src/components/PostForm.vue: Using EditorConfig core...
vue/src/components/PostForm.vue: {}
vue/src/components/PostForm.vue: Using EditorConfig core...
vue/src/components/PostForm.vue: {}
vue/src/components/PostForm.vue: Using EditorConfig core...
vue/src/App.vue: {}
vue/src/App.vue: {}
vue/src/components/PostForm.vue: {}
vue/src/components/PostForm.vue: Using EditorConfig core...
vue/src/components/PostForm.vue: {}
vue/src/components/PostForm.vue: {}
vue/src/components/PostForm.vue: Using EditorConfig core...
vue/src/App.vue: {}
vue/src/App.vue: {}
vue/src/App.vue: Using EditorConfig core...
vue/src/App.vue: {}
vue/src/components/PostForm.vue: {}
vue/src/components/PostForm.vue: {}
vue/src/components/PostForm.vue: {}
vue/src/components/PostForm.vue: {}
vue/src/components/PostForm.vue: {}
vue/src/components/PostForm.vue: {}
vue/src/components/PostForm.vue: Using EditorConfig core...
vue/src/App.vue: {}
vue/src/App.vue: {}
vue/src/App.vue: Using EditorConfig core...
vue/src/App.vue: Using EditorConfig core...
vue/src/App.vue: {}
vue/src/App.vue: Using EditorConfig core...
vue/src/App.vue: {}
vue/src/App.vue: Using EditorConfig core...
vue/src/App.vue: {}
vue/src/App.vue: Using EditorConfig core...
vue/src/App.vue: {}
vue/src/App.vue: Using EditorConfig core...
vue/src/App.vue: {}
vue/src/components/PostItem.vue: {}
vue/src/components/PostList.vue: {}
vue/src/components/PostList.vue: {}
vue/src/components/PostItem.vue: {}
vue/src/components/PostItem.vue: {}
vue/src/components/PostItem.vue: Using EditorConfig core...
vue/src/components/PostList.vue: Using EditorConfig core...
vue/src/components/PostList.vue: {}
vue/src/components/PostList.vue: {}
vue/src/components/PostList.vue: Using EditorConfig core...
vue/src/components/PostList.vue: {}
vue/src/components/PostList.vue: Using EditorConfig core...
vue/src/components/PostList.vue: {}
vue/src/components/PostList.vue: {}
vue/src/components/PostList.vue: Using EditorConfig core...
vue/src/components/PostList.vue: Using EditorConfig core...
vue/src/components/PostList.vue: {}
vue/src/components/PostList.vue: Using EditorConfig core...
vue/src/components/PostList.vue: {}
vue/src/components/PostList.vue: Using EditorConfig core...
vue/src/components/PostList.vue: {}
vue/src/components/PostList.vue: Using EditorConfig core...
vue/src/components/PostList.vue: {}
vue/src/components/PostList.vue: Using EditorConfig core...
vue/src/components/PostItem.vue: {}
vue/src/components/PostItem.vue: {}
vue/src/components/PostItem.vue: {}
vue/src/components/PostItem.vue: Using EditorConfig core...
vue/src/components/PostItem.vue: Using EditorConfig core...
vue/src/components/PostItem.vue: {}
vue/src/components/PostItem.vue: Using EditorConfig core...
vue/src/components/PostList.vue: {}
vue/src/components/PostList.vue: {}
vue/src/components/PostItem.vue: {}
vue/src/components/PostItem.vue: Using EditorConfig core...
vue/src/components/PostList.vue: Using EditorConfig core...
vue/src/components/PostItem.vue: {}
vue/src/components/PostItem.vue: Using EditorConfig core...
vue/src/components/PostItem.vue: {}
vue/src/components/PostItem.vue: Using EditorConfig core...
vue/src/components/PostItem.vue: {}
vue/src/components/UI/B: {}
vue/src/components/UI/B: {}
vue/src/components/PostItem.vue: {}
vue/src/components/UI/MyButton.vue: {}
vue/src/components/PostForm.vue: {}
vue/src/components/PostForm.vue: {}
vue/src/components/UI/MyButton.vue: {}
vue/src/components/UI/MyButton.vue: Using EditorConfig core...
vue/src/components/PostForm.vue: Using EditorConfig core...
vue/src/components/PostForm.vue: {}
vue/src/components/PostForm.vue: {}
vue/src/components/PostForm.vue: {}
vue/src/components/PostForm.vue: Using EditorConfig core...
vue/src/components/PostForm.vue: {}
vue/src/components/PostForm.vue: Using EditorConfig core...
vue/src/components/UI/MyButton.vue: {}
vue/src/components/UI/MyButton.vue: {}
vue/src/components/UI/MyButton.vue: Using EditorConfig core...
vue/src/components/UI/MyButton.vue: {}
vue/src/components/UI/MyButton.vue: Using EditorConfig core...
vue/src/components/UI/MyButton.vue: {}
vue/src/components/PostList.vue: {}
vue/src/components/PostList.vue: {}
vue/src/components/PostForm.vue: {}
vue/src/components/PostForm.vue: {}
vue/src/components/PostForm.vue: Using EditorConfig core...
vue/src/components/UI/MyButton.vue: Using EditorConfig core...
vue/src/components/UI/MyButton.vue: {}
vue/src/components/UI/MyButton.vue: {}
vue/src/components/PostForm.vue: {}
vue/src/components/PostItem.vue: {}
vue/src/components/PostItem.vue: {}
vue/src/components/PostItem.vue: Using EditorConfig core...
vue/src/components/PostItem.vue: Using EditorConfig core...
vue/src/components/PostItem.vue: {}
vue/src/components/PostItem.vue: Using EditorConfig core...
vue/src/components/PostForm.vue: {}
vue/src/components/PostForm.vue: {}
vue/src/components/PostItem.vue: {}
vue/src/components/UI/MyButton.vue: {}
vue/src/components/UI/MyButton.vue: {}
vue/src/components/PostForm.vue: {}
vue/src/components/PostForm.vue: {}
vue/src/components/UI/MyButton.vue: {}
vue/src/components/UI/MyButton.vue: Using EditorConfig core...
vue/src/components/PostForm.vue: Using EditorConfig core...
vue/src/components/UI/MyButton.vue: {}
vue/src/components/UI/MyButton.vue: Using EditorConfig core...
vue/src/components/PostForm.vue: {}
vue/src/components/PostForm.vue: {}
vue/src/components/PostForm.vue: Using EditorConfig core...
vue/src/components/PostForm.vue: {}
vue/src/components/UI/index.js: {}
vue/src/components/UI/index.js: {}
vue/src/components/UI/index.js: {}
vue/src/components/UI/MyButton.vue: {}
vue/src/components/UI/MyButton.vue: {}
vue/src/components/UI/MyButton.vue: Using EditorConfig core...
vue/src/components/UI/index.js: Using EditorConfig core...
vue/src/components/UI/MyButton.vue: {}
vue/src/components/PostForm.vue: {}
vue/src/components/PostForm.vue: Using EditorConfig core...
vue/src/components/PostForm.vue: {}
vue/src/main.js: {}
vue/src/main.js: {}
vue/src/main.js: {}
vue/src/main.js: Using EditorConfig core...
vue/src/main.js: {}
vue/src/main.js: {}
vue/src/main.js: {}
vue/src/main.js: Using EditorConfig core...
vue/src/main.js: Using EditorConfig core...
vue/src/components/PostItem.vue: {}
vue/src/components/PostItem.vue: {}
vue/src/components/PostItem.vue: {}
vue/src/components/PostItem.vue: Using EditorConfig core...
vue/src/components/PostItem.vue: {}
vue/src/components/UI/MyInput.vue: {}
vue/src/components/UI/MyInput.vue: {}
vue/src/components/UI/MyInput.vue: {}
vue/src/components/UI/MyInput.vue: Using EditorConfig core...
vue/src/components/PostForm.vue: {}
vue/src/components/PostForm.vue: {}
vue/src/components/UI/MyInput.vue: {}
vue/src/components/UI/MyInput.vue: Using EditorConfig core...
vue/src/components/PostForm.vue: Using EditorConfig core...
vue/src/components/UI/MyInput.vue: {}
vue/src/components/UI/MyInput.vue: {}
vue/src/components/UI/MyInput.vue: Using EditorConfig core...
vue/src/components/UI/MyInput.vue: {}
vue/src/components/UI/index.js: {}
vue/src/components/UI/index.js: Using EditorConfig core...
vue/src/components/UI/MyInput.vue: {}
vue/src/components/PostForm.vue: {}
vue/src/components/PostForm.vue: {}
vue/src/components/PostForm.vue: Using EditorConfig core...
vue/src/components/PostForm.vue: {}
vue/src/components/PostForm.vue: {}
vue/src/components/PostForm.vue: Using EditorConfig core...
vue/src/components/UI/MyInput.vue: {}
vue/src/components/UI/index.js: {}
vue/src/components/PostList.vue: {}
vue/src/components/UI/index.js: {}
/home/bismarckx/.config/Code/User/profiles/-384ba5b7/settings.json: {}
vue/src/components/UI/index.js: {}
vue/src/components/UI/index.js: {}
vue/src/components/PostForm.vue: {}
vue/src/components/PostForm.vue: {}
vue/src/components/PostForm.vue: Using EditorConfig core...
vue/src/components/PostForm.vue: {}
vue/src/components/PostForm.vue: Using EditorConfig core...
vue/src/components/PostForm.vue: {}
vue/src/components/PostForm.vue: Using EditorConfig core...
vue/src/components/PostForm.vue: {}
vue/src/components/UI/MyInput.vue: {}
vue/src/components/UI/MyInput.vue: {}
vue/src/components/UI/MyInput.vue: Using EditorConfig core...
vue/src/components/UI/MyInput.vue: {}
vue/src/components/UI/MyInput.vue: Using EditorConfig core...
vue/src/components/UI/MyInput.vue: {}
vue/src/components/UI/MyInput.vue: {}
vue/src/components/UI/MyInput.vue: Using EditorConfig core...
vue/src/components/PostForm.vue: {}
vue/src/components/PostForm.vue: {}
vue/src/components/UI/MyInput.vue: {}
vue/src/components/UI/MyInput.vue: {}
vue/src/components/UI/MyInput.vue: {}
vue/src/components/UI/MyInput.vue: Using EditorConfig core...
vue/src/components/PostForm.vue: Using EditorConfig core...
vue/src/components/PostForm.vue: {}
vue/src/components/PostForm.vue: {}
vue/src/components/PostForm.vue: {}
vue/src/components/PostForm.vue: {}
vue/src/components/PostForm.vue: Using EditorConfig core...
vue/src/components/PostForm.vue: {}
vue/src/components/UI/MyInput.vue: {}
vue/src/components/UI/MyInput.vue: {}
vue/src/components/UI/MyInput.vue: Using EditorConfig core...
vue/src/components/PostItem.vue: {}
vue/src/components/PostItem.vue: {}
vue/src/components/PostItem.vue: {}
vue/src/components/PostItem.vue: {}
vue/src/components/PostItem.vue: Using EditorConfig core...
vue/src/components/PostItem.vue: {}
vue/src/components/PostItem.vue: {}
vue/src/components/PostItem.vue: {}
vue/src/components/PostList.vue: {}
vue/src/components/PostList.vue: {}
vue/src/components/PostList.vue: Using EditorConfig core...
vue/src/components/PostList.vue: {}
vue/src/components/PostList.vue: {}
vue/src/components/PostList.vue: Using EditorConfig core...
vue/src/components/PostList.vue: {}
vue/src/components/PostItem.vue: {}
vue/src/components/PostItem.vue: {}
vue/src/components/PostList.vue: Using EditorConfig core...
vue/src/components/PostItem.vue: Using EditorConfig core...
vue/src/components/UI/MyInput.vue: {}
vue/src/components/PostItem.vue: {}
vue/src/App.vue: {}
vue/src/App.vue: {}
vue/src/App.vue: {}
vue/src/App.vue: Using EditorConfig core...
vue/src/App.vue: {}
vue/src/App.vue: Using EditorConfig core...
vue/src/App.vue: {}
