2024-06-29 16:47:21.302 [info] Extension host with pid 732176 started
2024-06-29 16:47:21.302 [info] Skipping acquiring lock for /home/bismarckx/.config/Code/User/workspaceStorage/7bfbe6799dbe3b60d2728286349712ed.
2024-06-29 16:47:21.388 [info] ExtensionService#_doActivateExtension Vue.volar, startup: false, activationEvent: 'onLanguage:plaintext'
2024-06-29 16:47:21.411 [info] ExtensionService#_doActivateExtension vscode.emmet, startup: false, activationEvent: 'onLanguage'
2024-06-29 16:47:21.416 [info] ExtensionService#_doActivateExtension wix.vscode-import-cost, startup: false, activationEvent: 'onLanguage:vue'
2024-06-29 16:47:22.026 [info] ExtensionService#_doActivateExtension vscode.typescript-language-features, startup: false, activationEvent: 'api', root cause: Vue.volar
2024-06-29 16:47:22.203 [info] ExtensionService#_doActivateExtension vscode.git-base, startup: true, activationEvent: '*', root cause: vscode.git
2024-06-29 16:47:22.205 [info] ExtensionService#_doActivateExtension christian-kohler.path-intellisense, startup: true, activationEvent: '*'
2024-06-29 16:47:22.221 [info] ExtensionService#_doActivateExtension EditorConfig.EditorConfig, startup: true, activationEvent: '*'
2024-06-29 16:47:22.236 [info] ExtensionService#_doActivateExtension formulahendry.auto-rename-tag, startup: true, activationEvent: '*'
2024-06-29 16:47:22.246 [info] ExtensionService#_doActivateExtension isudox.vscode-jetbrains-keybindings, startup: true, activationEvent: '*'
2024-06-29 16:47:22.248 [info] ExtensionService#_doActivateExtension vincaslt.highlight-matching-tag, startup: true, activationEvent: '*'
2024-06-29 16:47:22.265 [info] ExtensionService#_doActivateExtension vscode.npm, startup: true, activationEvent: 'workspaceContains:package.json'
2024-06-29 16:47:22.306 [info] ExtensionService#_doActivateExtension vscode.git, startup: true, activationEvent: '*'
2024-06-29 16:47:22.331 [info] ExtensionService#_doActivateExtension vscode.github, startup: true, activationEvent: '*'
2024-06-29 16:47:22.449 [info] Eager extensions activated
2024-06-29 16:47:22.520 [info] ExtensionService#_doActivateExtension vscode.debug-auto-launch, startup: false, activationEvent: 'onStartupFinished'
2024-06-29 16:47:22.522 [info] ExtensionService#_doActivateExtension vscode.merge-conflict, startup: false, activationEvent: 'onStartupFinished'
2024-06-29 16:47:22.530 [info] ExtensionService#_doActivateExtension bierner.color-info, startup: false, activationEvent: 'onStartupFinished'
2024-06-29 16:47:22.534 [info] ExtensionService#_doActivateExtension dbaeumer.vscode-eslint, startup: false, activationEvent: 'onStartupFinished'
2024-06-29 16:47:22.549 [info] ExtensionService#_doActivateExtension eamodio.gitlens, startup: false, activationEvent: 'onStartupFinished'
2024-06-29 16:47:22.605 [info] ExtensionService#_doActivateExtension esbenp.prettier-vscode, startup: false, activationEvent: 'onStartupFinished'
2024-06-29 16:47:22.650 [info] ExtensionService#_doActivateExtension streetsidesoftware.code-spell-checker, startup: false, activationEvent: 'onStartupFinished'
2024-06-29 16:47:22.983 [info] ExtensionService#_doActivateExtension vscode.github-authentication, startup: false, activationEvent: 'onAuthenticationRequest:github'
2024-06-29 16:47:23.326 [info] ExtensionService#_doActivateExtension streetsidesoftware.code-spell-checker-russian, startup: false, activationEvent: 'onStartupFinished'
2024-06-29 16:47:23.470 [warning] TextEditor is closed/disposed
2024-06-29 16:47:23.761 [info] ExtensionService#_doActivateExtension vscode.json-language-features, startup: false, activationEvent: 'onLanguage:jsonc'
2024-06-29 16:47:27.652 [warning] TextEditor is closed/disposed
2024-06-29 17:08:02.202 [warning] TextEditor is closed/disposed
2024-06-29 17:34:28.764 [warning] TextEditor is closed/disposed
2024-06-29 17:41:17.289 [warning] TextEditor is closed/disposed
2024-06-29 17:54:20.758 [warning] TextEditor is closed/disposed
2024-06-29 17:54:26.411 [warning] TextEditor is closed/disposed
2024-06-29 17:54:29.380 [warning] TextEditor is closed/disposed
2024-06-30 01:26:30.011 [info] Extension host terminating: renderer closed the MessagePort
2024-06-30 01:26:30.070 [warning] Canceled
2024-06-30 01:26:30.071 [error] Canceled: Canceled
    at new A (/opt/visual-studio-code/resources/app/out/vs/workbench/api/node/extensionHostProcess.js:143:50615)
    at E.U (/opt/visual-studio-code/resources/app/out/vs/workbench/api/node/extensionHostProcess.js:150:6007)
    at Proxy.z.<computed>.M.charCodeAt.R.CharCode.DollarSign.z.<computed> (/opt/visual-studio-code/resources/app/out/vs/workbench/api/node/extensionHostProcess.js:150:3091)
    at h.g (/opt/visual-studio-code/resources/app/out/vs/workbench/api/node/extensionHostProcess.js:153:199937)
    at h.executeCommand (/opt/visual-studio-code/resources/app/out/vs/workbench/api/node/extensionHostProcess.js:153:199375)
    at I.registerCommand.description (/opt/visual-studio-code/resources/app/out/vs/workbench/api/node/extensionHostProcess.js:153:198699)
    at h (/opt/visual-studio-code/resources/app/out/vs/workbench/api/node/extensionHostProcess.js:153:200476)
    at h.g (/opt/visual-studio-code/resources/app/out/vs/workbench/api/node/extensionHostProcess.js:153:199468)
    at h.executeCommand (/opt/visual-studio-code/resources/app/out/vs/workbench/api/node/extensionHostProcess.js:153:199375)
    at Object.executeCommand (/opt/visual-studio-code/resources/app/out/vs/workbench/api/node/extensionHostProcess.js:163:22742)
    at n.O [as value] (/opt/visual-studio-code/resources/app/extensions/git/dist/main.js:2:945191)
    at l.y (/opt/visual-studio-code/resources/app/out/vs/workbench/api/node/extensionHostProcess.js:82:664)
    at l.z (/opt/visual-studio-code/resources/app/out/vs/workbench/api/node/extensionHostProcess.js:82:734)
    at l.fire (/opt/visual-studio-code/resources/app/out/vs/workbench/api/node/extensionHostProcess.js:82:950)
    at Object.p [as dispose] (/opt/visual-studio-code/resources/app/extensions/git/dist/main.js:2:964275)
    at /opt/visual-studio-code/resources/app/extensions/git/dist/main.js:2:970313
    at Array.forEach (<anonymous>)
    at f.dispose (/opt/visual-studio-code/resources/app/extensions/git/dist/main.js:2:970299)
    at a.<anonymous> (/opt/visual-studio-code/resources/app/out/vs/workbench/api/node/extensionHostProcess.js:151:4032)
    at a.dispose (/opt/visual-studio-code/resources/app/out/vs/workbench/api/node/extensionHostProcess.js:151:4129)
    at a.<anonymous> (/opt/visual-studio-code/resources/app/extensions/git/dist/main.js:2:947448)
    at a.dispose (/opt/visual-studio-code/resources/app/out/vs/workbench/api/node/extensionHostProcess.js:151:4129)
    at f (/opt/visual-studio-code/resources/app/out/vs/workbench/api/node/extensionHostProcess.js:30:744)
    at u.eb (/opt/visual-studio-code/resources/app/out/vs/workbench/api/node/extensionHostProcess.js:159:9991)
    at /opt/visual-studio-code/resources/app/out/vs/workbench/api/node/extensionHostProcess.js:159:7867
    at Array.map (<anonymous>)
    at u.$ (/opt/visual-studio-code/resources/app/out/vs/workbench/api/node/extensionHostProcess.js:159:7854)
    at u.terminate (/opt/visual-studio-code/resources/app/out/vs/workbench/api/node/extensionHostProcess.js:159:8127)
    at f.terminate (/opt/visual-studio-code/resources/app/out/vs/workbench/api/node/extensionHostProcess.js:163:1513)
    at t (/opt/visual-studio-code/resources/app/out/vs/workbench/api/node/extensionHostProcess.js:176:10459)
    at MessagePortMain.<anonymous> (/opt/visual-studio-code/resources/app/out/vs/workbench/api/node/extensionHostProcess.js:176:6675)
    at MessagePortMain.emit (node:events:514:28)
    at Object.MessagePortMain._internalPort.emit (node:electron/js2c/utility_init:2:2285) setContext undefined
2024-06-30 01:26:30.076 [error] Canceled: Canceled
    at new A (/opt/visual-studio-code/resources/app/out/vs/workbench/api/node/extensionHostProcess.js:143:50615)
    at E.U (/opt/visual-studio-code/resources/app/out/vs/workbench/api/node/extensionHostProcess.js:150:6007)
    at Proxy.z.<computed>.M.charCodeAt.R.CharCode.DollarSign.z.<computed> (/opt/visual-studio-code/resources/app/out/vs/workbench/api/node/extensionHostProcess.js:150:3091)
    at h.g (/opt/visual-studio-code/resources/app/out/vs/workbench/api/node/extensionHostProcess.js:153:199937)
    at h.executeCommand (/opt/visual-studio-code/resources/app/out/vs/workbench/api/node/extensionHostProcess.js:153:199375)
    at I.registerCommand.description (/opt/visual-studio-code/resources/app/out/vs/workbench/api/node/extensionHostProcess.js:153:198699)
    at h (/opt/visual-studio-code/resources/app/out/vs/workbench/api/node/extensionHostProcess.js:153:200476)
    at h.g (/opt/visual-studio-code/resources/app/out/vs/workbench/api/node/extensionHostProcess.js:153:199468)
    at h.executeCommand (/opt/visual-studio-code/resources/app/out/vs/workbench/api/node/extensionHostProcess.js:153:199375)
    at Object.executeCommand (/opt/visual-studio-code/resources/app/out/vs/workbench/api/node/extensionHostProcess.js:163:22742)
    at a.VscodeDevShareProvider.set hasGitHubRepositories [as hasGitHubRepositories] (/opt/visual-studio-code/resources/app/extensions/github/dist/extension.js:2:322969)
    at /opt/visual-studio-code/resources/app/extensions/github/dist/extension.js:2:323928
    at n.value (/opt/visual-studio-code/resources/app/extensions/git/dist/main.js:2:1050764)
    at l.y (/opt/visual-studio-code/resources/app/out/vs/workbench/api/node/extensionHostProcess.js:82:664)
    at l.z (/opt/visual-studio-code/resources/app/out/vs/workbench/api/node/extensionHostProcess.js:82:734)
    at l.fire (/opt/visual-studio-code/resources/app/out/vs/workbench/api/node/extensionHostProcess.js:82:950)
    at Object.p [as dispose] (/opt/visual-studio-code/resources/app/extensions/git/dist/main.js:2:964275)
    at /opt/visual-studio-code/resources/app/extensions/git/dist/main.js:2:970313
    at Array.forEach (<anonymous>)
    at f.dispose (/opt/visual-studio-code/resources/app/extensions/git/dist/main.js:2:970299)
    at a.<anonymous> (/opt/visual-studio-code/resources/app/out/vs/workbench/api/node/extensionHostProcess.js:151:4032)
    at a.dispose (/opt/visual-studio-code/resources/app/out/vs/workbench/api/node/extensionHostProcess.js:151:4129)
    at a.<anonymous> (/opt/visual-studio-code/resources/app/extensions/git/dist/main.js:2:947448)
    at a.dispose (/opt/visual-studio-code/resources/app/out/vs/workbench/api/node/extensionHostProcess.js:151:4129)
    at f (/opt/visual-studio-code/resources/app/out/vs/workbench/api/node/extensionHostProcess.js:30:744)
    at u.eb (/opt/visual-studio-code/resources/app/out/vs/workbench/api/node/extensionHostProcess.js:159:9991)
    at /opt/visual-studio-code/resources/app/out/vs/workbench/api/node/extensionHostProcess.js:159:7867
    at Array.map (<anonymous>)
    at u.$ (/opt/visual-studio-code/resources/app/out/vs/workbench/api/node/extensionHostProcess.js:159:7854)
    at u.terminate (/opt/visual-studio-code/resources/app/out/vs/workbench/api/node/extensionHostProcess.js:159:8127)
    at f.terminate (/opt/visual-studio-code/resources/app/out/vs/workbench/api/node/extensionHostProcess.js:163:1513)
    at t (/opt/visual-studio-code/resources/app/out/vs/workbench/api/node/extensionHostProcess.js:176:10459)
    at MessagePortMain.<anonymous> (/opt/visual-studio-code/resources/app/out/vs/workbench/api/node/extensionHostProcess.js:176:6675)
    at MessagePortMain.emit (node:events:514:28)
    at Object.MessagePortMain._internalPort.emit (node:electron/js2c/utility_init:2:2285) setContext undefined
2024-06-30 01:26:30.076 [error] Canceled: Canceled
    at new A (/opt/visual-studio-code/resources/app/out/vs/workbench/api/node/extensionHostProcess.js:143:50615)
    at E.U (/opt/visual-studio-code/resources/app/out/vs/workbench/api/node/extensionHostProcess.js:150:6007)
    at Proxy.z.<computed>.M.charCodeAt.R.CharCode.DollarSign.z.<computed> (/opt/visual-studio-code/resources/app/out/vs/workbench/api/node/extensionHostProcess.js:150:3091)
    at h.g (/opt/visual-studio-code/resources/app/out/vs/workbench/api/node/extensionHostProcess.js:153:199937)
    at h.executeCommand (/opt/visual-studio-code/resources/app/out/vs/workbench/api/node/extensionHostProcess.js:153:199375)
    at I.registerCommand.description (/opt/visual-studio-code/resources/app/out/vs/workbench/api/node/extensionHostProcess.js:153:198699)
    at h (/opt/visual-studio-code/resources/app/out/vs/workbench/api/node/extensionHostProcess.js:153:200476)
    at h.g (/opt/visual-studio-code/resources/app/out/vs/workbench/api/node/extensionHostProcess.js:153:199468)
    at h.executeCommand (/opt/visual-studio-code/resources/app/out/vs/workbench/api/node/extensionHostProcess.js:153:199375)
    at Object.executeCommand (/opt/visual-studio-code/resources/app/out/vs/workbench/api/node/extensionHostProcess.js:163:22742)
    at w (/home/bismarckx/.vscode/extensions/eamodio.gitlens-15.1.0/dist/gitlens.js:1453:39714)
    at c (/home/bismarckx/.vscode/extensions/eamodio.gitlens-15.1.0/dist/gitlens.js:1453:44753)
    at ActionRunners._updateContextKeys (/home/bismarckx/.vscode/extensions/eamodio.gitlens-15.1.0/dist/gitlens.js:1099:18425)
    at s (/home/bismarckx/.vscode/extensions/eamodio.gitlens-15.1.0/dist/gitlens.js:1099:16869)
    at RegisteredActionRunner.unregister (/home/bismarckx/.vscode/extensions/eamodio.gitlens-15.1.0/dist/gitlens.js:1099:17012)
    at RegisteredActionRunner.dispose (/home/bismarckx/.vscode/extensions/eamodio.gitlens-15.1.0/dist/gitlens.js:1099:15665)
    at ActionRunners.dispose (/home/bismarckx/.vscode/extensions/eamodio.gitlens-15.1.0/dist/gitlens.js:1099:16452)
    at /home/bismarckx/.vscode/extensions/eamodio.gitlens-15.1.0/dist/gitlens.js:1412:20105
    at Array.forEach (<anonymous>)
    at Object.dispose (/home/bismarckx/.vscode/extensions/eamodio.gitlens-15.1.0/dist/gitlens.js:1412:20087)
    at f (/opt/visual-studio-code/resources/app/out/vs/workbench/api/node/extensionHostProcess.js:30:744)
    at u.eb (/opt/visual-studio-code/resources/app/out/vs/workbench/api/node/extensionHostProcess.js:159:9991)
    at /opt/visual-studio-code/resources/app/out/vs/workbench/api/node/extensionHostProcess.js:159:7867
    at Array.map (<anonymous>)
    at u.$ (/opt/visual-studio-code/resources/app/out/vs/workbench/api/node/extensionHostProcess.js:159:7854)
    at u.terminate (/opt/visual-studio-code/resources/app/out/vs/workbench/api/node/extensionHostProcess.js:159:8127)
    at f.terminate (/opt/visual-studio-code/resources/app/out/vs/workbench/api/node/extensionHostProcess.js:163:1513)
    at t (/opt/visual-studio-code/resources/app/out/vs/workbench/api/node/extensionHostProcess.js:176:10459)
    at MessagePortMain.<anonymous> (/opt/visual-studio-code/resources/app/out/vs/workbench/api/node/extensionHostProcess.js:176:6675)
    at MessagePortMain.emit (node:events:514:28)
    at Object.MessagePortMain._internalPort.emit (node:electron/js2c/utility_init:2:2285) setContext undefined
2024-06-30 01:26:30.076 [error] Canceled: Canceled
    at new A (/opt/visual-studio-code/resources/app/out/vs/workbench/api/node/extensionHostProcess.js:143:50615)
    at E.U (/opt/visual-studio-code/resources/app/out/vs/workbench/api/node/extensionHostProcess.js:150:6007)
    at Proxy.z.<computed>.M.charCodeAt.R.CharCode.DollarSign.z.<computed> (/opt/visual-studio-code/resources/app/out/vs/workbench/api/node/extensionHostProcess.js:150:3091)
    at h.g (/opt/visual-studio-code/resources/app/out/vs/workbench/api/node/extensionHostProcess.js:153:199937)
    at h.executeCommand (/opt/visual-studio-code/resources/app/out/vs/workbench/api/node/extensionHostProcess.js:153:199375)
    at I.registerCommand.description (/opt/visual-studio-code/resources/app/out/vs/workbench/api/node/extensionHostProcess.js:153:198699)
    at h (/opt/visual-studio-code/resources/app/out/vs/workbench/api/node/extensionHostProcess.js:153:200476)
    at h.g (/opt/visual-studio-code/resources/app/out/vs/workbench/api/node/extensionHostProcess.js:153:199468)
    at h.executeCommand (/opt/visual-studio-code/resources/app/out/vs/workbench/api/node/extensionHostProcess.js:153:199375)
    at Object.executeCommand (/opt/visual-studio-code/resources/app/out/vs/workbench/api/node/extensionHostProcess.js:163:22742)
    at w (/home/bismarckx/.vscode/extensions/eamodio.gitlens-15.1.0/dist/gitlens.js:1453:39714)
    at c (/home/bismarckx/.vscode/extensions/eamodio.gitlens-15.1.0/dist/gitlens.js:1453:44753)
    at ActionRunners._updateContextKeys (/home/bismarckx/.vscode/extensions/eamodio.gitlens-15.1.0/dist/gitlens.js:1099:18425)
    at s (/home/bismarckx/.vscode/extensions/eamodio.gitlens-15.1.0/dist/gitlens.js:1099:16869)
    at RegisteredActionRunner.unregister (/home/bismarckx/.vscode/extensions/eamodio.gitlens-15.1.0/dist/gitlens.js:1099:17012)
    at RegisteredActionRunner.dispose (/home/bismarckx/.vscode/extensions/eamodio.gitlens-15.1.0/dist/gitlens.js:1099:15665)
    at ActionRunners.dispose (/home/bismarckx/.vscode/extensions/eamodio.gitlens-15.1.0/dist/gitlens.js:1099:16452)
    at /home/bismarckx/.vscode/extensions/eamodio.gitlens-15.1.0/dist/gitlens.js:1412:20105
    at Array.forEach (<anonymous>)
    at Object.dispose (/home/bismarckx/.vscode/extensions/eamodio.gitlens-15.1.0/dist/gitlens.js:1412:20087)
    at f (/opt/visual-studio-code/resources/app/out/vs/workbench/api/node/extensionHostProcess.js:30:744)
    at u.eb (/opt/visual-studio-code/resources/app/out/vs/workbench/api/node/extensionHostProcess.js:159:9991)
    at /opt/visual-studio-code/resources/app/out/vs/workbench/api/node/extensionHostProcess.js:159:7867
    at Array.map (<anonymous>)
    at u.$ (/opt/visual-studio-code/resources/app/out/vs/workbench/api/node/extensionHostProcess.js:159:7854)
    at u.terminate (/opt/visual-studio-code/resources/app/out/vs/workbench/api/node/extensionHostProcess.js:159:8127)
    at f.terminate (/opt/visual-studio-code/resources/app/out/vs/workbench/api/node/extensionHostProcess.js:163:1513)
    at t (/opt/visual-studio-code/resources/app/out/vs/workbench/api/node/extensionHostProcess.js:176:10459)
    at MessagePortMain.<anonymous> (/opt/visual-studio-code/resources/app/out/vs/workbench/api/node/extensionHostProcess.js:176:6675)
    at MessagePortMain.emit (node:events:514:28)
    at Object.MessagePortMain._internalPort.emit (node:electron/js2c/utility_init:2:2285) setContext undefined
2024-06-30 01:26:30.076 [error] Canceled: Canceled
    at new A (/opt/visual-studio-code/resources/app/out/vs/workbench/api/node/extensionHostProcess.js:143:50615)
    at E.U (/opt/visual-studio-code/resources/app/out/vs/workbench/api/node/extensionHostProcess.js:150:6007)
    at Proxy.z.<computed>.M.charCodeAt.R.CharCode.DollarSign.z.<computed> (/opt/visual-studio-code/resources/app/out/vs/workbench/api/node/extensionHostProcess.js:150:3091)
    at h.g (/opt/visual-studio-code/resources/app/out/vs/workbench/api/node/extensionHostProcess.js:153:199937)
    at h.executeCommand (/opt/visual-studio-code/resources/app/out/vs/workbench/api/node/extensionHostProcess.js:153:199375)
    at I.registerCommand.description (/opt/visual-studio-code/resources/app/out/vs/workbench/api/node/extensionHostProcess.js:153:198699)
    at h (/opt/visual-studio-code/resources/app/out/vs/workbench/api/node/extensionHostProcess.js:153:200476)
    at h.g (/opt/visual-studio-code/resources/app/out/vs/workbench/api/node/extensionHostProcess.js:153:199468)
    at h.executeCommand (/opt/visual-studio-code/resources/app/out/vs/workbench/api/node/extensionHostProcess.js:153:199375)
    at Object.executeCommand (/opt/visual-studio-code/resources/app/out/vs/workbench/api/node/extensionHostProcess.js:163:22742)
    at w (/home/bismarckx/.vscode/extensions/eamodio.gitlens-15.1.0/dist/gitlens.js:1453:39714)
    at c (/home/bismarckx/.vscode/extensions/eamodio.gitlens-15.1.0/dist/gitlens.js:1453:44753)
    at ActionRunners._updateContextKeys (/home/bismarckx/.vscode/extensions/eamodio.gitlens-15.1.0/dist/gitlens.js:1099:18425)
    at s (/home/bismarckx/.vscode/extensions/eamodio.gitlens-15.1.0/dist/gitlens.js:1099:16869)
    at RegisteredActionRunner.unregister (/home/bismarckx/.vscode/extensions/eamodio.gitlens-15.1.0/dist/gitlens.js:1099:17012)
    at RegisteredActionRunner.dispose (/home/bismarckx/.vscode/extensions/eamodio.gitlens-15.1.0/dist/gitlens.js:1099:15665)
    at ActionRunners.dispose (/home/bismarckx/.vscode/extensions/eamodio.gitlens-15.1.0/dist/gitlens.js:1099:16452)
    at /home/bismarckx/.vscode/extensions/eamodio.gitlens-15.1.0/dist/gitlens.js:1412:20105
    at Array.forEach (<anonymous>)
    at Object.dispose (/home/bismarckx/.vscode/extensions/eamodio.gitlens-15.1.0/dist/gitlens.js:1412:20087)
    at f (/opt/visual-studio-code/resources/app/out/vs/workbench/api/node/extensionHostProcess.js:30:744)
    at u.eb (/opt/visual-studio-code/resources/app/out/vs/workbench/api/node/extensionHostProcess.js:159:9991)
    at /opt/visual-studio-code/resources/app/out/vs/workbench/api/node/extensionHostProcess.js:159:7867
    at Array.map (<anonymous>)
    at u.$ (/opt/visual-studio-code/resources/app/out/vs/workbench/api/node/extensionHostProcess.js:159:7854)
    at u.terminate (/opt/visual-studio-code/resources/app/out/vs/workbench/api/node/extensionHostProcess.js:159:8127)
    at f.terminate (/opt/visual-studio-code/resources/app/out/vs/workbench/api/node/extensionHostProcess.js:163:1513)
    at t (/opt/visual-studio-code/resources/app/out/vs/workbench/api/node/extensionHostProcess.js:176:10459)
    at MessagePortMain.<anonymous> (/opt/visual-studio-code/resources/app/out/vs/workbench/api/node/extensionHostProcess.js:176:6675)
    at MessagePortMain.emit (node:events:514:28)
    at Object.MessagePortMain._internalPort.emit (node:electron/js2c/utility_init:2:2285) setContext undefined
2024-06-30 01:26:30.079 [info] Extension host with pid 732176 exiting with code 0
