2024-06-29 16:47:22.889 [info] Log level: Info
2024-06-29 16:47:22.889 [info] Validating found git in: "git"
2024-06-29 16:47:22.889 [info] Using git "2.45.2" from "git"
2024-06-29 16:47:22.889 [info] > git rev-parse --show-toplevel [28ms]
2024-06-29 16:47:22.889 [info] > git rev-parse --git-dir --git-common-dir [4ms]
2024-06-29 16:47:22.889 [info] Open repository: /home/bismarckx/Projects/vue
2024-06-29 16:47:22.889 [info] > git rev-parse --show-toplevel [9ms]
2024-06-29 16:47:22.889 [info] > git config --get commit.template [17ms]
2024-06-29 16:47:22.949 [info] > git rev-parse --show-toplevel [217ms]
2024-06-29 16:47:22.976 [info] > git for-each-ref --format=%(refname)%00%(upstream:short)%00%(objectname)%00%(upstream:track)%00%(upstream:remotename)%00%(upstream:remoteref) refs/heads/master refs/remotes/master [79ms]
2024-06-29 16:47:23.003 [info] > git rev-parse --show-toplevel [29ms]
2024-06-29 16:47:23.062 [info] > git rev-parse --show-toplevel [20ms]
2024-06-29 16:47:23.101 [info] > git show --textconv :src/components/PostItem.vue [29ms]
2024-06-29 16:47:23.101 [info] > git status -z -uall [10ms]
2024-06-29 16:47:23.102 [info] > git ls-files --stage -- /home/bismarckx/Projects/vue/src/components/PostItem.vue [21ms]
2024-06-29 16:47:23.113 [info] > git cat-file -s 7af7f18d0e3226c59e12390da840b34c6352a781 [4ms]
2024-06-29 16:47:23.131 [info] > git merge-base refs/heads/master refs/remotes/origin/master [10ms]
2024-06-29 16:47:23.143 [info] > git rev-list --count --left-right refs/heads/master...refs/remotes/origin/master [6ms]
2024-06-29 16:47:23.149 [info] > git config --get commit.template [19ms]
2024-06-29 16:47:23.164 [info] > git diff --name-status -z --diff-filter=ADMR fcfbabe86e96cbb0bc7240c438aca89b0f3278a6...refs/remotes/origin/master [15ms]
2024-06-29 16:47:23.198 [info] > git for-each-ref --format=%(refname)%00%(upstream:short)%00%(objectname)%00%(upstream:track)%00%(upstream:remotename)%00%(upstream:remoteref) refs/heads/master refs/remotes/master [24ms]
2024-06-29 16:47:23.259 [info] > git check-ignore -v -z --stdin [9ms]
2024-06-29 16:47:23.297 [info] > git status -z -uall [2ms]
2024-06-29 16:47:23.697 [info] > git show --textconv :src/App.vue [9ms]
2024-06-29 16:47:23.698 [info] > git ls-files --stage -- /home/bismarckx/Projects/vue/src/App.vue [2ms]
2024-06-29 16:47:23.706 [info] > git cat-file -s 997bdebc4e2db0a5169eb685e08407680bc0e398 [2ms]
2024-06-29 16:47:27.903 [info] > git show --textconv :src/components/Navbar.vue [8ms]
2024-06-29 16:47:27.904 [info] > git ls-files --stage -- /home/bismarckx/Projects/vue/src/components/Navbar.vue [2ms]
2024-06-29 16:47:27.912 [info] > git cat-file -s a760cd7ea8901c32166f63126d447e879b68b058 [2ms]
2024-06-29 17:08:02.521 [info] > git show --textconv :src/components/UI/MyButton.vue [11ms]
2024-06-29 17:08:02.531 [info] > git ls-files --stage -- /home/bismarckx/Projects/vue/src/components/UI/MyButton.vue [11ms]
2024-06-29 17:08:02.566 [info] > git cat-file -s 3a6a106e39e39bf02a5e6776516b4b6d94dcd7ac [29ms]
2024-06-29 17:34:29.047 [info] > git show --textconv :src/components/Navbar.vue [7ms]
2024-06-29 17:34:29.050 [info] > git ls-files --stage -- /home/bismarckx/Projects/vue/src/components/Navbar.vue [4ms]
2024-06-29 17:34:29.059 [info] > git cat-file -s a760cd7ea8901c32166f63126d447e879b68b058 [2ms]
2024-06-29 17:41:17.659 [info] > git show --textconv :src/components/UI/MyInput.vue [30ms]
2024-06-29 17:41:17.662 [info] > git ls-files --stage -- /home/bismarckx/Projects/vue/src/components/UI/MyInput.vue [5ms]
2024-06-29 17:41:17.673 [info] > git cat-file -s b3239e5a7e06ca30e6c21c9e527744c81f9f0053 [3ms]
2024-06-29 17:54:21.081 [info] > git show --textconv :src/components/Navbar.vue [11ms]
2024-06-29 17:54:21.083 [info] > git ls-files --stage -- /home/bismarckx/Projects/vue/src/components/Navbar.vue [3ms]
2024-06-29 17:54:21.093 [info] > git cat-file -s a760cd7ea8901c32166f63126d447e879b68b058 [2ms]
2024-06-29 17:54:26.723 [info] > git show --textconv :src/App.vue [20ms]
2024-06-29 17:54:26.724 [info] > git ls-files --stage -- /home/bismarckx/Projects/vue/src/App.vue [5ms]
2024-06-29 17:54:26.738 [info] > git cat-file -s 997bdebc4e2db0a5169eb685e08407680bc0e398 [2ms]
2024-06-29 17:54:29.633 [info] > git show --textconv :src/components/Navbar.vue [9ms]
2024-06-29 17:54:29.634 [info] > git ls-files --stage -- /home/bismarckx/Projects/vue/src/components/Navbar.vue [1ms]
2024-06-29 17:54:29.644 [info] > git cat-file -s a760cd7ea8901c32166f63126d447e879b68b058 [1ms]
2024-06-29 18:55:24.282 [info] > git merge-base refs/heads/master refs/remotes/origin/master [6ms]
2024-06-29 18:55:24.294 [info] > git rev-list --count --left-right refs/heads/master...refs/remotes/origin/master [2ms]
